{"meta": {"format": 3, "version": "7.13.3", "timestamp": "2026-02-04T18:44:25.604435", "branch_coverage": false, "show_contexts": false}, "files": {"src/api.py": {"executed_lines": [2, 4, 5, 6, 7, 8, 9, 11, 12, 13, 15, 16, 17, 24, 31, 32, 37, 46, 47, 49, 50, 51, 52, 53, 54, 55, 56, 57, 60, 61, 72, 73, 74, 76, 77, 78, 79, 80, 88, 89, 91, 92, 93, 94, 95, 96, 97, 98, 99, 100, 108, 109, 110, 111, 113, 114, 121, 130, 131, 143, 144, 146, 147, 148, 149, 150, 151, 153, 154, 155, 156, 157, 158, 159, 160, 161, 162, 163, 164, 165, 167, 168, 175, 176, 177, 178, 179, 181, 183, 184, 193], "summary": {"covered_lines": 91, "num_statements": 92, "percent_covered": 98.91304347826087, "percent_covered_display": "99", "missing_lines": 1, "excluded_lines": 0, "percent_statements_covered": 98.91304347826087, "percent_statements_covered_display": "99"}, "missing_lines": [180], "excluded_lines": [], "functions": {"health": {"executed_lines": [49, 50, 51, 52, 53, 54, 55, 56, 57], "summary": {"covered_lines": 9, "num_statements": 9, "percent_covered": 100.0, "percent_covered_display": "100", "missing_lines": 0, "excluded_lines": 0, "percent_statements_covered": 100.0, "percent_statements_covered_display": "100"}, "missing_lines": [], "excluded_lines": [], "start_line": 47}, "convert": {"executed_lines": [72, 73, 74, 76, 77, 78, 79, 80, 88, 89, 91, 92, 93, 94, 95, 96, 97, 98, 99, 100, 108, 109, 110, 111, 113, 114, 121], "summary": {"covered_lines": 27, "num_statements": 27, "percent_covered": 100.0, "percent_covered_display": "100", "missing_lines": 0, "excluded_lines": 0, "percent_statements_covered": 100.0, "percent_statements_covered_display": "100"}, "missing_lines": [], "excluded_lines": [], "start_line": 61}, "convert_zip": {"executed_lines": [143, 144, 146, 147, 148, 149, 150, 151, 153, 154, 155, 156, 157, 158, 159, 160, 161, 162, 163, 164, 165, 167, 168, 175, 176, 177, 178, 179, 181, 183, 184], "summary": {"covered_lines": 31, "num_statements": 32, "percent_covered": 96.875, "percent_covered_display": "97", "missing_lines": 1, "excluded_lines": 0, "percent_statements_covered": 96.875, "percent_statements_covered_display": "97"}, "missing_lines": [180], "excluded_lines": [], "start_line": 131}, "": {"executed_lines": [2, 4, 5, 6, 7, 8, 9, 11, 12, 13, 15, 16, 17, 24, 31, 32, 37, 46, 47, 60, 61, 130, 131, 193], "summary": {"covered_lines": 24, "num_statements": 24, "percent_covered": 100.0, "percent_covered_display": "100", "missing_lines": 0, "excluded_lines": 0, "percent_statements_covered": 100.0, "percent_statements_covered_display": "100"}, "missing_lines": [], "excluded_lines": [], "start_line": 1}}, "classes": {"": {"executed_lines": [2, 4, 5, 6, 7, 8, 9, 11, 12, 13, 15, 16, 17, 24, 31, 32, 37, 46, 47, 49, 50, 51, 52, 53, 54, 55, 56, 57, 60, 61, 72, 73, 74, 76, 77, 78, 79, 80, 88, 89, 91, 92, 93, 94, 95, 96, 97, 98, 99, 100, 108, 109, 110, 111, 113, 114, 121, 130, 131, 143, 144, 146, 147, 148, 149, 150, 151, 153, 154, 155, 156, 157, 158, 159, 160, 161, 162, 163, 164, 165, 167, 168, 175, 176, 177, 178, 179, 181, 183, 184, 193], "summary": {"covered_lines": 91, "num_statements": 92, "percent_covered": 98.91304347826087, "percent_covered_display": "99", "missing_lines": 1, "excluded_lines": 0, "percent_statements_covered": 98.91304347826087, "percent_statements_covered_display": "99"}, "missing_lines": [180], "excluded_lines": [], "start_line": 1}}}, "src/schemas/conversion.py": {"executed_lines": [2, 4, 7, 10, 21, 22, 25, 28, 31, 34, 53, 54, 55, 56, 57, 60, 64, 65, 68], "summary": {"covered_lines": 19, "num_statements": 19, "percent_covered": 100.0, "percent_covered_display": "100", "missing_lines": 0, "excluded_lines": 0, "percent_statements_covered": 100.0, "percent_statements_covered_display": "100"}, "missing_lines": [], "excluded_lines": [], "functions": {"": {"executed_lines": [2, 4, 7, 10, 21, 22, 25, 28, 31, 34, 53, 54, 55, 56, 57, 60, 64, 65, 68], "summary": {"covered_lines": 19, "num_statements": 19, "percent_covered": 100.0, "percent_covered_display": "100", "missing_lines": 0, "excluded_lines": 0, "percent_statements_covered": 100.0, "percent_statements_covered_display": "100"}, "missing_lines": [], "excluded_lines": [], "start_line": 1}}, "classes": {"ConversionResult": {"executed_lines": [], "summary": {"covered_lines": 0, "num_statements": 0, "percent_covered": 100.0, "percent_covered_display": "100", "missing_lines": 0, "excluded_lines": 0, "percent_statements_covered": 100.0, "percent_statements_covered_display": "100"}, "missing_lines": [], "excluded_lines": [], "start_line": 7}, "ConversionResponse": {"executed_lines": [], "summary": {"covered_lines": 0, "num_statements": 0, "percent_covered": 100.0, "percent_covered_display": "100", "missing_lines": 0, "excluded_lines": 0, "percent_statements_covered": 100.0, "percent_statements_covered_display": "100"}, "missing_lines": [], "excluded_lines": [], "start_line": 31}, "ErrorDetail": {"executed_lines": [], "summary": {"covered_lines": 0, "num_statements": 0, "percent_covered": 100.0, "percent_covered_display": "100", "missing_lines": 0, "excluded_lines": 0, "percent_statements_covered": 100.0, "percent_statements_covered_display": "100"}, "missing_lines": [], "excluded_lines": [], "start_line": 60}, "HealthResponse": {"executed_lines": [], "summary": {"covered_lines": 0, "num_statements": 0, "percent_covered": 100.0, "percent_covered_display": "100", "missing_lines": 0, "excluded_lines": 0, "percent_statements_covered": 100.0, "percent_statements_covered_display": "100"}, "missing_lines": [], "excluded_lines": [], "start_line": 68}, "": {"executed_lines": [2, 4, 7, 10, 21, 22, 25, 28, 31, 34, 53, 54, 55, 56, 57, 60, 64, 65, 68], "summary": {"covered_lines": 19, "num_statements": 19, "percent_covered": 100.0, "percent_covered_display": "100", "missing_lines": 0, "excluded_lines": 0, "percent_statements_covered": 100.0, "percent_statements_covered_display": "100"}, "missing_lines": [], "excluded_lines": [], "start_line": 1}}}, "src/schemas/iwxxm_validation.py": {"executed_lines": [13, 14, 17, 19, 20, 21, 22, 23, 24, 25, 26, 27, 28, 29, 30, 31, 32, 33, 34, 35, 36, 37, 38, 41, 43, 44, 45, 46, 47, 50, 52, 53, 54, 55, 56, 57, 58, 59, 60, 61, 62, 65, 67, 68, 69, 70, 71, 72, 76, 80, 84, 88, 93, 95, 98, 100, 103, 105, 108, 110, 113, 130, 131, 133, 134, 135, 137, 140, 153, 155, 156, 157, 159, 160, 161, 163], "summary": {"covered_lines": 76, "num_statements": 76, "percent_covered": 100.0, "percent_covered_display": "100", "missing_lines": 0, "excluded_lines": 0, "percent_statements_covered": 100.0, "percent_statements_covered_display": "100"}, "missing_lines": [], "excluded_lines": [], "functions": {"is_valid_meteorological_feature": {"executed_lines": [95], "summary": {"covered_lines": 1, "num_statements": 1, "percent_covered": 100.0, "percent_covered_display": "100", "missing_lines": 0, "excluded_lines": 0, "percent_statements_covered": 100.0, "percent_statements_covered_display": "100"}, "missing_lines": [], "excluded_lines": [], "start_line": 93}, "is_valid_volcanic_code": {"executed_lines": [100], "summary": {"covered_lines": 1, "num_statements": 1, "percent_covered": 100.0, "percent_covered_display": "100", "missing_lines": 0, "excluded_lines": 0, "percent_statements_covered": 100.0, "percent_statements_covered_display": "100"}, "missing_lines": [], "excluded_lines": [], "start_line": 98}, "is_valid_nil_reason": {"executed_lines": [105], "summary": {"covered_lines": 1, "num_statements": 1, "percent_covered": 100.0, "percent_covered_display": "100", "missing_lines": 0, "excluded_lines": 0, "percent_statements_covered": 100.0, "percent_statements_covered_display": "100"}, "missing_lines": [], "excluded_lines": [], "start_line": 103}, "is_supported_iwxxm_version": {"executed_lines": [110], "summary": {"covered_lines": 1, "num_statements": 1, "percent_covered": 100.0, "percent_covered_display": "100", "missing_lines": 0, "excluded_lines": 0, "percent_statements_covered": 100.0, "percent_statements_covered_display": "100"}, "missing_lines": [], "excluded_lines": [], "start_line": 108}, "extract_iwxxm_namespace_version": {"executed_lines": [130, 131, 133, 134, 135, 137], "summary": {"covered_lines": 6, "num_statements": 6, "percent_covered": 100.0, "percent_covered_display": "100", "missing_lines": 0, "excluded_lines": 0, "percent_statements_covered": 100.0, "percent_statements_covered_display": "100"}, "missing_lines": [], "excluded_lines": [], "start_line": 113}, "get_namespace_version": {"executed_lines": [153, 155, 156, 157, 159, 160, 161, 163], "summary": {"covered_lines": 8, "num_statements": 8, "percent_covered": 100.0, "percent_covered_display": "100", "missing_lines": 0, "excluded_lines": 0, "percent_statements_covered": 100.0, "percent_statements_covered_display": "100"}, "missing_lines": [], "excluded_lines": [], "start_line": 140}, "": {"executed_lines": [13, 14, 17, 19, 20, 21, 22, 23, 24, 25, 26, 27, 28, 29, 30, 31, 32, 33, 34, 35, 36, 37, 38, 41, 43, 44, 45, 46, 47, 50, 52, 53, 54, 55, 56, 57, 58, 59, 60, 61, 62, 65, 67, 68, 69, 70, 71, 72, 76, 80, 84, 88, 93, 98, 103, 108, 113, 140], "summary": {"covered_lines": 58, "num_statements": 58, "percent_covered": 100.0, "percent_covered_display": "100", "missing_lines": 0, "excluded_lines": 0, "percent_statements_covered": 100.0, "percent_statements_covered_display": "100"}, "missing_lines": [], "excluded_lines": [], "start_line": 1}}, "classes": {"MeteorologicalFeature": {"executed_lines": [], "summary": {"covered_lines": 0, "num_statements": 0, "percent_covered": 100.0, "percent_covered_display": "100", "missing_lines": 0, "excluded_lines": 0, "percent_statements_covered": 100.0, "percent_statements_covered_display": "100"}, "missing_lines": [], "excluded_lines": [], "start_line": 17}, "VolcanicAviationColourCode": {"executed_lines": [], "summary": {"covered_lines": 0, "num_statements": 0, "percent_covered": 100.0, "percent_covered_display": "100", "missing_lines": 0, "excluded_lines": 0, "percent_statements_covered": 100.0, "percent_statements_covered_display": "100"}, "missing_lines": [], "excluded_lines": [], "start_line": 41}, "NilReason": {"executed_lines": [], "summary": {"covered_lines": 0, "num_statements": 0, "percent_covered": 100.0, "percent_covered_display": "100", "missing_lines": 0, "excluded_lines": 0, "percent_statements_covered": 100.0, "percent_statements_covered_display": "100"}, "missing_lines": [], "excluded_lines": [], "start_line": 50}, "IWXXMVersion": {"executed_lines": [], "summary": {"covered_lines": 0, "num_statements": 0, "percent_covered": 100.0, "percent_covered_display": "100", "missing_lines": 0, "excluded_lines": 0, "percent_statements_covered": 100.0, "percent_statements_covered_display": "100"}, "missing_lines": [], "excluded_lines": [], "start_line": 65}, "": {"executed_lines": [13, 14, 17, 19, 20, 21, 22, 23, 24, 25, 26, 27, 28, 29, 30, 31, 32, 33, 34, 35, 36, 37, 38, 41, 43, 44, 45, 46, 47, 50, 52, 53, 54, 55, 56, 57, 58, 59, 60, 61, 62, 65, 67, 68, 69, 70, 71, 72, 76, 80, 84, 88, 93, 95, 98, 100, 103, 105, 108, 110, 113, 130, 131, 133, 134, 135, 137, 140, 153, 155, 156, 157, 159, 160, 161, 163], "summary": {"covered_lines": 76, "num_statements": 76, "percent_covered": 100.0, "percent_covered_display": "100", "missing_lines": 0, "excluded_lines": 0, "percent_statements_covered": 100.0, "percent_statements_covered_display": "100"}, "missing_lines": [], "excluded_lines": [], "start_line": 1}}}, "src/utilities/conversion.py": {"executed_lines": [2, 4, 5, 6, 7, 10, 17, 18, 29, 31, 32, 33, 34, 35, 44, 53, 56, 59, 71, 72, 75, 76, 77, 82, 83, 84, 85, 86, 87, 88, 89, 90, 91, 92, 95, 98, 99, 100, 101, 104, 105, 106, 108, 109, 111, 114, 119, 120, 121, 122, 123, 124, 125, 126, 127, 129, 130, 131, 132, 133, 134, 135, 136, 137, 143, 145, 146, 149, 152, 157, 158, 161, 162, 163, 164, 165, 166, 167, 168, 169, 170, 171, 172, 174, 175, 176, 177, 178, 179, 180, 181, 182], "summary": {"covered_lines": 92, "num_statements": 98, "percent_covered": 93.87755102040816, "percent_covered_display": "94", "missing_lines": 6, "excluded_lines": 13, "percent_statements_covered": 93.87755102040816, "percent_statements_covered_display": "94"}, "missing_lines": [38, 102, 103, 110, 128, 173], "excluded_lines": [21, 22, 23, 24, 25, 26, 46, 47, 48, 49, 50, 78, 79], "functions": {"_ensure_gifts_on_path": {"executed_lines": [17, 18, 29, 31, 32, 33, 34, 35], "summary": {"covered_lines": 8, "num_statements": 9, "percent_covered": 88.88888888888889, "percent_covered_display": "89", "missing_lines": 1, "excluded_lines": 6, "percent_statements_covered": 88.88888888888889, "percent_statements_covered_display": "89"}, "missing_lines": [38], "excluded_lines": [21, 22, 23, 24, 25, 26], "start_line": 10}, "convert_metar_tac": {"executed_lines": [71, 72, 75, 76, 77, 82, 83, 84, 85, 86, 87, 88, 89, 90, 91, 92], "summary": {"covered_lines": 16, "num_statements": 16, "percent_covered": 100.0, "percent_covered_display": "100", "missing_lines": 0, "excluded_lines": 2, "percent_statements_covered": 100.0, "percent_statements_covered_display": "100"}, "missing_lines": [], "excluded_lines": [78, 79], "start_line": 59}, "_load_aerodrome_db": {"executed_lines": [98, 99, 100, 101, 104, 105, 106, 108, 109, 111], "summary": {"covered_lines": 10, "num_statements": 13, "percent_covered": 76.92307692307692, "percent_covered_display": "77", "missing_lines": 3, "excluded_lines": 0, "percent_statements_covered": 76.92307692307692, "percent_statements_covered_display": "77"}, "missing_lines": [102, 103, 110], "excluded_lines": [], "start_line": 95}, "_lookup_aerodrome": {"executed_lines": [119, 120, 121, 122, 123, 124, 125, 126, 127, 129, 130, 131, 132, 133, 134, 135, 136, 137, 143, 145, 146], "summary": {"covered_lines": 21, "num_statements": 22, "percent_covered": 95.45454545454545, "percent_covered_display": "95", "missing_lines": 1, "excluded_lines": 0, "percent_statements_covered": 95.45454545454545, "percent_statements_covered_display": "95"}, "missing_lines": [128], "excluded_lines": [], "start_line": 114}, "convert_metar_tac_with_metadata": {"executed_lines": [157, 158, 161, 162, 163, 164, 165, 166, 167, 168, 169, 170, 171, 172, 174, 175, 176, 177, 178, 179, 180, 181, 182], "summary": {"covered_lines": 23, "num_statements": 24, "percent_covered": 95.83333333333333, "percent_covered_display": "96", "missing_lines": 1, "excluded_lines": 0, "percent_statements_covered": 95.83333333333333, "percent_statements_covered_display": "96"}, "missing_lines": [173], "excluded_lines": [], "start_line": 152}, "": {"executed_lines": [2, 4, 5, 6, 7, 10, 44, 53, 56, 59, 95, 114, 149, 152], "summary": {"covered_lines": 14, "num_statements": 14, "percent_covered": 100.0, "percent_covered_display": "100", "missing_lines": 0, "excluded_lines": 5, "percent_statements_covered": 100.0, "percent_statements_covered_display": "100"}, "missing_lines": [], "excluded_lines": [46, 47, 48, 49, 50], "start_line": 1}}, "classes": {"ConversionError": {"executed_lines": [], "summary": {"covered_lines": 0, "num_statements": 0, "percent_covered": 100.0, "percent_covered_display": "100", "missing_lines": 0, "excluded_lines": 0, "percent_statements_covered": 100.0, "percent_statements_covered_display": "100"}, "missing_lines": [], "excluded_lines": [], "start_line": 53}, "": {"executed_lines": [2, 4, 5, 6, 7, 10, 17, 18, 29, 31, 32, 33, 34, 35, 44, 53, 56, 59, 71, 72, 75, 76, 77, 82, 83, 84, 85, 86, 87, 88, 89, 90, 91, 92, 95, 98, 99, 100, 101, 104, 105, 106, 108, 109, 111, 114, 119, 120, 121, 122, 123, 124, 125, 126, 127, 129, 130, 131, 132, 133, 134, 135, 136, 137, 143, 145, 146, 149, 152, 157, 158, 161, 162, 163, 164, 165, 166, 167, 168, 169, 170, 171, 172, 174, 175, 176, 177, 178, 179, 180, 181, 182], "summary": {"covered_lines": 92, "num_statements": 98, "percent_covered": 93.87755102040816, "percent_covered_display": "94", "missing_lines": 6, "excluded_lines": 13, "percent_statements_covered": 93.87755102040816, "percent_statements_covered_display": "94"}, "missing_lines": [38, 102, 103, 110, 128, 173], "excluded_lines": [21, 22, 23, 24, 25, 26, 46, 47, 48, 49, 50, 78, 79], "start_line": 1}}}, "src/utilities/security.py": {"executed_lines": [2, 3, 4, 5, 7, 8, 9, 10, 11, 15, 18, 21, 27, 30, 32, 33, 36, 37, 39, 40, 41, 42, 43, 46, 47, 48, 49, 50, 53, 54, 56, 57, 59, 60, 61, 67, 82, 84, 86, 87, 89, 90, 96, 98, 100, 101, 103, 104, 109, 110, 113, 121, 123, 124, 128, 129, 130, 131, 137], "summary": {"covered_lines": 59, "num_statements": 59, "percent_covered": 100.0, "percent_covered_display": "100", "missing_lines": 0, "excluded_lines": 0, "percent_statements_covered": 100.0, "percent_statements_covered_display": "100"}, "missing_lines": [], "excluded_lines": [], "functions": {"fetch_jwks": {"executed_lines": [32, 33, 36, 37, 39, 40, 41, 42, 43, 46, 47, 48, 49, 50, 53, 54, 56, 57, 59, 60, 61], "summary": {"covered_lines": 21, "num_statements": 21, "percent_covered": 100.0, "percent_covered_display": "100", "missing_lines": 0, "excluded_lines": 0, "percent_statements_covered": 100.0, "percent_statements_covered_display": "100"}, "missing_lines": [], "excluded_lines": [], "start_line": 30}, "verify_supabase_token": {"executed_lines": [82, 84, 86, 87, 89, 90, 96, 98, 100, 101, 103, 104, 109, 110, 113, 121, 123, 124, 128, 129, 130, 131], "summary": {"covered_lines": 22, "num_statements": 22, "percent_covered": 100.0, "percent_covered_display": "100", "missing_lines": 0, "excluded_lines": 0, "percent_statements_covered": 100.0, "percent_statements_covered_display": "100"}, "missing_lines": [], "excluded_lines": [], "start_line": 67}, "": {"executed_lines": [2, 3, 4, 5, 7, 8, 9, 10, 11, 15, 18, 21, 27, 30, 67, 137], "summary": {"covered_lines": 16, "num_statements": 16, "percent_covered": 100.0, "percent_covered_display": "100", "missing_lines": 0, "excluded_lines": 0, "percent_statements_covered": 100.0, "percent_statements_covered_display": "100"}, "missing_lines": [], "excluded_lines": [], "start_line": 1}}, "classes": {"": {"executed_lines": [2, 3, 4, 5, 7, 8, 9, 10, 11, 15, 18, 21, 27, 30, 32, 33, 36, 37, 39, 40, 41, 42, 43, 46, 47, 48, 49, 50, 53, 54, 56, 57, 59, 60, 61, 67, 82, 84, 86, 87, 89, 90, 96, 98, 100, 101, 103, 104, 109, 110, 113, 121, 123, 124, 128, 129, 130, 131, 137], "summary": {"covered_lines": 59, "num_statements": 59, "percent_covered": 100.0, "percent_covered_display": "100", "missing_lines": 0, "excluded_lines": 0, "percent_statements_covered": 100.0, "percent_statements_covered_display": "100"}, "missing_lines": [], "excluded_lines": [], "start_line": 1}}}}, "totals": {"covered_lines": 337, "num_statements": 344, "percent_covered": 97.96511627906976, "percent_covered_display": "98", "missing_lines": 7, "excluded_lines": 13, "percent_statements_covered": 97.96511627906976, "percent_statements_covered_display": "98"}}