{"meta": {"format": 3, "version": "7.13.4", "timestamp": "2026-02-22T21:26:12.626744", "branch_coverage": true, "show_contexts": false}, "files": {"src/__init__.py": {"executed_lines": [], "summary": {"covered_lines": 0, "num_statements": 0, "percent_covered": 100.0, "percent_covered_display": "100.00", "missing_lines": 0, "excluded_lines": 0, "percent_statements_covered": 100.0, "percent_statements_covered_display": "100.00", "num_branches": 0, "num_partial_branches": 0, "covered_branches": 0, "missing_branches": 0, "percent_branches_covered": 100.0, "percent_branches_covered_display": "100.00"}, "missing_lines": [], "excluded_lines": [], "executed_branches": [], "missing_branches": [], "functions": {"": {"executed_lines": [], "summary": {"covered_lines": 0, "num_statements": 0, "percent_covered": 100.0, "percent_covered_display": "100.00", "missing_lines": 0, "excluded_lines": 0, "percent_statements_covered": 100.0, "percent_statements_covered_display": "100.00", "num_branches": 0, "num_partial_branches": 0, "covered_branches": 0, "missing_branches": 0, "percent_branches_covered": 100.0, "percent_branches_covered_display": "100.00"}, "missing_lines": [], "excluded_lines": [], "start_line": 1, "executed_branches": [], "missing_branches": []}}, "classes": {"": {"executed_lines": [], "summary": {"covered_lines": 0, "num_statements": 0, "percent_covered": 100.0, "percent_covered_display": "100.00", "missing_lines": 0, "excluded_lines": 0, "percent_statements_covered": 100.0, "percent_statements_covered_display": "100.00", "num_branches": 0, "num_partial_branches": 0, "covered_branches": 0, "missing_branches": 0, "percent_branches_covered": 100.0, "percent_branches_covered_display": "100.00"}, "missing_lines": [], "excluded_lines": [], "start_line": 1, "executed_branches": [], "missing_branches": []}}}, "src/api.py": {"executed_lines": [2, 4, 5, 6, 7, 8, 9, 10, 11, 14, 16, 17, 18, 20, 22, 23, 24, 25, 34, 35, 36, 37, 38, 39, 40, 41, 42, 43, 44, 71, 72, 74, 106, 109, 112, 113, 115, 116, 120, 121, 123, 124, 125, 127, 132, 142, 143, 144, 145, 151, 153, 156, 158, 166, 168, 169, 170, 173, 175, 176, 177, 178, 179, 180, 183, 186, 188, 189, 191, 193, 194, 196, 199, 200, 204, 206, 209, 211, 213, 216, 217, 218, 220, 228, 230, 239, 246, 247, 254, 257, 258, 260, 261, 262, 263, 264, 265, 269, 273, 279, 280, 281, 282, 283, 285, 286, 287, 293, 295, 296, 297, 300, 302, 303, 304, 305, 307, 310, 312, 313, 314, 318, 319, 320, 322, 324, 333, 342, 343, 346, 350, 351, 352, 353, 355, 356, 357, 361, 362, 363, 367, 368, 369, 373, 377, 386, 387, 398, 399, 400, 401, 402, 403, 404, 405, 406, 409, 410, 451, 452, 456, 457, 458, 466, 480, 481, 519, 520, 532, 533, 534, 535, 538, 539, 540, 541, 551, 552, 554, 563, 566, 612, 614, 633, 634, 638, 641, 642, 647, 648, 649, 657, 658, 659, 673, 674, 683, 722, 725, 737, 747, 748, 749, 750, 751, 752, 753, 754, 772, 773, 774, 776, 777, 794, 877, 878, 879, 880, 881, 882, 883, 884, 885, 887, 895, 897, 898, 899, 900, 903, 904, 908, 909, 910, 911, 912, 913, 931, 932, 933, 934, 936, 945, 957, 958, 960, 961, 962, 963, 964, 966, 968, 979, 982, 985, 986, 987, 989, 991, 998, 1011, 1012, 1031, 1032, 1035, 1036, 1037, 1038, 1040, 1043, 1044, 1045, 1047, 1048, 1049, 1050, 1057, 1059, 1060, 1071, 1072, 1080, 1082, 1119, 1120, 1123, 1124, 1130, 1132, 1142, 1148, 1151, 1152, 1153, 1155, 1166, 1167, 1242, 1243, 1244, 1245, 1246, 1247, 1249, 1250, 1251, 1252, 1253, 1254, 1255, 1262, 1263, 1264, 1275, 1276, 1284, 1285, 1321, 1322, 1324, 1330, 1331, 1332, 1334, 1357, 1358, 1369, 1370, 1371, 1381, 1389, 1390, 1391, 1398, 1402, 1403, 1404, 1405, 1406, 1407, 1408, 1409, 1410, 1411, 1418, 1420, 1423, 1424, 1425, 1427, 1428, 1429, 1430, 1437, 1439, 1440, 1451, 1452, 1460, 1495, 1496, 1499, 1502, 1505, 1506, 1509, 1549, 1550, 1561, 1571, 1572, 1580, 1581, 1582, 1590, 1591, 1602, 1603, 1611, 1613, 1614, 1615, 1623, 1624, 1635, 1636, 1644, 1647, 1648, 1654, 1664, 1673, 1676, 1684, 1685, 1686, 1687, 1694, 1695, 1702, 1735, 1736, 1737, 1738, 1739, 1740, 1742, 1744, 1746, 1766, 1767, 1771, 1772, 1773, 1784, 1785, 1786, 1787, 1789, 1790, 1791, 1792, 1793, 1794, 1795, 1797, 1798, 1800, 1802, 1803, 1814, 1817, 1818, 1819, 1820, 1831, 1832, 1842, 1843, 1844, 1845, 1846, 1847, 1848, 1849, 1850, 1853, 1854, 1856, 1859, 1861, 1862, 1865, 1866, 1877, 1880, 1881, 1883, 1884, 1895, 1896, 1904, 1905, 1907, 1908, 1919, 1920, 1930, 1931, 1934, 1935, 1936, 1937, 1940, 1941, 1942, 1944, 1945, 1946, 1948, 1949, 1960, 1961, 1969, 1997, 1998, 2000, 2003, 2005, 2006, 2009, 2010, 2020, 2073, 2074, 2075, 2081, 2082, 2084, 2085, 2086, 2087, 2088, 2089, 2090, 2092, 2093, 2102], "summary": {"covered_lines": 508, "num_statements": 743, "percent_covered": 67.61800219538968, "percent_covered_display": "67.62", "missing_lines": 235, "excluded_lines": 0, "percent_statements_covered": 68.371467025572, "percent_statements_covered_display": "68.37", "num_branches": 168, "num_partial_branches": 30, "covered_branches": 108, "missing_branches": 60, "percent_branches_covered": 64.28571428571429, "percent_branches_covered_display": "64.29"}, "missing_lines": [45, 47, 48, 49, 50, 59, 60, 61, 62, 63, 64, 65, 66, 67, 68, 69, 117, 118, 181, 182, 195, 205, 212, 240, 266, 267, 288, 289, 290, 306, 358, 359, 364, 365, 370, 371, 379, 380, 382, 453, 454, 525, 526, 615, 616, 617, 618, 621, 622, 623, 624, 625, 626, 627, 628, 630, 635, 636, 643, 644, 650, 651, 662, 663, 664, 665, 666, 715, 716, 717, 718, 719, 905, 906, 959, 965, 967, 1033, 1078, 1079, 1081, 1083, 1084, 1085, 1093, 1094, 1105, 1106, 1112, 1113, 1114, 1115, 1116, 1133, 1138, 1139, 1174, 1175, 1177, 1178, 1179, 1180, 1187, 1188, 1189, 1190, 1192, 1204, 1205, 1211, 1212, 1213, 1214, 1215, 1216, 1217, 1218, 1225, 1226, 1227, 1228, 1229, 1230, 1231, 1238, 1239, 1240, 1282, 1283, 1286, 1287, 1288, 1289, 1296, 1297, 1308, 1309, 1315, 1316, 1317, 1318, 1319, 1335, 1336, 1338, 1342, 1343, 1351, 1378, 1379, 1399, 1419, 1458, 1459, 1461, 1462, 1463, 1471, 1472, 1483, 1488, 1489, 1490, 1491, 1492, 1510, 1511, 1517, 1519, 1520, 1522, 1523, 1524, 1532, 1536, 1537, 1538, 1546, 1568, 1569, 1609, 1610, 1612, 1642, 1643, 1645, 1688, 1689, 1696, 1698, 1747, 1768, 1769, 1774, 1775, 1815, 1816, 1838, 1839, 1878, 1879, 1902, 1903, 1926, 1927, 1932, 1967, 1968, 1970, 1971, 1973, 1974, 1985, 1986, 1992, 1993, 1994, 2021, 2022, 2023, 2024, 2026, 2027, 2038, 2039, 2045, 2046, 2047, 2048, 2050, 2051, 2062, 2063, 2069, 2070], "excluded_lines": [], "executed_branches": [[116, 120], [123, 124], [123, 127], [143, 144], [143, 151], [168, 169], [176, 177], [176, 183], [177, 178], [177, 180], [180, 176], [191, 193], [191, 199], [194, 196], [204, 206], [211, 213], [239, 246], [260, 261], [262, 263], [264, 265], [282, 283], [282, 287], [283, 282], [283, 285], [285, 286], [295, 296], [295, 297], [302, 303], [302, 304], [305, 307], [319, 320], [319, 322], [457, 458], [457, 466], [539, 540], [539, 554], [551, 539], [551, 552], [614, 633], [647, 648], [658, 659], [748, 749], [748, 794], [877, 878], [877, 897], [958, 960], [960, -957], [960, 961], [961, 960], [961, 962], [964, 966], [966, 968], [986, 987], [986, 989], [1011, 1012], [1011, 1031], [1031, 1032], [1031, 1242], [1032, 1035], [1045, 1047], [1045, 1119], [1080, 1082], [1132, 1142], [1242, 1243], [1242, 1402], [1252, 1253], [1252, 1321], [1284, 1285], [1334, 1357], [1398, 1242], [1402, 1403], [1402, 1647], [1403, 1404], [1403, 1647], [1409, 1410], [1409, 1423], [1418, 1420], [1425, 1427], [1425, 1495], [1509, 1549], [1611, 1403], [1644, 1403], [1647, 1648], [1647, 1664], [1685, 1686], [1685, 1702], [1735, 1736], [1735, 1742], [1746, 1766], [1789, 1790], [1789, 1842], [1842, 1843], [1842, 1930], [1843, 1844], [1843, 1930], [1848, 1849], [1848, 1853], [1930, 1931], [1930, 2073], [1931, 1934], [1942, 1944], [1942, 1997], [2073, 2074], [2073, 2084], [2086, 2087], [2086, 2088], [2088, 2089], [2088, 2090]], "missing_branches": [[116, 117], [168, 170], [180, 181], [194, 195], [204, 205], [211, 212], [239, 240], [260, 262], [262, 264], [264, 269], [285, 282], [305, 306], [614, 615], [621, 622], [621, 623], [623, 624], [623, 625], [625, 626], [625, 627], [627, 628], [627, 630], [647, 657], [658, 662], [662, 663], [662, 673], [958, 959], [964, 965], [966, 967], [1032, 1033], [1080, 1081], [1114, 1115], [1114, 1116], [1132, 1133], [1138, 1139], [1138, 1142], [1213, 1031], [1213, 1214], [1226, 1031], [1226, 1227], [1239, 1031], [1239, 1240], [1284, 1286], [1317, 1318], [1317, 1319], [1334, 1335], [1335, 1336], [1335, 1338], [1398, 1399], [1418, 1419], [1490, 1491], [1490, 1492], [1509, 1510], [1517, 1519], [1517, 1522], [1519, 1520], [1519, 1549], [1611, 1612], [1644, 1645], [1746, 1747], [1931, 1932]], "functions": {"ConvertRequestLoggingMiddleware.__init__": {"executed_lines": [113], "summary": {"covered_lines": 1, "num_statements": 1, "percent_covered": 100.0, "percent_covered_display": "100.00", "missing_lines": 0, "excluded_lines": 0, "percent_statements_covered": 100.0, "percent_statements_covered_display": "100.00", "num_branches": 0, "num_partial_branches": 0, "covered_branches": 0, "missing_branches": 0, "percent_branches_covered": 100.0, "percent_branches_covered_display": "100.00"}, "missing_lines": [], "excluded_lines": [], "start_line": 112, "executed_branches": [], "missing_branches": []}, "ConvertRequestLoggingMiddleware.__call__": {"executed_lines": [116, 120, 121, 123, 124, 125, 127, 132, 142, 153], "summary": {"covered_lines": 10, "num_statements": 12, "percent_covered": 81.25, "percent_covered_display": "81.25", "missing_lines": 2, "excluded_lines": 0, "percent_statements_covered": 83.33333333333333, "percent_statements_covered_display": "83.33", "num_branches": 4, "num_partial_branches": 1, "covered_branches": 3, "missing_branches": 1, "percent_branches_covered": 75.0, "percent_branches_covered_display": "75.00"}, "missing_lines": [117, 118], "excluded_lines": [], "start_line": 115, "executed_branches": [[116, 120], [123, 124], [123, 127]], "missing_branches": [[116, 117]]}, "ConvertRequestLoggingMiddleware.__call__.send_wrapper": {"executed_lines": [143, 144, 145, 151], "summary": {"covered_lines": 4, "num_statements": 4, "percent_covered": 100.0, "percent_covered_display": "100.00", "missing_lines": 0, "excluded_lines": 0, "percent_statements_covered": 100.0, "percent_statements_covered_display": "100.00", "num_branches": 2, "num_partial_branches": 0, "covered_branches": 2, "missing_branches": 0, "percent_branches_covered": 100.0, "percent_branches_covered_display": "100.00"}, "missing_lines": [], "excluded_lines": [], "start_line": 142, "executed_branches": [[143, 144], [143, 151]], "missing_branches": []}, "is_dev_cors_relaxation_enabled": {"executed_lines": [158], "summary": {"covered_lines": 1, "num_statements": 1, "percent_covered": 100.0, "percent_covered_display": "100.00", "missing_lines": 0, "excluded_lines": 0, "percent_statements_covered": 100.0, "percent_statements_covered_display": "100.00", "num_branches": 0, "num_partial_branches": 0, "covered_branches": 0, "missing_branches": 0, "percent_branches_covered": 100.0, "percent_branches_covered_display": "100.00"}, "missing_lines": [], "excluded_lines": [], "start_line": 156, "executed_branches": [], "missing_branches": []}, "add_origin_if_missing": {"executed_lines": [168, 169, 170], "summary": {"covered_lines": 3, "num_statements": 3, "percent_covered": 80.0, "percent_covered_display": "80.00", "missing_lines": 0, "excluded_lines": 0, "percent_statements_covered": 100.0, "percent_statements_covered_display": "100.00", "num_branches": 2, "num_partial_branches": 1, "covered_branches": 1, "missing_branches": 1, "percent_branches_covered": 50.0, "percent_branches_covered_display": "50.00"}, "missing_lines": [], "excluded_lines": [], "start_line": 166, "executed_branches": [[168, 169]], "missing_branches": [[168, 170]]}, "add_loopback_origin_variants": {"executed_lines": [175, 176, 177, 178, 179, 180, 183], "summary": {"covered_lines": 7, "num_statements": 9, "percent_covered": 80.0, "percent_covered_display": "80.00", "missing_lines": 2, "excluded_lines": 0, "percent_statements_covered": 77.77777777777777, "percent_statements_covered_display": "77.78", "num_branches": 6, "num_partial_branches": 1, "covered_branches": 5, "missing_branches": 1, "percent_branches_covered": 83.33333333333333, "percent_branches_covered_display": "83.33"}, "missing_lines": [181, 182], "excluded_lines": [], "start_line": 173, "executed_branches": [[176, 177], [176, 183], [177, 178], [177, 180], [180, 176]], "missing_branches": [[180, 181]]}, "get_cors_origins": {"executed_lines": [188, 189, 191, 193, 194, 196, 199, 200, 204, 206], "summary": {"covered_lines": 10, "num_statements": 12, "percent_covered": 77.77777777777777, "percent_covered_display": "77.78", "missing_lines": 2, "excluded_lines": 0, "percent_statements_covered": 83.33333333333333, "percent_statements_covered_display": "83.33", "num_branches": 6, "num_partial_branches": 2, "covered_branches": 4, "missing_branches": 2, "percent_branches_covered": 66.66666666666667, "percent_branches_covered_display": "66.67"}, "missing_lines": [195, 205], "excluded_lines": [], "start_line": 186, "executed_branches": [[191, 193], [191, 199], [194, 196], [204, 206]], "missing_branches": [[194, 195], [204, 205]]}, "get_cors_allowed_headers": {"executed_lines": [211, 213], "summary": {"covered_lines": 2, "num_statements": 3, "percent_covered": 60.0, "percent_covered_display": "60.00", "missing_lines": 1, "excluded_lines": 0, "percent_statements_covered": 66.66666666666667, "percent_statements_covered_display": "66.67", "num_branches": 2, "num_partial_branches": 1, "covered_branches": 1, "missing_branches": 1, "percent_branches_covered": 50.0, "percent_branches_covered_display": "50.00"}, "missing_lines": [212], "excluded_lines": [], "start_line": 209, "executed_branches": [[211, 213]], "missing_branches": [[211, 212]]}, "add_translation_centre_headers": {"executed_lines": [254, 257, 258, 260, 261, 262, 263, 264, 265, 269], "summary": {"covered_lines": 10, "num_statements": 12, "percent_covered": 72.22222222222223, "percent_covered_display": "72.22", "missing_lines": 2, "excluded_lines": 0, "percent_statements_covered": 83.33333333333333, "percent_statements_covered_display": "83.33", "num_branches": 6, "num_partial_branches": 3, "covered_branches": 3, "missing_branches": 3, "percent_branches_covered": 50.0, "percent_branches_covered_display": "50.00"}, "missing_lines": [266, 267], "excluded_lines": [], "start_line": 247, "executed_branches": [[260, 261], [262, 263], [264, 265]], "missing_branches": [[260, 262], [262, 264], [264, 269]]}, "parse_files": {"executed_lines": [279, 280, 281, 282, 283, 285, 286, 287], "summary": {"covered_lines": 8, "num_statements": 11, "percent_covered": 76.47058823529412, "percent_covered_display": "76.47", "missing_lines": 3, "excluded_lines": 0, "percent_statements_covered": 72.72727272727273, "percent_statements_covered_display": "72.73", "num_branches": 6, "num_partial_branches": 1, "covered_branches": 5, "missing_branches": 1, "percent_branches_covered": 83.33333333333333, "percent_branches_covered_display": "83.33"}, "missing_lines": [288, 289, 290], "excluded_lines": [], "start_line": 273, "executed_branches": [[282, 283], [282, 287], [283, 282], [283, 285], [285, 286]], "missing_branches": [[285, 282]]}, "split_manual_entries": {"executed_lines": [295, 296, 297], "summary": {"covered_lines": 3, "num_statements": 3, "percent_covered": 100.0, "percent_covered_display": "100.00", "missing_lines": 0, "excluded_lines": 0, "percent_statements_covered": 100.0, "percent_statements_covered_display": "100.00", "num_branches": 2, "num_partial_branches": 0, "covered_branches": 2, "missing_branches": 0, "percent_branches_covered": 100.0, "percent_branches_covered_display": "100.00"}, "missing_lines": [], "excluded_lines": [], "start_line": 293, "executed_branches": [[295, 296], [295, 297]], "missing_branches": []}, "normalize_code": {"executed_lines": [302, 303, 304, 305, 307], "summary": {"covered_lines": 5, "num_statements": 6, "percent_covered": 80.0, "percent_covered_display": "80.00", "missing_lines": 1, "excluded_lines": 0, "percent_statements_covered": 83.33333333333333, "percent_statements_covered_display": "83.33", "num_branches": 4, "num_partial_branches": 1, "covered_branches": 3, "missing_branches": 1, "percent_branches_covered": 75.0, "percent_branches_covered_display": "75.00"}, "missing_lines": [306], "excluded_lines": [], "start_line": 300, "executed_branches": [[302, 303], [302, 304], [305, 307]], "missing_branches": [[305, 306]]}, "normalize_validation_level": {"executed_lines": [312, 313, 314], "summary": {"covered_lines": 3, "num_statements": 3, "percent_covered": 100.0, "percent_covered_display": "100.00", "missing_lines": 0, "excluded_lines": 0, "percent_statements_covered": 100.0, "percent_statements_covered_display": "100.00", "num_branches": 0, "num_partial_branches": 0, "covered_branches": 0, "missing_branches": 0, "percent_branches_covered": 100.0, "percent_branches_covered_display": "100.00"}, "missing_lines": [], "excluded_lines": [], "start_line": 310, "executed_branches": [], "missing_branches": []}, "custom_openapi": {"executed_lines": [319, 320, 322, 324, 333, 342, 343], "summary": {"covered_lines": 7, "num_statements": 7, "percent_covered": 100.0, "percent_covered_display": "100.00", "missing_lines": 0, "excluded_lines": 0, "percent_statements_covered": 100.0, "percent_statements_covered_display": "100.00", "num_branches": 2, "num_partial_branches": 0, "covered_branches": 2, "missing_branches": 0, "percent_branches_covered": 100.0, "percent_branches_covered_display": "100.00"}, "missing_lines": [], "excluded_lines": [], "start_line": 318, "executed_branches": [[319, 320], [319, 322]], "missing_branches": []}, "parse_optional_files": {"executed_lines": [], "summary": {"covered_lines": 0, "num_statements": 3, "percent_covered": 0.0, "percent_covered_display": "0.00", "missing_lines": 3, "excluded_lines": 0, "percent_statements_covered": 0.0, "percent_statements_covered_display": "0.00", "num_branches": 0, "num_partial_branches": 0, "covered_branches": 0, "missing_branches": 0, "percent_branches_covered": 100.0, "percent_branches_covered_display": "100.00"}, "missing_lines": [379, 380, 382], "excluded_lines": [], "start_line": 377, "executed_branches": [], "missing_branches": []}, "health": {"executed_lines": [398, 399, 400, 401, 402, 403, 404, 405, 406], "summary": {"covered_lines": 9, "num_statements": 9, "percent_covered": 100.0, "percent_covered_display": "100.00", "missing_lines": 0, "excluded_lines": 0, "percent_statements_covered": 100.0, "percent_statements_covered_display": "100.00", "num_branches": 0, "num_partial_branches": 0, "covered_branches": 0, "missing_branches": 0, "percent_branches_covered": 100.0, "percent_branches_covered_display": "100.00"}, "missing_lines": [], "excluded_lines": [], "start_line": 387, "executed_branches": [], "missing_branches": []}, "get_supported_versions": {"executed_lines": [451, 452, 456, 457, 458, 466], "summary": {"covered_lines": 6, "num_statements": 8, "percent_covered": 80.0, "percent_covered_display": "80.00", "missing_lines": 2, "excluded_lines": 0, "percent_statements_covered": 75.0, "percent_statements_covered_display": "75.00", "num_branches": 2, "num_partial_branches": 0, "covered_branches": 2, "missing_branches": 0, "percent_branches_covered": 100.0, "percent_branches_covered_display": "100.00"}, "missing_lines": [453, 454], "excluded_lines": [], "start_line": 410, "executed_branches": [[457, 458], [457, 466]], "missing_branches": []}, "get_schema_status": {"executed_lines": [519, 520, 532, 533, 534, 535, 538, 539, 540, 541, 551, 552, 554], "summary": {"covered_lines": 13, "num_statements": 15, "percent_covered": 89.47368421052632, "percent_covered_display": "89.47", "missing_lines": 2, "excluded_lines": 0, "percent_statements_covered": 86.66666666666667, "percent_statements_covered_display": "86.67", "num_branches": 4, "num_partial_branches": 0, "covered_branches": 4, "missing_branches": 0, "percent_branches_covered": 100.0, "percent_branches_covered_display": "100.00"}, "missing_lines": [525, 526], "excluded_lines": [], "start_line": 481, "executed_branches": [[539, 540], [539, 554], [551, 539], [551, 552]], "missing_branches": []}, "validate_comprehensive": {"executed_lines": [612, 614, 633, 634, 638, 641, 642, 647, 648, 649, 657, 658, 659, 673, 674, 683], "summary": {"covered_lines": 16, "num_statements": 45, "percent_covered": 31.147540983606557, "percent_covered_display": "31.15", "missing_lines": 29, "excluded_lines": 0, "percent_statements_covered": 35.55555555555556, "percent_statements_covered_display": "35.56", "num_branches": 16, "num_partial_branches": 3, "covered_branches": 3, "missing_branches": 13, "percent_branches_covered": 18.75, "percent_branches_covered_display": "18.75"}, "missing_lines": [615, 616, 617, 618, 621, 622, 623, 624, 625, 626, 627, 628, 630, 635, 636, 643, 644, 650, 651, 662, 663, 664, 665, 666, 715, 716, 717, 718, 719], "excluded_lines": [], "start_line": 566, "executed_branches": [[614, 633], [647, 648], [658, 659]], "missing_branches": [[614, 615], [621, 622], [621, 623], [623, 624], [623, 625], [625, 626], [625, 627], [627, 628], [627, 630], [647, 657], [658, 662], [662, 663], [662, 673]]}, "convert": {"executed_lines": [737, 747, 748, 749, 750, 751, 752, 753, 754, 772, 773, 774, 776, 777, 794, 877, 878, 879, 880, 881, 882, 883, 884, 885, 887, 895, 897, 898, 899, 900, 903, 904, 908, 909, 910, 911, 912, 913, 931, 932, 933, 934, 936, 957, 979, 982, 985, 986, 987, 989, 991, 998, 1011, 1012, 1031, 1032, 1035, 1036, 1037, 1038, 1040, 1043, 1044, 1045, 1047, 1048, 1049, 1050, 1057, 1059, 1060, 1071, 1072, 1080, 1082, 1119, 1120, 1123, 1124, 1130, 1132, 1142, 1148, 1151, 1152, 1153, 1155, 1166, 1167, 1242, 1243, 1244, 1245, 1246, 1247, 1249, 1250, 1251, 1252, 1253, 1254, 1255, 1262, 1263, 1264, 1275, 1276, 1284, 1285, 1321, 1322, 1324, 1330, 1331, 1332, 1334, 1357, 1358, 1369, 1370, 1371, 1381, 1389, 1390, 1391, 1398, 1402, 1403, 1404, 1405, 1406, 1407, 1408, 1409, 1410, 1411, 1418, 1420, 1423, 1424, 1425, 1427, 1428, 1429, 1430, 1437, 1439, 1440, 1451, 1452, 1460, 1495, 1496, 1499, 1502, 1505, 1506, 1509, 1549, 1550, 1561, 1571, 1572, 1580, 1581, 1582, 1590, 1591, 1602, 1603, 1611, 1613, 1614, 1615, 1623, 1624, 1635, 1636, 1644, 1647, 1648, 1654, 1664], "summary": {"covered_lines": 183, "num_statements": 294, "percent_covered": 60.833333333333336, "percent_covered_display": "60.83", "missing_lines": 111, "excluded_lines": 0, "percent_statements_covered": 62.244897959183675, "percent_statements_covered_display": "62.24", "num_branches": 66, "num_partial_branches": 10, "covered_branches": 36, "missing_branches": 30, "percent_branches_covered": 54.54545454545455, "percent_branches_covered_display": "54.55"}, "missing_lines": [905, 906, 1033, 1078, 1079, 1081, 1083, 1084, 1085, 1093, 1094, 1105, 1106, 1112, 1113, 1114, 1115, 1116, 1133, 1138, 1139, 1174, 1175, 1177, 1178, 1179, 1180, 1187, 1188, 1189, 1190, 1192, 1204, 1205, 1211, 1212, 1213, 1214, 1215, 1216, 1217, 1218, 1225, 1226, 1227, 1228, 1229, 1230, 1231, 1238, 1239, 1240, 1282, 1283, 1286, 1287, 1288, 1289, 1296, 1297, 1308, 1309, 1315, 1316, 1317, 1318, 1319, 1335, 1336, 1338, 1342, 1343, 1351, 1378, 1379, 1399, 1419, 1458, 1459, 1461, 1462, 1463, 1471, 1472, 1483, 1488, 1489, 1490, 1491, 1492, 1510, 1511, 1517, 1519, 1520, 1522, 1523, 1524, 1532, 1536, 1537, 1538, 1546, 1568, 1569, 1609, 1610, 1612, 1642, 1643, 1645], "excluded_lines": [], "start_line": 725, "executed_branches": [[748, 749], [748, 794], [877, 878], [877, 897], [986, 987], [986, 989], [1011, 1012], [1011, 1031], [1031, 1032], [1031, 1242], [1032, 1035], [1045, 1047], [1045, 1119], [1080, 1082], [1132, 1142], [1242, 1243], [1242, 1402], [1252, 1253], [1252, 1321], [1284, 1285], [1334, 1357], [1398, 1242], [1402, 1403], [1402, 1647], [1403, 1404], [1403, 1647], [1409, 1410], [1409, 1423], [1418, 1420], [1425, 1427], [1425, 1495], [1509, 1549], [1611, 1403], [1644, 1403], [1647, 1648], [1647, 1664]], "missing_branches": [[1032, 1033], [1080, 1081], [1114, 1115], [1114, 1116], [1132, 1133], [1138, 1139], [1138, 1142], [1213, 1031], [1213, 1214], [1226, 1031], [1226, 1227], [1239, 1031], [1239, 1240], [1284, 1286], [1317, 1318], [1317, 1319], [1334, 1335], [1335, 1336], [1335, 1338], [1398, 1399], [1418, 1419], [1490, 1491], [1490, 1492], [1509, 1510], [1517, 1519], [1517, 1522], [1519, 1520], [1519, 1549], [1611, 1612], [1644, 1645]]}, "convert.add_issue": {"executed_lines": [945], "summary": {"covered_lines": 1, "num_statements": 1, "percent_covered": 100.0, "percent_covered_display": "100.00", "missing_lines": 0, "excluded_lines": 0, "percent_statements_covered": 100.0, "percent_statements_covered_display": "100.00", "num_branches": 0, "num_partial_branches": 0, "covered_branches": 0, "missing_branches": 0, "percent_branches_covered": 100.0, "percent_branches_covered_display": "100.00"}, "missing_lines": [], "excluded_lines": [], "start_line": 936, "executed_branches": [], "missing_branches": []}, "convert.add_aggregated_validation_issues": {"executed_lines": [958, 960, 961, 962, 963, 964, 966, 968], "summary": {"covered_lines": 8, "num_statements": 11, "percent_covered": 71.42857142857143, "percent_covered_display": "71.43", "missing_lines": 3, "excluded_lines": 0, "percent_statements_covered": 72.72727272727273, "percent_statements_covered_display": "72.73", "num_branches": 10, "num_partial_branches": 3, "covered_branches": 7, "missing_branches": 3, "percent_branches_covered": 70.0, "percent_branches_covered_display": "70.00"}, "missing_lines": [959, 965, 967], "excluded_lines": [], "start_line": 957, "executed_branches": [[958, 960], [960, -957], [960, 961], [961, 960], [961, 962], [964, 966], [966, 968]], "missing_branches": [[958, 959], [964, 965], [966, 967]]}, "convert_zip": {"executed_lines": [1684, 1685, 1686, 1687, 1694, 1695, 1702, 1735, 1736, 1737, 1738, 1739, 1740, 1742, 1744, 1746, 1766, 1767, 1771, 1772, 1773, 1784, 1785, 1786, 1787, 1789, 1790, 1791, 1792, 1793, 1794, 1795, 1797, 1798, 1800, 1802, 1803, 1814, 1817, 1818, 1819, 1820, 1831, 1832, 1842, 1843, 1844, 1845, 1846, 1847, 1848, 1849, 1850, 1853, 1854, 1856, 1859, 1861, 1862, 1865, 1866, 1877, 1880, 1881, 1883, 1884, 1895, 1896, 1904, 1905, 1907, 1908, 1919, 1920, 1930, 1931, 1934, 1935, 1936, 1937, 1940, 1941, 1942, 1944, 1945, 1946, 1948, 1949, 1960, 1961, 1969, 1997, 1998, 2000, 2003, 2005, 2006, 2009, 2010, 2020, 2073, 2074, 2075, 2081, 2082, 2084, 2085, 2086, 2087, 2088, 2089, 2090, 2092, 2093], "summary": {"covered_lines": 114, "num_statements": 163, "percent_covered": 73.01587301587301, "percent_covered_display": "73.02", "missing_lines": 49, "excluded_lines": 0, "percent_statements_covered": 69.93865030674847, "percent_statements_covered_display": "69.94", "num_branches": 26, "num_partial_branches": 2, "covered_branches": 24, "missing_branches": 2, "percent_branches_covered": 92.3076923076923, "percent_branches_covered_display": "92.31"}, "missing_lines": [1688, 1689, 1696, 1698, 1747, 1768, 1769, 1774, 1775, 1815, 1816, 1838, 1839, 1878, 1879, 1902, 1903, 1926, 1927, 1932, 1967, 1968, 1970, 1971, 1973, 1974, 1985, 1986, 1992, 1993, 1994, 2021, 2022, 2023, 2024, 2026, 2027, 2038, 2039, 2045, 2046, 2047, 2048, 2050, 2051, 2062, 2063, 2069, 2070], "excluded_lines": [], "start_line": 1676, "executed_branches": [[1685, 1686], [1685, 1702], [1735, 1736], [1735, 1742], [1746, 1766], [1789, 1790], [1789, 1842], [1842, 1843], [1842, 1930], [1843, 1844], [1843, 1930], [1848, 1849], [1848, 1853], [1930, 1931], [1930, 2073], [1931, 1934], [1942, 1944], [1942, 1997], [2073, 2074], [2073, 2084], [2086, 2087], [2086, 2088], [2088, 2089], [2088, 2090]], "missing_branches": [[1746, 1747], [1931, 1932]]}, "": {"executed_lines": [2, 4, 5, 6, 7, 8, 9, 10, 11, 14, 16, 17, 18, 20, 22, 23, 24, 25, 34, 35, 36, 37, 38, 39, 40, 41, 42, 43, 44, 71, 72, 74, 106, 109, 112, 115, 156, 166, 173, 186, 209, 216, 217, 218, 220, 228, 230, 239, 246, 247, 273, 293, 300, 310, 318, 346, 350, 351, 352, 353, 355, 356, 357, 361, 362, 363, 367, 368, 369, 373, 377, 386, 387, 409, 410, 480, 481, 563, 566, 722, 725, 1673, 1676, 2102], "summary": {"covered_lines": 84, "num_statements": 107, "percent_covered": 77.98165137614679, "percent_covered_display": "77.98", "missing_lines": 23, "excluded_lines": 0, "percent_statements_covered": 78.50467289719626, "percent_statements_covered_display": "78.50", "num_branches": 2, "num_partial_branches": 1, "covered_branches": 1, "missing_branches": 1, "percent_branches_covered": 50.0, "percent_branches_covered_display": "50.00"}, "missing_lines": [45, 47, 48, 49, 50, 59, 60, 61, 62, 63, 64, 65, 66, 67, 68, 69, 240, 358, 359, 364, 365, 370, 371], "excluded_lines": [], "start_line": 1, "executed_branches": [[239, 246]], "missing_branches": [[239, 240]]}}, "classes": {"ConvertRequestLoggingMiddleware": {"executed_lines": [113, 116, 120, 121, 123, 124, 125, 127, 132, 142, 143, 144, 145, 151, 153], "summary": {"covered_lines": 15, "num_statements": 17, "percent_covered": 86.95652173913044, "percent_covered_display": "86.96", "missing_lines": 2, "excluded_lines": 0, "percent_statements_covered": 88.23529411764706, "percent_statements_covered_display": "88.24", "num_branches": 6, "num_partial_branches": 1, "covered_branches": 5, "missing_branches": 1, "percent_branches_covered": 83.33333333333333, "percent_branches_covered_display": "83.33"}, "missing_lines": [117, 118], "excluded_lines": [], "start_line": 109, "executed_branches": [[116, 120], [123, 124], [123, 127], [143, 144], [143, 151]], "missing_branches": [[116, 117]]}, "": {"executed_lines": [2, 4, 5, 6, 7, 8, 9, 10, 11, 14, 16, 17, 18, 20, 22, 23, 24, 25, 34, 35, 36, 37, 38, 39, 40, 41, 42, 43, 44, 71, 72, 74, 106, 109, 112, 115, 156, 158, 166, 168, 169, 170, 173, 175, 176, 177, 178, 179, 180, 183, 186, 188, 189, 191, 193, 194, 196, 199, 200, 204, 206, 209, 211, 213, 216, 217, 218, 220, 228, 230, 239, 246, 247, 254, 257, 258, 260, 261, 262, 263, 264, 265, 269, 273, 279, 280, 281, 282, 283, 285, 286, 287, 293, 295, 296, 297, 300, 302, 303, 304, 305, 307, 310, 312, 313, 314, 318, 319, 320, 322, 324, 333, 342, 343, 346, 350, 351, 352, 353, 355, 356, 357, 361, 362, 363, 367, 368, 369, 373, 377, 386, 387, 398, 399, 400, 401, 402, 403, 404, 405, 406, 409, 410, 451, 452, 456, 457, 458, 466, 480, 481, 519, 520, 532, 533, 534, 535, 538, 539, 540, 541, 551, 552, 554, 563, 566, 612, 614, 633, 634, 638, 641, 642, 647, 648, 649, 657, 658, 659, 673, 674, 683, 722, 725, 737, 747, 748, 749, 750, 751, 752, 753, 754, 772, 773, 774, 776, 777, 794, 877, 878, 879, 880, 881, 882, 883, 884, 885, 887, 895, 897, 898, 899, 900, 903, 904, 908, 909, 910, 911, 912, 913, 931, 932, 933, 934, 936, 945, 957, 958, 960, 961, 962, 963, 964, 966, 968, 979, 982, 985, 986, 987, 989, 991, 998, 1011, 1012, 1031, 1032, 1035, 1036, 1037, 1038, 1040, 1043, 1044, 1045, 1047, 1048, 1049, 1050, 1057, 1059, 1060, 1071, 1072, 1080, 1082, 1119, 1120, 1123, 1124, 1130, 1132, 1142, 1148, 1151, 1152, 1153, 1155, 1166, 1167, 1242, 1243, 1244, 1245, 1246, 1247, 1249, 1250, 1251, 1252, 1253, 1254, 1255, 1262, 1263, 1264, 1275, 1276, 1284, 1285, 1321, 1322, 1324, 1330, 1331, 1332, 1334, 1357, 1358, 1369, 1370, 1371, 1381, 1389, 1390, 1391, 1398, 1402, 1403, 1404, 1405, 1406, 1407, 1408, 1409, 1410, 1411, 1418, 1420, 1423, 1424, 1425, 1427, 1428, 1429, 1430, 1437, 1439, 1440, 1451, 1452, 1460, 1495, 1496, 1499, 1502, 1505, 1506, 1509, 1549, 1550, 1561, 1571, 1572, 1580, 1581, 1582, 1590, 1591, 1602, 1603, 1611, 1613, 1614, 1615, 1623, 1624, 1635, 1636, 1644, 1647, 1648, 1654, 1664, 1673, 1676, 1684, 1685, 1686, 1687, 1694, 1695, 1702, 1735, 1736, 1737, 1738, 1739, 1740, 1742, 1744, 1746, 1766, 1767, 1771, 1772, 1773, 1784, 1785, 1786, 1787, 1789, 1790, 1791, 1792, 1793, 1794, 1795, 1797, 1798, 1800, 1802, 1803, 1814, 1817, 1818, 1819, 1820, 1831, 1832, 1842, 1843, 1844, 1845, 1846, 1847, 1848, 1849, 1850, 1853, 1854, 1856, 1859, 1861, 1862, 1865, 1866, 1877, 1880, 1881, 1883, 1884, 1895, 1896, 1904, 1905, 1907, 1908, 1919, 1920, 1930, 1931, 1934, 1935, 1936, 1937, 1940, 1941, 1942, 1944, 1945, 1946, 1948, 1949, 1960, 1961, 1969, 1997, 1998, 2000, 2003, 2005, 2006, 2009, 2010, 2020, 2073, 2074, 2075, 2081, 2082, 2084, 2085, 2086, 2087, 2088, 2089, 2090, 2092, 2093, 2102], "summary": {"covered_lines": 493, "num_statements": 726, "percent_covered": 67.11711711711712, "percent_covered_display": "67.12", "missing_lines": 233, "excluded_lines": 0, "percent_statements_covered": 67.90633608815428, "percent_statements_covered_display": "67.91", "num_branches": 162, "num_partial_branches": 29, "covered_branches": 103, "missing_branches": 59, "percent_branches_covered": 63.58024691358025, "percent_branches_covered_display": "63.58"}, "missing_lines": [45, 47, 48, 49, 50, 59, 60, 61, 62, 63, 64, 65, 66, 67, 68, 69, 181, 182, 195, 205, 212, 240, 266, 267, 288, 289, 290, 306, 358, 359, 364, 365, 370, 371, 379, 380, 382, 453, 454, 525, 526, 615, 616, 617, 618, 621, 622, 623, 624, 625, 626, 627, 628, 630, 635, 636, 643, 644, 650, 651, 662, 663, 664, 665, 666, 715, 716, 717, 718, 719, 905, 906, 959, 965, 967, 1033, 1078, 1079, 1081, 1083, 1084, 1085, 1093, 1094, 1105, 1106, 1112, 1113, 1114, 1115, 1116, 1133, 1138, 1139, 1174, 1175, 1177, 1178, 1179, 1180, 1187, 1188, 1189, 1190, 1192, 1204, 1205, 1211, 1212, 1213, 1214, 1215, 1216, 1217, 1218, 1225, 1226, 1227, 1228, 1229, 1230, 1231, 1238, 1239, 1240, 1282, 1283, 1286, 1287, 1288, 1289, 1296, 1297, 1308, 1309, 1315, 1316, 1317, 1318, 1319, 1335, 1336, 1338, 1342, 1343, 1351, 1378, 1379, 1399, 1419, 1458, 1459, 1461, 1462, 1463, 1471, 1472, 1483, 1488, 1489, 1490, 1491, 1492, 1510, 1511, 1517, 1519, 1520, 1522, 1523, 1524, 1532, 1536, 1537, 1538, 1546, 1568, 1569, 1609, 1610, 1612, 1642, 1643, 1645, 1688, 1689, 1696, 1698, 1747, 1768, 1769, 1774, 1775, 1815, 1816, 1838, 1839, 1878, 1879, 1902, 1903, 1926, 1927, 1932, 1967, 1968, 1970, 1971, 1973, 1974, 1985, 1986, 1992, 1993, 1994, 2021, 2022, 2023, 2024, 2026, 2027, 2038, 2039, 2045, 2046, 2047, 2048, 2050, 2051, 2062, 2063, 2069, 2070], "excluded_lines": [], "start_line": 1, "executed_branches": [[168, 169], [176, 177], [176, 183], [177, 178], [177, 180], [180, 176], [191, 193], [191, 199], [194, 196], [204, 206], [211, 213], [239, 246], [260, 261], [262, 263], [264, 265], [282, 283], [282, 287], [283, 282], [283, 285], [285, 286], [295, 296], [295, 297], [302, 303], [302, 304], [305, 307], [319, 320], [319, 322], [457, 458], [457, 466], [539, 540], [539, 554], [551, 539], [551, 552], [614, 633], [647, 648], [658, 659], [748, 749], [748, 794], [877, 878], [877, 897], [958, 960], [960, -957], [960, 961], [961, 960], [961, 962], [964, 966], [966, 968], [986, 987], [986, 989], [1011, 1012], [1011, 1031], [1031, 1032], [1031, 1242], [1032, 1035], [1045, 1047], [1045, 1119], [1080, 1082], [1132, 1142], [1242, 1243], [1242, 1402], [1252, 1253], [1252, 1321], [1284, 1285], [1334, 1357], [1398, 1242], [1402, 1403], [1402, 1647], [1403, 1404], [1403, 1647], [1409, 1410], [1409, 1423], [1418, 1420], [1425, 1427], [1425, 1495], [1509, 1549], [1611, 1403], [1644, 1403], [1647, 1648], [1647, 1664], [1685, 1686], [1685, 1702], [1735, 1736], [1735, 1742], [1746, 1766], [1789, 1790], [1789, 1842], [1842, 1843], [1842, 1930], [1843, 1844], [1843, 1930], [1848, 1849], [1848, 1853], [1930, 1931], [1930, 2073], [1931, 1934], [1942, 1944], [1942, 1997], [2073, 2074], [2073, 2084], [2086, 2087], [2086, 2088], [2088, 2089], [2088, 2090]], "missing_branches": [[168, 170], [180, 181], [194, 195], [204, 205], [211, 212], [239, 240], [260, 262], [262, 264], [264, 269], [285, 282], [305, 306], [614, 615], [621, 622], [621, 623], [623, 624], [623, 625], [625, 626], [625, 627], [627, 628], [627, 630], [647, 657], [658, 662], [662, 663], [662, 673], [958, 959], [964, 965], [966, 967], [1032, 1033], [1080, 1081], [1114, 1115], [1114, 1116], [1132, 1133], [1138, 1139], [1138, 1142], [1213, 1031], [1213, 1214], [1226, 1031], [1226, 1227], [1239, 1031], [1239, 1240], [1284, 1286], [1317, 1318], [1317, 1319], [1334, 1335], [1335, 1336], [1335, 1338], [1398, 1399], [1418, 1419], [1490, 1491], [1490, 1492], [1509, 1510], [1517, 1519], [1517, 1522], [1519, 1520], [1519, 1549], [1611, 1612], [1644, 1645], [1746, 1747], [1931, 1932]]}}}, "src/clients/__init__.py": {"executed_lines": [2], "summary": {"covered_lines": 1, "num_statements": 1, "percent_covered": 100.0, "percent_covered_display": "100.00", "missing_lines": 0, "excluded_lines": 0, "percent_statements_covered": 100.0, "percent_statements_covered_display": "100.00", "num_branches": 0, "num_partial_branches": 0, "covered_branches": 0, "missing_branches": 0, "percent_branches_covered": 100.0, "percent_branches_covered_display": "100.00"}, "missing_lines": [], "excluded_lines": [], "executed_branches": [], "missing_branches": [], "functions": {"": {"executed_lines": [2], "summary": {"covered_lines": 1, "num_statements": 1, "percent_covered": 100.0, "percent_covered_display": "100.00", "missing_lines": 0, "excluded_lines": 0, "percent_statements_covered": 100.0, "percent_statements_covered_display": "100.00", "num_branches": 0, "num_partial_branches": 0, "covered_branches": 0, "missing_branches": 0, "percent_branches_covered": 100.0, "percent_branches_covered_display": "100.00"}, "missing_lines": [], "excluded_lines": [], "start_line": 1, "executed_branches": [], "missing_branches": []}}, "classes": {"": {"executed_lines": [2], "summary": {"covered_lines": 1, "num_statements": 1, "percent_covered": 100.0, "percent_covered_display": "100.00", "missing_lines": 0, "excluded_lines": 0, "percent_statements_covered": 100.0, "percent_statements_covered_display": "100.00", "num_branches": 0, "num_partial_branches": 0, "covered_branches": 0, "missing_branches": 0, "percent_branches_covered": 100.0, "percent_branches_covered_display": "100.00"}, "missing_lines": [], "excluded_lines": [], "start_line": 1, "executed_branches": [], "missing_branches": []}}}, "src/clients/aviation_weather_client.py": {"executed_lines": [2, 3, 4, 5, 6, 7, 8, 9, 12, 14, 17, 20, 21, 22, 24, 25, 26, 28, 29, 30, 32, 33, 34, 36, 51, 54, 57, 58, 61, 68, 69, 70, 71, 74, 75, 81, 82, 84, 86, 102, 105, 107, 108, 116, 119, 121, 122, 124, 126, 127, 129, 145, 147, 149, 150, 151, 152, 154, 155, 157, 158, 159, 161, 164, 166, 167, 168, 169, 170, 172, 173, 174, 177, 182, 184, 189, 191, 192, 193, 196, 197, 200, 202, 258, 302, 317, 333, 336, 342, 347, 351, 360, 384, 410, 429], "summary": {"covered_lines": 95, "num_statements": 193, "percent_covered": 49.42965779467681, "percent_covered_display": "49.43", "missing_lines": 98, "excluded_lines": 0, "percent_statements_covered": 49.22279792746114, "percent_statements_covered_display": "49.22", "num_branches": 70, "num_partial_branches": 9, "covered_branches": 35, "missing_branches": 35, "percent_branches_covered": 50.0, "percent_branches_covered_display": "50.00"}, "missing_lines": [52, 103, 125, 178, 179, 180, 198, 218, 219, 221, 223, 224, 232, 234, 236, 237, 238, 239, 240, 241, 242, 245, 246, 247, 248, 249, 251, 252, 253, 254, 255, 256, 274, 276, 284, 287, 288, 289, 290, 291, 293, 296, 297, 299, 309, 310, 312, 313, 314, 315, 324, 325, 327, 328, 329, 330, 337, 338, 339, 340, 344, 345, 349, 353, 354, 356, 357, 358, 367, 368, 371, 372, 373, 376, 379, 380, 382, 392, 393, 396, 397, 398, 401, 404, 405, 407, 417, 418, 420, 425, 426, 427, 436, 437, 439, 444, 445, 446], "excluded_lines": [], "executed_branches": [[33, 34], [51, 54], [57, 58], [57, 84], [68, 69], [68, 70], [70, 71], [70, 74], [74, 75], [74, 81], [81, 57], [81, 82], [102, 105], [122, 124], [147, 149], [147, 161], [149, 150], [149, 182], [151, 152], [151, 154], [155, 157], [158, 159], [161, 164], [164, 166], [164, 177], [167, 168], [167, 182], [168, 169], [168, 170], [173, 167], [173, 174], [177, 182], [192, 193], [192, 196], [197, 200]], "missing_branches": [[33, -32], [51, 52], [102, 103], [122, 125], [155, 149], [158, 149], [161, 182], [177, 178], [179, 180], [179, 182], [197, 198], [218, 219], [218, 221], [234, 236], [234, 245], [236, 237], [236, 238], [246, 247], [246, 249], [247, 246], [247, 248], [252, 253], [252, 254], [274, 276], [274, 284], [287, 288], [287, 296], [296, 297], [296, 299], [353, 354], [353, 356], [371, 372], [371, 376], [396, 397], [396, 401]], "functions": {"AviationWeatherClient.__init__": {"executed_lines": [25, 26], "summary": {"covered_lines": 2, "num_statements": 2, "percent_covered": 100.0, "percent_covered_display": "100.00", "missing_lines": 0, "excluded_lines": 0, "percent_statements_covered": 100.0, "percent_statements_covered_display": "100.00", "num_branches": 0, "num_partial_branches": 0, "covered_branches": 0, "missing_branches": 0, "percent_branches_covered": 100.0, "percent_branches_covered_display": "100.00"}, "missing_lines": [], "excluded_lines": [], "start_line": 24, "executed_branches": [], "missing_branches": []}, "AviationWeatherClient.__aenter__": {"executed_lines": [29, 30], "summary": {"covered_lines": 2, "num_statements": 2, "percent_covered": 100.0, "percent_covered_display": "100.00", "missing_lines": 0, "excluded_lines": 0, "percent_statements_covered": 100.0, "percent_statements_covered_display": "100.00", "num_branches": 0, "num_partial_branches": 0, "covered_branches": 0, "missing_branches": 0, "percent_branches_covered": 100.0, "percent_branches_covered_display": "100.00"}, "missing_lines": [], "excluded_lines": [], "start_line": 28, "executed_branches": [], "missing_branches": []}, "AviationWeatherClient.__aexit__": {"executed_lines": [33, 34], "summary": {"covered_lines": 2, "num_statements": 2, "percent_covered": 75.0, "percent_covered_display": "75.00", "missing_lines": 0, "excluded_lines": 0, "percent_statements_covered": 100.0, "percent_statements_covered_display": "100.00", "num_branches": 2, "num_partial_branches": 1, "covered_branches": 1, "missing_branches": 1, "percent_branches_covered": 50.0, "percent_branches_covered_display": "50.00"}, "missing_lines": [], "excluded_lines": [], "start_line": 32, "executed_branches": [[33, 34]], "missing_branches": [[33, -32]]}, "AviationWeatherClient.fetch_metar_batch": {"executed_lines": [51, 54, 57, 58, 61, 68, 69, 70, 71, 74, 75, 81, 82, 84], "summary": {"covered_lines": 14, "num_statements": 15, "percent_covered": 92.5925925925926, "percent_covered_display": "92.59", "missing_lines": 1, "excluded_lines": 0, "percent_statements_covered": 93.33333333333333, "percent_statements_covered_display": "93.33", "num_branches": 12, "num_partial_branches": 1, "covered_branches": 11, "missing_branches": 1, "percent_branches_covered": 91.66666666666667, "percent_branches_covered_display": "91.67"}, "missing_lines": [52], "excluded_lines": [], "start_line": 36, "executed_branches": [[51, 54], [57, 58], [57, 84], [68, 69], [68, 70], [70, 71], [70, 74], [74, 75], [74, 81], [81, 57], [81, 82]], "missing_branches": [[51, 52]]}, "AviationWeatherClient._fetch_format": {"executed_lines": [102, 105, 107, 108, 116, 119, 121, 122, 124, 126, 127], "summary": {"covered_lines": 11, "num_statements": 13, "percent_covered": 76.47058823529412, "percent_covered_display": "76.47", "missing_lines": 2, "excluded_lines": 0, "percent_statements_covered": 84.61538461538461, "percent_statements_covered_display": "84.62", "num_branches": 4, "num_partial_branches": 2, "covered_branches": 2, "missing_branches": 2, "percent_branches_covered": 50.0, "percent_branches_covered_display": "50.00"}, "missing_lines": [103, 125], "excluded_lines": [], "start_line": 86, "executed_branches": [[102, 105], [122, 124]], "missing_branches": [[102, 103], [122, 125]]}, "AviationWeatherClient._parse_response": {"executed_lines": [145, 147, 149, 150, 151, 152, 154, 155, 157, 158, 159, 161, 164, 166, 167, 168, 169, 170, 172, 173, 174, 177, 182], "summary": {"covered_lines": 23, "num_statements": 26, "percent_covered": 82.0, "percent_covered_display": "82.00", "missing_lines": 3, "excluded_lines": 0, "percent_statements_covered": 88.46153846153847, "percent_statements_covered_display": "88.46", "num_branches": 24, "num_partial_branches": 4, "covered_branches": 18, "missing_branches": 6, "percent_branches_covered": 75.0, "percent_branches_covered_display": "75.00"}, "missing_lines": [178, 179, 180], "excluded_lines": [], "start_line": 129, "executed_branches": [[147, 149], [147, 161], [149, 150], [149, 182], [151, 152], [151, 154], [155, 157], [158, 159], [161, 164], [164, 166], [164, 177], [167, 168], [167, 182], [168, 169], [168, 170], [173, 167], [173, 174], [177, 182]], "missing_branches": [[155, 149], [158, 149], [161, 182], [177, 178], [179, 180], [179, 182]]}, "AviationWeatherClient._extract_station_from_xml": {"executed_lines": [189, 191, 192, 193, 196, 197, 200], "summary": {"covered_lines": 7, "num_statements": 8, "percent_covered": 83.33333333333333, "percent_covered_display": "83.33", "missing_lines": 1, "excluded_lines": 0, "percent_statements_covered": 87.5, "percent_statements_covered_display": "87.50", "num_branches": 4, "num_partial_branches": 1, "covered_branches": 3, "missing_branches": 1, "percent_branches_covered": 75.0, "percent_branches_covered_display": "75.00"}, "missing_lines": [198], "excluded_lines": [], "start_line": 184, "executed_branches": [[192, 193], [192, 196], [197, 200]], "missing_branches": [[197, 198]]}, "AviationWeatherClient.fetch_metars_by_bbox": {"executed_lines": [], "summary": {"covered_lines": 0, "num_statements": 25, "percent_covered": 0.0, "percent_covered_display": "0.00", "missing_lines": 25, "excluded_lines": 0, "percent_statements_covered": 0.0, "percent_statements_covered_display": "0.00", "num_branches": 12, "num_partial_branches": 0, "covered_branches": 0, "missing_branches": 12, "percent_branches_covered": 0.0, "percent_branches_covered_display": "0.00"}, "missing_lines": [218, 219, 221, 223, 224, 232, 234, 236, 237, 238, 239, 240, 241, 242, 245, 246, 247, 248, 249, 251, 252, 253, 254, 255, 256], "excluded_lines": [], "start_line": 202, "executed_branches": [], "missing_branches": [[218, 219], [218, 221], [234, 236], [234, 245], [236, 237], [236, 238], [246, 247], [246, 249], [247, 246], [247, 248], [252, 253], [252, 254]]}, "AviationWeatherClient.fetch_random_sample": {"executed_lines": [], "summary": {"covered_lines": 0, "num_statements": 12, "percent_covered": 0.0, "percent_covered_display": "0.00", "missing_lines": 12, "excluded_lines": 0, "percent_statements_covered": 0.0, "percent_statements_covered_display": "0.00", "num_branches": 6, "num_partial_branches": 0, "covered_branches": 0, "missing_branches": 6, "percent_branches_covered": 0.0, "percent_branches_covered_display": "0.00"}, "missing_lines": [274, 276, 284, 287, 288, 289, 290, 291, 293, 296, 297, 299], "excluded_lines": [], "start_line": 258, "executed_branches": [], "missing_branches": [[274, 276], [274, 284], [287, 288], [287, 296], [296, 297], [296, 299]]}, "AviationWeatherClient.fetch_metars_by_bbox_sync": {"executed_lines": [], "summary": {"covered_lines": 0, "num_statements": 2, "percent_covered": 0.0, "percent_covered_display": "0.00", "missing_lines": 2, "excluded_lines": 0, "percent_statements_covered": 0.0, "percent_statements_covered_display": "0.00", "num_branches": 0, "num_partial_branches": 0, "covered_branches": 0, "missing_branches": 0, "percent_branches_covered": 100.0, "percent_branches_covered_display": "100.00"}, "missing_lines": [309, 315], "excluded_lines": [], "start_line": 302, "executed_branches": [], "missing_branches": []}, "AviationWeatherClient.fetch_metars_by_bbox_sync._fetch": {"executed_lines": [], "summary": {"covered_lines": 0, "num_statements": 4, "percent_covered": 0.0, "percent_covered_display": "0.00", "missing_lines": 4, "excluded_lines": 0, "percent_statements_covered": 0.0, "percent_statements_covered_display": "0.00", "num_branches": 0, "num_partial_branches": 0, "covered_branches": 0, "missing_branches": 0, "percent_branches_covered": 100.0, "percent_branches_covered_display": "100.00"}, "missing_lines": [310, 312, 313, 314], "excluded_lines": [], "start_line": 309, "executed_branches": [], "missing_branches": []}, "AviationWeatherClient.fetch_random_sample_sync": {"executed_lines": [], "summary": {"covered_lines": 0, "num_statements": 2, "percent_covered": 0.0, "percent_covered_display": "0.00", "missing_lines": 2, "excluded_lines": 0, "percent_statements_covered": 0.0, "percent_statements_covered_display": "0.00", "num_branches": 0, "num_partial_branches": 0, "covered_branches": 0, "missing_branches": 0, "percent_branches_covered": 100.0, "percent_branches_covered_display": "100.00"}, "missing_lines": [324, 330], "excluded_lines": [], "start_line": 317, "executed_branches": [], "missing_branches": []}, "AviationWeatherClient.fetch_random_sample_sync._fetch": {"executed_lines": [], "summary": {"covered_lines": 0, "num_statements": 4, "percent_covered": 0.0, "percent_covered_display": "0.00", "missing_lines": 4, "excluded_lines": 0, "percent_statements_covered": 0.0, "percent_statements_covered_display": "0.00", "num_branches": 0, "num_partial_branches": 0, "covered_branches": 0, "missing_branches": 0, "percent_branches_covered": 100.0, "percent_branches_covered_display": "100.00"}, "missing_lines": [325, 327, 328, 329], "excluded_lines": [], "start_line": 324, "executed_branches": [], "missing_branches": []}, "CachedAviationWeatherClient.__init__": {"executed_lines": [], "summary": {"covered_lines": 0, "num_statements": 4, "percent_covered": 0.0, "percent_covered_display": "0.00", "missing_lines": 4, "excluded_lines": 0, "percent_statements_covered": 0.0, "percent_statements_covered_display": "0.00", "num_branches": 0, "num_partial_branches": 0, "covered_branches": 0, "missing_branches": 0, "percent_branches_covered": 100.0, "percent_branches_covered_display": "100.00"}, "missing_lines": [337, 338, 339, 340], "excluded_lines": [], "start_line": 336, "executed_branches": [], "missing_branches": []}, "CachedAviationWeatherClient._cache_key": {"executed_lines": [], "summary": {"covered_lines": 0, "num_statements": 2, "percent_covered": 0.0, "percent_covered_display": "0.00", "missing_lines": 2, "excluded_lines": 0, "percent_statements_covered": 0.0, "percent_statements_covered_display": "0.00", "num_branches": 0, "num_partial_branches": 0, "covered_branches": 0, "missing_branches": 0, "percent_branches_covered": 100.0, "percent_branches_covered_display": "100.00"}, "missing_lines": [344, 345], "excluded_lines": [], "start_line": 342, "executed_branches": [], "missing_branches": []}, "CachedAviationWeatherClient._get_cache_path": {"executed_lines": [], "summary": {"covered_lines": 0, "num_statements": 1, "percent_covered": 0.0, "percent_covered_display": "0.00", "missing_lines": 1, "excluded_lines": 0, "percent_statements_covered": 0.0, "percent_statements_covered_display": "0.00", "num_branches": 0, "num_partial_branches": 0, "covered_branches": 0, "missing_branches": 0, "percent_branches_covered": 100.0, "percent_branches_covered_display": "100.00"}, "missing_lines": [349], "excluded_lines": [], "start_line": 347, "executed_branches": [], "missing_branches": []}, "CachedAviationWeatherClient._is_cache_valid": {"executed_lines": [], "summary": {"covered_lines": 0, "num_statements": 5, "percent_covered": 0.0, "percent_covered_display": "0.00", "missing_lines": 5, "excluded_lines": 0, "percent_statements_covered": 0.0, "percent_statements_covered_display": "0.00", "num_branches": 2, "num_partial_branches": 0, "covered_branches": 0, "missing_branches": 2, "percent_branches_covered": 0.0, "percent_branches_covered_display": "0.00"}, "missing_lines": [353, 354, 356, 357, 358], "excluded_lines": [], "start_line": 351, "executed_branches": [], "missing_branches": [[353, 354], [353, 356]]}, "CachedAviationWeatherClient.fetch_metars_by_bbox": {"executed_lines": [], "summary": {"covered_lines": 0, "num_statements": 9, "percent_covered": 0.0, "percent_covered_display": "0.00", "missing_lines": 9, "excluded_lines": 0, "percent_statements_covered": 0.0, "percent_statements_covered_display": "0.00", "num_branches": 2, "num_partial_branches": 0, "covered_branches": 0, "missing_branches": 2, "percent_branches_covered": 0.0, "percent_branches_covered_display": "0.00"}, "missing_lines": [367, 368, 371, 372, 373, 376, 379, 380, 382], "excluded_lines": [], "start_line": 360, "executed_branches": [], "missing_branches": [[371, 372], [371, 376]]}, "CachedAviationWeatherClient.fetch_random_sample": {"executed_lines": [], "summary": {"covered_lines": 0, "num_statements": 9, "percent_covered": 0.0, "percent_covered_display": "0.00", "missing_lines": 9, "excluded_lines": 0, "percent_statements_covered": 0.0, "percent_statements_covered_display": "0.00", "num_branches": 2, "num_partial_branches": 0, "covered_branches": 0, "missing_branches": 2, "percent_branches_covered": 0.0, "percent_branches_covered_display": "0.00"}, "missing_lines": [392, 393, 396, 397, 398, 401, 404, 405, 407], "excluded_lines": [], "start_line": 384, "executed_branches": [], "missing_branches": [[396, 397], [396, 401]]}, "CachedAviationWeatherClient.fetch_metars_by_bbox_sync": {"executed_lines": [], "summary": {"covered_lines": 0, "num_statements": 2, "percent_covered": 0.0, "percent_covered_display": "0.00", "missing_lines": 2, "excluded_lines": 0, "percent_statements_covered": 0.0, "percent_statements_covered_display": "0.00", "num_branches": 0, "num_partial_branches": 0, "covered_branches": 0, "missing_branches": 0, "percent_branches_covered": 100.0, "percent_branches_covered_display": "100.00"}, "missing_lines": [417, 427], "excluded_lines": [], "start_line": 410, "executed_branches": [], "missing_branches": []}, "CachedAviationWeatherClient.fetch_metars_by_bbox_sync._fetch": {"executed_lines": [], "summary": {"covered_lines": 0, "num_statements": 4, "percent_covered": 0.0, "percent_covered_display": "0.00", "missing_lines": 4, "excluded_lines": 0, "percent_statements_covered": 0.0, "percent_statements_covered_display": "0.00", "num_branches": 0, "num_partial_branches": 0, "covered_branches": 0, "missing_branches": 0, "percent_branches_covered": 100.0, "percent_branches_covered_display": "100.00"}, "missing_lines": [418, 420, 425, 426], "excluded_lines": [], "start_line": 417, "executed_branches": [], "missing_branches": []}, "CachedAviationWeatherClient.fetch_random_sample_sync": {"executed_lines": [], "summary": {"covered_lines": 0, "num_statements": 2, "percent_covered": 0.0, "percent_covered_display": "0.00", "missing_lines": 2, "excluded_lines": 0, "percent_statements_covered": 0.0, "percent_statements_covered_display": "0.00", "num_branches": 0, "num_partial_branches": 0, "covered_branches": 0, "missing_branches": 0, "percent_branches_covered": 100.0, "percent_branches_covered_display": "100.00"}, "missing_lines": [436, 446], "excluded_lines": [], "start_line": 429, "executed_branches": [], "missing_branches": []}, "CachedAviationWeatherClient.fetch_random_sample_sync._fetch": {"executed_lines": [], "summary": {"covered_lines": 0, "num_statements": 4, "percent_covered": 0.0, "percent_covered_display": "0.00", "missing_lines": 4, "excluded_lines": 0, "percent_statements_covered": 0.0, "percent_statements_covered_display": "0.00", "num_branches": 0, "num_partial_branches": 0, "covered_branches": 0, "missing_branches": 0, "percent_branches_covered": 100.0, "percent_branches_covered_display": "100.00"}, "missing_lines": [437, 439, 444, 445], "excluded_lines": [], "start_line": 436, "executed_branches": [], "missing_branches": []}, "": {"executed_lines": [2, 3, 4, 5, 6, 7, 8, 9, 12, 14, 17, 20, 21, 22, 24, 28, 32, 36, 86, 129, 184, 202, 258, 302, 317, 333, 336, 342, 347, 351, 360, 384, 410, 429], "summary": {"covered_lines": 34, "num_statements": 34, "percent_covered": 100.0, "percent_covered_display": "100.00", "missing_lines": 0, "excluded_lines": 0, "percent_statements_covered": 100.0, "percent_statements_covered_display": "100.00", "num_branches": 0, "num_partial_branches": 0, "covered_branches": 0, "missing_branches": 0, "percent_branches_covered": 100.0, "percent_branches_covered_display": "100.00"}, "missing_lines": [], "excluded_lines": [], "start_line": 1, "executed_branches": [], "missing_branches": []}}, "classes": {"AviationWeatherAPIError": {"executed_lines": [], "summary": {"covered_lines": 0, "num_statements": 0, "percent_covered": 100.0, "percent_covered_display": "100.00", "missing_lines": 0, "excluded_lines": 0, "percent_statements_covered": 100.0, "percent_statements_covered_display": "100.00", "num_branches": 0, "num_partial_branches": 0, "covered_branches": 0, "missing_branches": 0, "percent_branches_covered": 100.0, "percent_branches_covered_display": "100.00"}, "missing_lines": [], "excluded_lines": [], "start_line": 12, "executed_branches": [], "missing_branches": []}, "AviationWeatherClient": {"executed_lines": [25, 26, 29, 30, 33, 34, 51, 54, 57, 58, 61, 68, 69, 70, 71, 74, 75, 81, 82, 84, 102, 105, 107, 108, 116, 119, 121, 122, 124, 126, 127, 145, 147, 149, 150, 151, 152, 154, 155, 157, 158, 159, 161, 164, 166, 167, 168, 169, 170, 172, 173, 174, 177, 182, 189, 191, 192, 193, 196, 197, 200], "summary": {"covered_lines": 61, "num_statements": 117, "percent_covered": 53.03867403314917, "percent_covered_display": "53.04", "missing_lines": 56, "excluded_lines": 0, "percent_statements_covered": 52.136752136752136, "percent_statements_covered_display": "52.14", "num_branches": 64, "num_partial_branches": 9, "covered_branches": 35, "missing_branches": 29, "percent_branches_covered": 54.6875, "percent_branches_covered_display": "54.69"}, "missing_lines": [52, 103, 125, 178, 179, 180, 198, 218, 219, 221, 223, 224, 232, 234, 236, 237, 238, 239, 240, 241, 242, 245, 246, 247, 248, 249, 251, 252, 253, 254, 255, 256, 274, 276, 284, 287, 288, 289, 290, 291, 293, 296, 297, 299, 309, 310, 312, 313, 314, 315, 324, 325, 327, 328, 329, 330], "excluded_lines": [], "start_line": 17, "executed_branches": [[33, 34], [51, 54], [57, 58], [57, 84], [68, 69], [68, 70], [70, 71], [70, 74], [74, 75], [74, 81], [81, 57], [81, 82], [102, 105], [122, 124], [147, 149], [147, 161], [149, 150], [149, 182], [151, 152], [151, 154], [155, 157], [158, 159], [161, 164], [164, 166], [164, 177], [167, 168], [167, 182], [168, 169], [168, 170], [173, 167], [173, 174], [177, 182], [192, 193], [192, 196], [197, 200]], "missing_branches": [[33, -32], [51, 52], [102, 103], [122, 125], [155, 149], [158, 149], [161, 182], [177, 178], [179, 180], [179, 182], [197, 198], [218, 219], [218, 221], [234, 236], [234, 245], [236, 237], [236, 238], [246, 247], [246, 249], [247, 246], [247, 248], [252, 253], [252, 254], [274, 276], [274, 284], [287, 288], [287, 296], [296, 297], [296, 299]]}, "CachedAviationWeatherClient": {"executed_lines": [], "summary": {"covered_lines": 0, "num_statements": 42, "percent_covered": 0.0, "percent_covered_display": "0.00", "missing_lines": 42, "excluded_lines": 0, "percent_statements_covered": 0.0, "percent_statements_covered_display": "0.00", "num_branches": 6, "num_partial_branches": 0, "covered_branches": 0, "missing_branches": 6, "percent_branches_covered": 0.0, "percent_branches_covered_display": "0.00"}, "missing_lines": [337, 338, 339, 340, 344, 345, 349, 353, 354, 356, 357, 358, 367, 368, 371, 372, 373, 376, 379, 380, 382, 392, 393, 396, 397, 398, 401, 404, 405, 407, 417, 418, 420, 425, 426, 427, 436, 437, 439, 444, 445, 446], "excluded_lines": [], "start_line": 333, "executed_branches": [], "missing_branches": [[353, 354], [353, 356], [371, 372], [371, 376], [396, 397], [396, 401]]}, "": {"executed_lines": [2, 3, 4, 5, 6, 7, 8, 9, 12, 14, 17, 20, 21, 22, 24, 28, 32, 36, 86, 129, 184, 202, 258, 302, 317, 333, 336, 342, 347, 351, 360, 384, 410, 429], "summary": {"covered_lines": 34, "num_statements": 34, "percent_covered": 100.0, "percent_covered_display": "100.00", "missing_lines": 0, "excluded_lines": 0, "percent_statements_covered": 100.0, "percent_statements_covered_display": "100.00", "num_branches": 0, "num_partial_branches": 0, "covered_branches": 0, "missing_branches": 0, "percent_branches_covered": 100.0, "percent_branches_covered_display": "100.00"}, "missing_lines": [], "excluded_lines": [], "start_line": 1, "executed_branches": [], "missing_branches": []}}}, "src/clients/openaip_client.py": {"executed_lines": [2, 3, 4, 5, 6, 7, 10, 11, 14, 15, 16, 17, 18, 19, 20, 21, 22, 24, 25, 38, 39, 44, 45, 51, 58, 69, 70, 71, 72, 74, 99, 129, 141, 178, 207], "summary": {"covered_lines": 35, "num_statements": 120, "percent_covered": 21.08433734939759, "percent_covered_display": "21.08", "missing_lines": 85, "excluded_lines": 0, "percent_statements_covered": 29.166666666666668, "percent_statements_covered_display": "29.17", "num_branches": 46, "num_partial_branches": 0, "covered_branches": 0, "missing_branches": 46, "percent_branches_covered": 0.0, "percent_branches_covered_display": "0.00"}, "missing_lines": [27, 28, 30, 31, 32, 34, 36, 41, 42, 47, 48, 76, 77, 80, 82, 83, 84, 85, 88, 89, 90, 91, 92, 93, 95, 97, 101, 102, 105, 106, 107, 110, 111, 113, 114, 115, 117, 119, 138, 139, 157, 159, 160, 162, 163, 165, 166, 167, 168, 169, 171, 173, 174, 176, 184, 186, 187, 188, 190, 191, 192, 193, 194, 195, 196, 198, 223, 224, 226, 228, 230, 232, 234, 235, 236, 237, 242, 245, 246, 247, 249, 252, 254, 255, 256], "excluded_lines": [], "executed_branches": [], "missing_branches": [[27, 28], [27, 30], [30, 31], [30, 36], [32, 34], [32, 36], [76, 77], [76, 80], [82, 83], [82, 97], [88, 82], [88, 89], [89, 82], [89, 90], [91, 89], [91, 92], [106, 107], [106, 110], [111, 113], [111, 119], [114, 115], [114, 117], [160, 162], [160, 176], [162, 163], [162, 165], [165, 166], [165, 171], [168, 169], [168, 171], [173, 160], [173, 174], [190, 191], [190, 198], [191, 192], [191, 193], [193, 194], [193, 195], [195, 190], [195, 196], [223, 224], [223, 226], [226, 228], [226, 230], [235, -207], [235, 236]], "functions": {"Airport.lat_lon": {"executed_lines": [], "summary": {"covered_lines": 0, "num_statements": 7, "percent_covered": 0.0, "percent_covered_display": "0.00", "missing_lines": 7, "excluded_lines": 0, "percent_statements_covered": 0.0, "percent_statements_covered_display": "0.00", "num_branches": 6, "num_partial_branches": 0, "covered_branches": 0, "missing_branches": 6, "percent_branches_covered": 0.0, "percent_branches_covered_display": "0.00"}, "missing_lines": [27, 28, 30, 31, 32, 34, 36], "excluded_lines": [], "start_line": 25, "executed_branches": [], "missing_branches": [[27, 28], [27, 30], [30, 31], [30, 36], [32, 34], [32, 36]]}, "Airport.latitude": {"executed_lines": [], "summary": {"covered_lines": 0, "num_statements": 2, "percent_covered": 0.0, "percent_covered_display": "0.00", "missing_lines": 2, "excluded_lines": 0, "percent_statements_covered": 0.0, "percent_statements_covered_display": "0.00", "num_branches": 0, "num_partial_branches": 0, "covered_branches": 0, "missing_branches": 0, "percent_branches_covered": 100.0, "percent_branches_covered_display": "100.00"}, "missing_lines": [41, 42], "excluded_lines": [], "start_line": 39, "executed_branches": [], "missing_branches": []}, "Airport.longitude": {"executed_lines": [], "summary": {"covered_lines": 0, "num_statements": 2, "percent_covered": 0.0, "percent_covered_display": "0.00", "missing_lines": 2, "excluded_lines": 0, "percent_statements_covered": 0.0, "percent_statements_covered_display": "0.00", "num_branches": 0, "num_partial_branches": 0, "covered_branches": 0, "missing_branches": 0, "percent_branches_covered": 100.0, "percent_branches_covered_display": "100.00"}, "missing_lines": [47, 48], "excluded_lines": [], "start_line": 45, "executed_branches": [], "missing_branches": []}, "OpenAIPClient.__init__": {"executed_lines": [69, 70, 71, 72], "summary": {"covered_lines": 4, "num_statements": 4, "percent_covered": 100.0, "percent_covered_display": "100.00", "missing_lines": 0, "excluded_lines": 0, "percent_statements_covered": 100.0, "percent_statements_covered_display": "100.00", "num_branches": 0, "num_partial_branches": 0, "covered_branches": 0, "missing_branches": 0, "percent_branches_covered": 100.0, "percent_branches_covered_display": "100.00"}, "missing_lines": [], "excluded_lines": [], "start_line": 58, "executed_branches": [], "missing_branches": []}, "OpenAIPClient._load_local_data": {"executed_lines": [], "summary": {"covered_lines": 0, "num_statements": 15, "percent_covered": 0.0, "percent_covered_display": "0.00", "missing_lines": 15, "excluded_lines": 0, "percent_statements_covered": 0.0, "percent_statements_covered_display": "0.00", "num_branches": 10, "num_partial_branches": 0, "covered_branches": 0, "missing_branches": 10, "percent_branches_covered": 0.0, "percent_branches_covered_display": "0.00"}, "missing_lines": [76, 77, 80, 82, 83, 84, 85, 88, 89, 90, 91, 92, 93, 95, 97], "excluded_lines": [], "start_line": 74, "executed_branches": [], "missing_branches": [[76, 77], [76, 80], [82, 83], [82, 97], [88, 82], [88, 89], [89, 82], [89, 90], [91, 89], [91, 92]]}, "OpenAIPClient._parse_feature": {"executed_lines": [], "summary": {"covered_lines": 0, "num_statements": 12, "percent_covered": 0.0, "percent_covered_display": "0.00", "missing_lines": 12, "excluded_lines": 0, "percent_statements_covered": 0.0, "percent_statements_covered_display": "0.00", "num_branches": 6, "num_partial_branches": 0, "covered_branches": 0, "missing_branches": 6, "percent_branches_covered": 0.0, "percent_branches_covered_display": "0.00"}, "missing_lines": [101, 102, 105, 106, 107, 110, 111, 113, 114, 115, 117, 119], "excluded_lines": [], "start_line": 99, "executed_branches": [], "missing_branches": [[106, 107], [106, 110], [111, 113], [111, 119], [114, 115], [114, 117]]}, "OpenAIPClient.get_airport_by_icao": {"executed_lines": [], "summary": {"covered_lines": 0, "num_statements": 2, "percent_covered": 0.0, "percent_covered_display": "0.00", "missing_lines": 2, "excluded_lines": 0, "percent_statements_covered": 0.0, "percent_statements_covered_display": "0.00", "num_branches": 0, "num_partial_branches": 0, "covered_branches": 0, "missing_branches": 0, "percent_branches_covered": 100.0, "percent_branches_covered_display": "100.00"}, "missing_lines": [138, 139], "excluded_lines": [], "start_line": 129, "executed_branches": [], "missing_branches": []}, "OpenAIPClient.search_airports": {"executed_lines": [], "summary": {"covered_lines": 0, "num_statements": 14, "percent_covered": 0.0, "percent_covered_display": "0.00", "missing_lines": 14, "excluded_lines": 0, "percent_statements_covered": 0.0, "percent_statements_covered_display": "0.00", "num_branches": 10, "num_partial_branches": 0, "covered_branches": 0, "missing_branches": 10, "percent_branches_covered": 0.0, "percent_branches_covered_display": "0.00"}, "missing_lines": [157, 159, 160, 162, 163, 165, 166, 167, 168, 169, 171, 173, 174, 176], "excluded_lines": [], "start_line": 141, "executed_branches": [], "missing_branches": [[160, 162], [160, 176], [162, 163], [162, 165], [165, 166], [165, 171], [168, 169], [168, 171], [173, 160], [173, 174]]}, "OpenAIPClient.get_statistics": {"executed_lines": [], "summary": {"covered_lines": 0, "num_statements": 12, "percent_covered": 0.0, "percent_covered_display": "0.00", "missing_lines": 12, "excluded_lines": 0, "percent_statements_covered": 0.0, "percent_statements_covered_display": "0.00", "num_branches": 8, "num_partial_branches": 0, "covered_branches": 0, "missing_branches": 8, "percent_branches_covered": 0.0, "percent_branches_covered_display": "0.00"}, "missing_lines": [184, 186, 187, 188, 190, 191, 192, 193, 194, 195, 196, 198], "excluded_lines": [], "start_line": 178, "executed_branches": [], "missing_branches": [[190, 191], [190, 198], [191, 192], [191, 193], [193, 194], [193, 195], [195, 190], [195, 196]]}, "download_openaip_data": {"executed_lines": [], "summary": {"covered_lines": 0, "num_statements": 19, "percent_covered": 0.0, "percent_covered_display": "0.00", "missing_lines": 19, "excluded_lines": 0, "percent_statements_covered": 0.0, "percent_statements_covered_display": "0.00", "num_branches": 6, "num_partial_branches": 0, "covered_branches": 0, "missing_branches": 6, "percent_branches_covered": 0.0, "percent_branches_covered_display": "0.00"}, "missing_lines": [223, 224, 226, 228, 230, 232, 234, 235, 236, 237, 242, 245, 246, 247, 249, 252, 254, 255, 256], "excluded_lines": [], "start_line": 207, "executed_branches": [], "missing_branches": [[223, 224], [223, 226], [226, 228], [226, 230], [235, -207], [235, 236]]}, "": {"executed_lines": [2, 3, 4, 5, 6, 7, 10, 11, 14, 15, 16, 17, 18, 19, 20, 21, 22, 24, 25, 38, 39, 44, 45, 51, 58, 74, 99, 129, 141, 178, 207], "summary": {"covered_lines": 31, "num_statements": 31, "percent_covered": 100.0, "percent_covered_display": "100.00", "missing_lines": 0, "excluded_lines": 0, "percent_statements_covered": 100.0, "percent_statements_covered_display": "100.00", "num_branches": 0, "num_partial_branches": 0, "covered_branches": 0, "missing_branches": 0, "percent_branches_covered": 100.0, "percent_branches_covered_display": "100.00"}, "missing_lines": [], "excluded_lines": [], "start_line": 1, "executed_branches": [], "missing_branches": []}}, "classes": {"Airport": {"executed_lines": [], "summary": {"covered_lines": 0, "num_statements": 11, "percent_covered": 0.0, "percent_covered_display": "0.00", "missing_lines": 11, "excluded_lines": 0, "percent_statements_covered": 0.0, "percent_statements_covered_display": "0.00", "num_branches": 6, "num_partial_branches": 0, "covered_branches": 0, "missing_branches": 6, "percent_branches_covered": 0.0, "percent_branches_covered_display": "0.00"}, "missing_lines": [27, 28, 30, 31, 32, 34, 36, 41, 42, 47, 48], "excluded_lines": [], "start_line": 11, "executed_branches": [], "missing_branches": [[27, 28], [27, 30], [30, 31], [30, 36], [32, 34], [32, 36]]}, "OpenAIPClient": {"executed_lines": [69, 70, 71, 72], "summary": {"covered_lines": 4, "num_statements": 59, "percent_covered": 4.301075268817204, "percent_covered_display": "4.30", "missing_lines": 55, "excluded_lines": 0, "percent_statements_covered": 6.779661016949152, "percent_statements_covered_display": "6.78", "num_branches": 34, "num_partial_branches": 0, "covered_branches": 0, "missing_branches": 34, "percent_branches_covered": 0.0, "percent_branches_covered_display": "0.00"}, "missing_lines": [76, 77, 80, 82, 83, 84, 85, 88, 89, 90, 91, 92, 93, 95, 97, 101, 102, 105, 106, 107, 110, 111, 113, 114, 115, 117, 119, 138, 139, 157, 159, 160, 162, 163, 165, 166, 167, 168, 169, 171, 173, 174, 176, 184, 186, 187, 188, 190, 191, 192, 193, 194, 195, 196, 198], "excluded_lines": [], "start_line": 51, "executed_branches": [], "missing_branches": [[76, 77], [76, 80], [82, 83], [82, 97], [88, 82], [88, 89], [89, 82], [89, 90], [91, 89], [91, 92], [106, 107], [106, 110], [111, 113], [111, 119], [114, 115], [114, 117], [160, 162], [160, 176], [162, 163], [162, 165], [165, 166], [165, 171], [168, 169], [168, 171], [173, 160], [173, 174], [190, 191], [190, 198], [191, 192], [191, 193], [193, 194], [193, 195], [195, 190], [195, 196]]}, "": {"executed_lines": [2, 3, 4, 5, 6, 7, 10, 11, 14, 15, 16, 17, 18, 19, 20, 21, 22, 24, 25, 38, 39, 44, 45, 51, 58, 74, 99, 129, 141, 178, 207], "summary": {"covered_lines": 31, "num_statements": 50, "percent_covered": 55.357142857142854, "percent_covered_display": "55.36", "missing_lines": 19, "excluded_lines": 0, "percent_statements_covered": 62.0, "percent_statements_covered_display": "62.00", "num_branches": 6, "num_partial_branches": 0, "covered_branches": 0, "missing_branches": 6, "percent_branches_covered": 0.0, "percent_branches_covered_display": "0.00"}, "missing_lines": [223, 224, 226, 228, 230, 232, 234, 235, 236, 237, 242, 245, 246, 247, 249, 252, 254, 255, 256], "excluded_lines": [], "start_line": 1, "executed_branches": [], "missing_branches": [[223, 224], [223, 226], [226, 228], [226, 230], [235, -207], [235, 236]]}}}, "src/clients/wmo_codelists_client.py": {"executed_lines": [5, 6, 7, 8, 9, 10, 12, 13, 14, 18, 20, 23, 24, 27, 28, 29, 30, 31, 32, 34, 39, 42, 61, 72, 80, 110, 137, 167, 174, 198, 214, 230, 246, 262, 295, 345, 394, 408], "summary": {"covered_lines": 38, "num_statements": 163, "percent_covered": 17.84037558685446, "percent_covered_display": "17.84", "missing_lines": 125, "excluded_lines": 0, "percent_statements_covered": 23.312883435582823, "percent_statements_covered_display": "23.31", "num_branches": 50, "num_partial_branches": 0, "covered_branches": 0, "missing_branches": 50, "percent_branches_covered": 0.0, "percent_branches_covered_display": "0.00"}, "missing_lines": [15, 16, 35, 36, 53, 54, 55, 57, 58, 59, 63, 64, 65, 66, 67, 68, 69, 70, 74, 75, 76, 77, 78, 89, 90, 91, 93, 94, 95, 98, 99, 100, 102, 103, 104, 105, 106, 107, 108, 118, 119, 120, 121, 128, 132, 134, 135, 143, 144, 146, 147, 148, 149, 152, 153, 154, 155, 158, 159, 161, 162, 164, 189, 190, 191, 194, 195, 196, 212, 228, 244, 260, 273, 274, 277, 278, 279, 282, 283, 284, 285, 286, 289, 293, 304, 305, 308, 310, 311, 315, 318, 320, 321, 326, 327, 328, 329, 330, 331, 333, 334, 335, 338, 340, 341, 343, 355, 356, 357, 365, 366, 367, 375, 376, 377, 378, 379, 388, 400, 403, 404, 406, 414, 415, 417], "excluded_lines": [], "executed_branches": [], "missing_branches": [[35, -34], [35, 36], [63, -61], [63, 64], [90, 91], [90, 93], [94, 95], [94, 98], [99, 100], [99, 102], [146, 147], [146, 158], [148, 146], [148, 149], [153, 146], [153, 154], [158, 159], [158, 161], [161, 162], [161, 164], [194, 195], [194, 196], [273, 274], [273, 277], [278, 279], [278, 282], [282, 283], [282, 289], [284, 285], [284, 289], [304, 305], [304, 308], [315, 318], [315, 338], [327, 328], [327, 333], [329, 327], [329, 330], [333, 334], [333, 343], [356, 357], [356, 365], [366, 367], [366, 375], [375, 376], [375, 388], [377, 378], [377, 388], [403, 404], [403, 406]], "functions": {"WMOCodelistInfo.__post_init__": {"executed_lines": [], "summary": {"covered_lines": 0, "num_statements": 2, "percent_covered": 0.0, "percent_covered_display": "0.00", "missing_lines": 2, "excluded_lines": 0, "percent_statements_covered": 0.0, "percent_statements_covered_display": "0.00", "num_branches": 2, "num_partial_branches": 0, "covered_branches": 0, "missing_branches": 2, "percent_branches_covered": 0.0, "percent_branches_covered_display": "0.00"}, "missing_lines": [35, 36], "excluded_lines": [], "start_line": 34, "executed_branches": [], "missing_branches": [[35, -34], [35, 36]]}, "WMOCodelistCache.__init__": {"executed_lines": [], "summary": {"covered_lines": 0, "num_statements": 6, "percent_covered": 0.0, "percent_covered_display": "0.00", "missing_lines": 6, "excluded_lines": 0, "percent_statements_covered": 0.0, "percent_statements_covered_display": "0.00", "num_branches": 0, "num_partial_branches": 0, "covered_branches": 0, "missing_branches": 0, "percent_branches_covered": 100.0, "percent_branches_covered_display": "100.00"}, "missing_lines": [53, 54, 55, 57, 58, 59], "excluded_lines": [], "start_line": 42, "executed_branches": [], "missing_branches": []}, "WMOCodelistCache._load_metadata": {"executed_lines": [], "summary": {"covered_lines": 0, "num_statements": 8, "percent_covered": 0.0, "percent_covered_display": "0.00", "missing_lines": 8, "excluded_lines": 0, "percent_statements_covered": 0.0, "percent_statements_covered_display": "0.00", "num_branches": 2, "num_partial_branches": 0, "covered_branches": 0, "missing_branches": 2, "percent_branches_covered": 0.0, "percent_branches_covered_display": "0.00"}, "missing_lines": [63, 64, 65, 66, 67, 68, 69, 70], "excluded_lines": [], "start_line": 61, "executed_branches": [], "missing_branches": [[63, -61], [63, 64]]}, "WMOCodelistCache._save_metadata": {"executed_lines": [], "summary": {"covered_lines": 0, "num_statements": 5, "percent_covered": 0.0, "percent_covered_display": "0.00", "missing_lines": 5, "excluded_lines": 0, "percent_statements_covered": 0.0, "percent_statements_covered_display": "0.00", "num_branches": 0, "num_partial_branches": 0, "covered_branches": 0, "missing_branches": 0, "percent_branches_covered": 100.0, "percent_branches_covered_display": "100.00"}, "missing_lines": [74, 75, 76, 77, 78], "excluded_lines": [], "start_line": 72, "executed_branches": [], "missing_branches": []}, "WMOCodelistCache.get": {"executed_lines": [], "summary": {"covered_lines": 0, "num_statements": 16, "percent_covered": 0.0, "percent_covered_display": "0.00", "missing_lines": 16, "excluded_lines": 0, "percent_statements_covered": 0.0, "percent_statements_covered_display": "0.00", "num_branches": 6, "num_partial_branches": 0, "covered_branches": 0, "missing_branches": 6, "percent_branches_covered": 0.0, "percent_branches_covered_display": "0.00"}, "missing_lines": [89, 90, 91, 93, 94, 95, 98, 99, 100, 102, 103, 104, 105, 106, 107, 108], "excluded_lines": [], "start_line": 80, "executed_branches": [], "missing_branches": [[90, 91], [90, 93], [94, 95], [94, 98], [99, 100], [99, 102]]}, "WMOCodelistCache.set": {"executed_lines": [], "summary": {"covered_lines": 0, "num_statements": 8, "percent_covered": 0.0, "percent_covered_display": "0.00", "missing_lines": 8, "excluded_lines": 0, "percent_statements_covered": 0.0, "percent_statements_covered_display": "0.00", "num_branches": 0, "num_partial_branches": 0, "covered_branches": 0, "missing_branches": 0, "percent_branches_covered": 100.0, "percent_branches_covered_display": "100.00"}, "missing_lines": [118, 119, 120, 121, 128, 132, 134, 135], "excluded_lines": [], "start_line": 110, "executed_branches": [], "missing_branches": []}, "WMOCodelistCache.clear_expired": {"executed_lines": [], "summary": {"covered_lines": 0, "num_statements": 15, "percent_covered": 0.0, "percent_covered_display": "0.00", "missing_lines": 15, "excluded_lines": 0, "percent_statements_covered": 0.0, "percent_statements_covered_display": "0.00", "num_branches": 10, "num_partial_branches": 0, "covered_branches": 0, "missing_branches": 10, "percent_branches_covered": 0.0, "percent_branches_covered_display": "0.00"}, "missing_lines": [143, 144, 146, 147, 148, 149, 152, 153, 154, 155, 158, 159, 161, 162, 164], "excluded_lines": [], "start_line": 137, "executed_branches": [], "missing_branches": [[146, 147], [146, 158], [148, 146], [148, 149], [153, 146], [153, 154], [158, 159], [158, 161], [161, 162], [161, 164]]}, "WMOCodelistsClient.__init__": {"executed_lines": [], "summary": {"covered_lines": 0, "num_statements": 6, "percent_covered": 0.0, "percent_covered_display": "0.00", "missing_lines": 6, "excluded_lines": 0, "percent_statements_covered": 0.0, "percent_statements_covered_display": "0.00", "num_branches": 2, "num_partial_branches": 0, "covered_branches": 0, "missing_branches": 2, "percent_branches_covered": 0.0, "percent_branches_covered_display": "0.00"}, "missing_lines": [189, 190, 191, 194, 195, 196], "excluded_lines": [], "start_line": 174, "executed_branches": [], "missing_branches": [[194, 195], [194, 196]]}, "WMOCodelistsClient.validate_weather_phenomenon": {"executed_lines": [], "summary": {"covered_lines": 0, "num_statements": 1, "percent_covered": 0.0, "percent_covered_display": "0.00", "missing_lines": 1, "excluded_lines": 0, "percent_statements_covered": 0.0, "percent_statements_covered_display": "0.00", "num_branches": 0, "num_partial_branches": 0, "covered_branches": 0, "missing_branches": 0, "percent_branches_covered": 100.0, "percent_branches_covered_display": "100.00"}, "missing_lines": [212], "excluded_lines": [], "start_line": 198, "executed_branches": [], "missing_branches": []}, "WMOCodelistsClient.validate_cloud_type": {"executed_lines": [], "summary": {"covered_lines": 0, "num_statements": 1, "percent_covered": 0.0, "percent_covered_display": "0.00", "missing_lines": 1, "excluded_lines": 0, "percent_statements_covered": 0.0, "percent_statements_covered_di
[...]
188, 190, 191, 192, 194, 195, 198, 199, 211, 212, 224, 225, 235, 237, 245, 247, 249, 250, 252, 253, 254, 255, 256, 258, 259, 261, 264, 265, 277, 278, 289, 291, 299, 301, 303, 304, 305, 307, 308, 310, 311, 316, 317, 329, 331, 354, 356, 357, 360, 361, 362, 371, 374, 377, 380, 383, 384, 385, 387, 388, 400, 402, 405, 421, 481, 488, 490, 492, 501, 503, 506, 507, 508, 509, 510, 513, 514, 515, 517, 518, 519, 522, 524, 526, 538, 540, 549, 551, 552, 555, 557, 558, 560, 561, 564, 566, 567, 578, 580, 599, 601, 602, 604, 605, 608, 610, 611, 614, 615, 618, 620, 623, 630, 632, 633, 634, 636, 656, 659, 664, 665, 670, 671, 675, 677, 693, 694, 695, 697], "summary": {"covered_lines": 179, "num_statements": 183, "percent_covered": 97.21115537848605, "percent_covered_display": "97.21", "missing_lines": 4, "excluded_lines": 0, "percent_statements_covered": 97.81420765027322, "percent_statements_covered_display": "97.81", "num_branches": 68, "num_partial_branches": 3, "covered_branches": 65, "missing_branches": 3, "percent_branches_covered": 95.58823529411765, "percent_branches_covered_display": "95.59"}, "missing_lines": [32, 93, 105, 504], "excluded_lines": [], "executed_branches": [[72, 73], [72, 76], [76, 77], [76, 90], [92, 104], [104, 116], [190, 191], [190, 235], [194, 195], [194, 198], [198, 199], [198, 211], [211, 212], [211, 224], [224, 190], [224, 225], [249, 250], [249, 252], [252, 253], [252, 289], [258, 259], [258, 261], [264, 265], [264, 277], [277, 252], [277, 278], [303, 304], [303, 329], [307, 308], [307, 310], [316, 303], [316, 317], [356, 357], [356, 360], [361, 362], [361, 374], [383, 384], [383, 400], [387, 383], [387, 388], [503, 506], [513, 514], [513, 517], [517, 518], [517, 522], [551, 552], [551, 555], [557, 558], [557, 578], [558, 557], [558, 560], [566, 557], [566, 567], [601, 602], [601, 604], [604, 605], [604, 608], [610, 611], [610, 614], [614, 615], [614, 618], [664, 665], [664, 670], [670, 671], [670, 675]], "missing_branches": [[92, 93], [104, 105], [503, 504]], "functions": {"ValidationIssue.__str__": {"executed_lines": [], "summary": {"covered_lines": 0, "num_statements": 1, "percent_covered": 0.0, "percent_covered_display": "0.00", "missing_lines": 1, "excluded_lines": 0, "percent_statements_covered": 0.0, "percent_statements_covered_display": "0.00", "num_branches": 0, "num_partial_branches": 0, "covered_branches": 0, "missing_branches": 0, "percent_branches_covered": 100.0, "percent_branches_covered_display": "100.00"}, "missing_lines": [32], "excluded_lines": [], "start_line": 31, "executed_branches": [], "missing_branches": []}, "TemperatureValidationRule.__init__": {"executed_lines": [51, 52, 53], "summary": {"covered_lines": 3, "num_statements": 3, "percent_covered": 100.0, "percent_covered_display": "100.00", "missing_lines": 0, "excluded_lines": 0, "percent_statements_covered": 100.0, "percent_statements_covered_display": "100.00", "num_branches": 0, "num_partial_branches": 0, "covered_branches": 0, "missing_branches": 0, "percent_branches_covered": 100.0, "percent_branches_covered_display": "100.00"}, "missing_lines": [], "excluded_lines": [], "start_line": 49, "executed_branches": [], "missing_branches": []}, "TemperatureValidationRule.validate": {"executed_lines": [69, 72, 73, 76, 77, 87, 90, 92, 104, 116], "summary": {"covered_lines": 10, "num_statements": 12, "percent_covered": 80.0, "percent_covered_display": "80.00", "missing_lines": 2, "excluded_lines": 0, "percent_statements_covered": 83.33333333333333, "percent_statements_covered_display": "83.33", "num_branches": 8, "num_partial_branches": 2, "covered_branches": 6, "missing_branches": 2, "percent_branches_covered": 75.0, "percent_branches_covered_display": "75.00"}, "missing_lines": [93, 105], "excluded_lines": [], "start_line": 55, "executed_branches": [[72, 73], [72, 76], [76, 77], [76, 90], [92, 104], [104, 116]], "missing_branches": [[92, 93], [104, 105]]}, "TemperatureValidationRule.calculate_relative_humidity": {"executed_lines": [135, 136, 138, 139, 141], "summary": {"covered_lines": 5, "num_statements": 5, "percent_covered": 100.0, "percent_covered_display": "100.00", "missing_lines": 0, "excluded_lines": 0, "percent_statements_covered": 100.0, "percent_statements_covered_display": "100.00", "num_branches": 0, "num_partial_branches": 0, "covered_branches": 0, "missing_branches": 0, "percent_branches_covered": 100.0, "percent_branches_covered_display": "100.00"}, "missing_lines": [], "excluded_lines": [], "start_line": 118, "executed_branches": [], "missing_branches": []}, "CloudLayerValidationRule.__init__": {"executed_lines": [178], "summary": {"covered_lines": 1, "num_statements": 1, "percent_covered": 100.0, "percent_covered_display": "100.00", "missing_lines": 0, "excluded_lines": 0, "percent_statements_covered": 100.0, "percent_statements_covered_display": "100.00", "num_branches": 0, "num_partial_branches": 0, "covered_branches": 0, "missing_branches": 0, "percent_branches_covered": 100.0, "percent_branches_covered_display": "100.00"}, "missing_lines": [], "excluded_lines": [], "start_line": 176, "executed_branches": [], "missing_branches": []}, "CloudLayerValidationRule._check_altitude_validity": {"executed_lines": [188, 190, 191, 192, 194, 195, 198, 199, 211, 212, 224, 225, 235], "summary": {"covered_lines": 13, "num_statements": 13, "percent_covered": 100.0, "percent_covered_display": "100.00", "missing_lines": 0, "excluded_lines": 0, "percent_statements_covered": 100.0, "percent_statements_covered_display": "100.00", "num_branches": 10, "num_partial_branches": 0, "covered_branches": 10, "missing_branches": 0, "percent_branches_covered": 100.0, "percent_branches_covered_display": "100.00"}, "missing_lines": [], "excluded_lines": [], "start_line": 180, "executed_branches": [[190, 191], [190, 235], [194, 195], [194, 198], [198, 199], [198, 211], [211, 212], [211, 224], [224, 190], [224, 225]], "missing_branches": []}, "CloudLayerValidationRule._check_altitude_gaps": {"executed_lines": [245, 247, 249, 250, 252, 253, 254, 255, 256, 258, 259, 261, 264, 265, 277, 278, 289], "summary": {"covered_lines": 17, "num_statements": 17, "percent_covered": 100.0, "percent_covered_display": "100.00", "missing_lines": 0, "excluded_lines": 0, "percent_statements_covered": 100.0, "percent_statements_covered_display": "100.00", "num_branches": 10, "num_partial_branches": 0, "covered_branches": 10, "missing_branches": 0, "percent_branches_covered": 100.0, "percent_branches_covered_display": "100.00"}, "missing_lines": [], "excluded_lines": [], "start_line": 237, "executed_branches": [[249, 250], [249, 252], [252, 253], [252, 289], [258, 259], [258, 261], [264, 265], [264, 277], [277, 252], [277, 278]], "missing_branches": []}, "CloudLayerValidationRule._check_coverage_consistency": {"executed_lines": [299, 301, 303, 304, 305, 307, 308, 310, 311, 316, 317, 329], "summary": {"covered_lines": 12, "num_statements": 12, "percent_covered": 100.0, "percent_covered_display": "100.00", "missing_lines": 0, "excluded_lines": 0, "percent_statements_covered": 100.0, "percent_statements_covered_display": "100.00", "num_branches": 6, "num_partial_branches": 0, "covered_branches": 6, "missing_branches": 0, "percent_branches_covered": 100.0, "percent_branches_covered_display": "100.00"}, "missing_lines": [], "excluded_lines": [], "start_line": 291, "executed_branches": [[303, 304], [303, 329], [307, 308], [307, 310], [316, 303], [316, 317]], "missing_branches": []}, "CloudLayerValidationRule.validate": {"executed_lines": [354, 356, 357, 360, 361, 362, 371, 374, 377, 380, 383, 384, 385, 387, 388, 400, 402], "summary": {"covered_lines": 17, "num_statements": 17, "percent_covered": 100.0, "percent_covered_display": "100.00", "missing_lines": 0, "excluded_lines": 0, "percent_statements_covered": 100.0, "percent_statements_covered_display": "100.00", "num_branches": 8, "num_partial_branches": 0, "covered_branches": 8, "missing_branches": 0, "percent_branches_covered": 100.0, "percent_branches_covered_display": "100.00"}, "missing_lines": [], "excluded_lines": [], "start_line": 331, "executed_branches": [[356, 357], [356, 360], [361, 362], [361, 374], [383, 384], [383, 400], [387, 383], [387, 388]], "missing_branches": []}, "VisibilityWeatherValidationRule.__init__": {"executed_lines": [490], "summary": {"covered_lines": 1, "num_statements": 1, "percent_covered": 100.0, "percent_covered_display": "100.00", "missing_lines": 0, "excluded_lines": 0, "percent_statements_covered": 100.0, "percent_statements_covered_display": "100.00", "num_branches": 0, "num_partial_branches": 0, "covered_branches": 0, "missing_branches": 0, "percent_branches_covered": 100.0, "percent_branches_covered_display": "100.00"}, "missing_lines": [], "excluded_lines": [], "start_line": 488, "executed_branches": [], "missing_branches": []}, "VisibilityWeatherValidationRule._check_single_phenomenon": {"executed_lines": [501, 503, 506, 507, 508, 509, 510, 513, 514, 515, 517, 518, 519, 522, 524, 526, 538], "summary": {"covered_lines": 17, "num_statements": 18, "percent_covered": 91.66666666666667, "percent_covered_display": "91.67", "missing_lines": 1, "excluded_lines": 0, "percent_statements_covered": 94.44444444444444, "percent_statements_covered_display": "94.44", "num_branches": 6, "num_partial_branches": 1, "covered_branches": 5, "missing_branches": 1, "percent_branches_covered": 83.33333333333333, "percent_branches_covered_display": "83.33"}, "missing_lines": [504], "excluded_lines": [], "start_line": 492, "executed_branches": [[503, 506], [513, 514], [513, 517], [517, 518], [517, 522]], "missing_branches": [[503, 504]]}, "VisibilityWeatherValidationRule._check_phenomenon_combinations": {"executed_lines": [549, 551, 552, 555, 557, 558, 560, 561, 564, 566, 567, 578], "summary": {"covered_lines": 12, "num_statements": 12, "percent_covered": 100.0, "percent_covered_display": "100.00", "missing_lines": 0, "excluded_lines": 0, "percent_statements_covered": 100.0, "percent_statements_covered_display": "100.00", "num_branches": 8, "num_partial_branches": 0, "covered_branches": 8, "missing_branches": 0, "percent_branches_covered": 100.0, "percent_branches_covered_display": "100.00"}, "missing_lines": [], "excluded_lines": [], "start_line": 540, "executed_branches": [[551, 552], [551, 555], [557, 558], [557, 578], [558, 557], [558, 560], [566, 557], [566, 567]], "missing_branches": []}, "VisibilityWeatherValidationRule.validate": {"executed_lines": [599, 601, 602, 604, 605, 608, 610, 611, 614, 615, 618, 620], "summary": {"covered_lines": 12, "num_statements": 12, "percent_covered": 100.0, "percent_covered_display": "100.00", "missing_lines": 0, "excluded_lines": 0, "percent_statements_covered": 100.0, "percent_statements_covered_display": "100.00", "num_branches": 8, "num_partial_branches": 0, "covered_branches": 8, "missing_branches": 0, "percent_branches_covered": 100.0, "percent_branches_covered_display": "100.00"}, "missing_lines": [], "excluded_lines": [], "start_line": 580, "executed_branches": [[601, 602], [601, 604], [604, 605], [604, 608], [610, 611], [610, 614], [614, 615], [614, 618]], "missing_branches": []}, "SemanticValidationEngine.__init__": {"executed_lines": [632, 633, 634], "summary": {"covered_lines": 3, "num_statements": 3, "percent_covered": 100.0, "percent_covered_display": "100.00", "missing_lines": 0, "excluded_lines": 0, "percent_statements_covered": 100.0, "percent_statements_covered_display": "100.00", "num_branches": 0, "num_partial_branches": 0, "covered_branches": 0, "missing_branches": 0, "percent_branches_covered": 100.0, "percent_branches_covered_display": "100.00"}, "missing_lines": [], "excluded_lines": [], "start_line": 630, "executed_branches": [], "missing_branches": []}, "SemanticValidationEngine.validate_metar_data": {"executed_lines": [656, 659, 664, 665, 670, 671, 675], "summary": {"covered_lines": 7, "num_statements": 7, "percent_covered": 100.0, "percent_covered_display": "100.00", "missing_lines": 0, "excluded_lines": 0, "percent_statements_covered": 100.0, "percent_statements_covered_display": "100.00", "num_branches": 4, "num_partial_branches": 0, "covered_branches": 4, "missing_branches": 0, "percent_branches_covered": 100.0, "percent_branches_covered_display": "100.00"}, "missing_lines": [], "excluded_lines": [], "start_line": 636, "executed_branches": [[664, 665], [664, 670], [670, 671], [670, 675]], "missing_branches": []}, "SemanticValidationEngine.generate_report": {"executed_lines": [693, 694, 695, 697], "summary": {"covered_lines": 4, "num_statements": 4, "percent_covered": 100.0, "percent_covered_display": "100.00", "missing_lines": 0, "excluded_lines": 0, "percent_statements_covered": 100.0, "percent_statements_covered_display": "100.00", "num_branches": 0, "num_partial_branches": 0, "covered_branches": 0, "missing_branches": 0, "percent_branches_covered": 100.0, "percent_branches_covered_display": "100.00"}, "missing_lines": [], "excluded_lines": [], "start_line": 677, "executed_branches": [], "missing_branches": []}, "": {"executed_lines": [7, 8, 9, 12, 14, 15, 16, 19, 20, 23, 24, 25, 26, 27, 28, 29, 31, 35, 49, 55, 118, 144, 157, 167, 168, 169, 172, 173, 174, 176, 180, 237, 291, 331, 405, 421, 481, 488, 492, 540, 580, 623, 630, 636, 677], "summary": {"covered_lines": 45, "num_statements": 45, "percent_covered": 100.0, "percent_covered_display": "100.00", "missing_lines": 0, "excluded_lines": 0, "percent_statements_covered": 100.0, "percent_statements_covered_display": "100.00", "num_branches": 0, "num_partial_branches": 0, "covered_branches": 0, "missing_branches": 0, "percent_branches_covered": 100.0, "percent_branches_covered_display": "100.00"}, "missing_lines": [], "excluded_lines": [], "start_line": 1, "executed_branches": [], "missing_branches": []}}, "classes": {"IssueSeverity": {"executed_lines": [], "summary": {"covered_lines": 0, "num_statements": 0, "percent_covered": 100.0, "percent_covered_display": "100.00", "missing_lines": 0, "excluded_lines": 0, "percent_statements_covered": 100.0, "percent_statements_covered_display": "100.00", "num_branches": 0, "num_partial_branches": 0, "covered_branches": 0, "missing_branches": 0, "percent_branches_covered": 100.0, "percent_branches_covered_display": "100.00"}, "missing_lines": [], "excluded_lines": [], "start_line": 12, "executed_branches": [], "missing_branches": []}, "ValidationIssue": {"executed_lines": [], "summary": {"covered_lines": 0, "num_statements": 1, "percent_covered": 0.0, "percent_covered_display": "0.00", "missing_lines": 1, "excluded_lines": 0, "percent_statements_covered": 0.0, "percent_statements_covered_display": "0.00", "num_branches": 0, "num_partial_branches": 0, "covered_branches": 0, "missing_branches": 0, "percent_branches_covered": 100.0, "percent_branches_covered_display": "100.00"}, "missing_lines": [32], "excluded_lines": [], "start_line": 20, "executed_branches": [], "missing_branches": []}, "TemperatureValidationRule": {"executed_lines": [51, 52, 53, 69, 72, 73, 76, 77, 87, 90, 92, 104, 116, 135, 136, 138, 139, 141], "summary": {"covered_lines": 18, "num_statements": 20, "percent_covered": 85.71428571428571, "percent_covered_display": "85.71", "missing_lines": 2, "excluded_lines": 0, "percent_statements_covered": 90.0, "percent_statements_covered_display": "90.00", "num_branches": 8, "num_partial_branches": 2, "covered_branches": 6, "missing_branches": 2, "percent_branches_covered": 75.0, "percent_branches_covered_display": "75.00"}, "missing_lines": [93, 105], "excluded_lines": [], "start_line": 35, "executed_branches": [[72, 73], [72, 76], [76, 77], [76, 90], [92, 104], [104, 116]], "missing_branches": [[92, 93], [104, 105]]}, "CloudLayerValidationRule": {"executed_lines": [178, 188, 190, 191, 192, 194, 195, 198, 199, 211, 212, 224, 225, 235, 245, 247, 249, 250, 252, 253, 254, 255, 256, 258, 259, 261, 264, 265, 277, 278, 289, 299, 301, 303, 304, 305, 307, 308, 310, 311, 316, 317, 329, 354, 356, 357, 360, 361, 362, 371, 374, 377, 380, 383, 384, 385, 387, 388, 400, 402], "summary": {"covered_lines": 60, "num_statements": 60, "percent_covered": 100.0, "percent_covered_display": "100.00", "missing_lines": 0, "excluded_lines": 0, "percent_statements_covered": 100.0, "percent_statements_covered_display": "100.00", "num_branches": 34, "num_partial_branches": 0, "covered_branches": 34, "missing_branches": 0, "percent_branches_covered": 100.0, "percent_branches_covered_display": "100.00"}, "missing_lines": [], "excluded_lines": [], "start_line": 144, "executed_branches": [[190, 191], [190, 235], [194, 195], [194, 198], [198, 199], [198, 211], [211, 212], [211, 224], [224, 190], [224, 225], [249, 250], [249, 252], [252, 253], [252, 289], [258, 259], [258, 261], [264, 265], [264, 277], [277, 252], [277, 278], [303, 304], [303, 329], [307, 308], [307, 310], [316, 303], [316, 317], [356, 357], [356, 360], [361, 362], [361, 374], [383, 384], [383, 400], [387, 383], [387, 388]], "missing_branches": []}, "VisibilityWeatherValidationRule": {"executed_lines": [490, 501, 503, 506, 507, 508, 509, 510, 513, 514, 515, 517, 518, 519, 522, 524, 526, 538, 549, 551, 552, 555, 557, 558, 560, 561, 564, 566, 567, 578, 599, 601, 602, 604, 605, 608, 610, 611, 614, 615, 618, 620], "summary": {"covered_lines": 42, "num_statements": 43, "percent_covered": 96.92307692307692, "percent_covered_display": "96.92", "missing_lines": 1, "excluded_lines": 0, "percent_statements_covered": 97.67441860465117, "percent_statements_covered_display": "97.67", "num_branches": 22, "num_partial_branches": 1, "covered_branches": 21, "missing_branches": 1, "percent_branches_covered": 95.45454545454545, "percent_branches_covered_display": "95.45"}, "missing_lines": [504], "excluded_lines": [], "start_line": 405, "executed_branches": [[503, 506], [513, 514], [513, 517], [517, 518], [517, 522], [551, 552], [551, 555], [557, 558], [557, 578], [558, 557], [558, 560], [566, 557], [566, 567], [601, 602], [601, 604], [604, 605], [604, 608], [610, 611], [610, 614], [614, 615], [614, 618]], "missing_branches": [[503, 504]]}, "SemanticValidationEngine": {"executed_lines": [632, 633, 634, 656, 659, 664, 665, 670, 671, 675, 693, 694, 695, 697], "summary": {"covered_lines": 14, "num_statements": 14, "percent_covered": 100.0, "percent_covered_display": "100.00", "missing_lines": 0, "excluded_lines": 0, "percent_statements_covered": 100.0, "percent_statements_covered_display": "100.00", "num_branches": 4, "num_partial_branches": 0, "covered_branches": 4, "missing_branches": 0, "percent_branches_covered": 100.0, "percent_branches_covered_display": "100.00"}, "missing_lines": [], "excluded_lines": [], "start_line": 623, "executed_branches": [[664, 665], [664, 670], [670, 671], [670, 675]], "missing_branches": []}, "": {"executed_lines": [7, 8, 9, 12, 14, 15, 16, 19, 20, 23, 24, 25, 26, 27, 28, 29, 31, 35, 49, 55, 118, 144, 157, 167, 168, 169, 172, 173, 174, 176, 180, 237, 291, 331, 405, 421, 481, 488, 492, 540, 580, 623, 630, 636, 677], "summary": {"covered_lines": 45, "num_statements": 45, "percent_covered": 100.0, "percent_covered_display": "100.00", "missing_lines": 0, "excluded_lines": 0, "percent_statements_covered": 100.0, "percent_statements_covered_display": "100.00", "num_branches": 0, "num_partial_branches": 0, "covered_branches": 0, "missing_branches": 0, "percent_branches_covered": 100.0, "percent_branches_covered_display": "100.00"}, "missing_lines": [], "excluded_lines": [], "start_line": 1, "executed_branches": [], "missing_branches": []}}}}, "totals": {"covered_lines": 3663, "num_statements": 6267, "percent_covered": 54.75681789619203, "percent_covered_display": "54.76", "missing_lines": 2604, "excluded_lines": 18, "percent_statements_covered": 58.449018669219726, "percent_statements_covered_display": "58.45", "num_branches": 1690, "num_partial_branches": 184, "covered_branches": 694, "missing_branches": 996, "percent_branches_covered": 41.06508875739645, "percent_branches_covered_display": "41.07"}}