{"meta": {"format": 3, "version": "7.13.4", "timestamp": "2026-02-22T21:23:04.083864", "branch_coverage": true, "show_contexts": false}, "files": {"src/__init__.py": {"executed_lines": [2, 3, 4], "summary": {"covered_lines": 3, "num_statements": 3, "percent_covered": 100.0, "percent_covered_display": "100", "missing_lines": 0, "excluded_lines": 0, "percent_statements_covered": 100.0, "percent_statements_covered_display": "100", "num_branches": 0, "num_partial_branches": 0, "covered_branches": 0, "missing_branches": 0, "percent_branches_covered": 100.0, "percent_branches_covered_display": "100"}, "missing_lines": [], "excluded_lines": [], "executed_branches": [], "missing_branches": [], "functions": {"": {"executed_lines": [2, 3, 4], "summary": {"covered_lines": 3, "num_statements": 3, "percent_covered": 100.0, "percent_covered_display": "100", "missing_lines": 0, "excluded_lines": 0, "percent_statements_covered": 100.0, "percent_statements_covered_display": "100", "num_branches": 0, "num_partial_branches": 0, "covered_branches": 0, "missing_branches": 0, "percent_branches_covered": 100.0, "percent_branches_covered_display": "100"}, "missing_lines": [], "excluded_lines": [], "start_line": 1, "executed_branches": [], "missing_branches": []}}, "classes": {"": {"executed_lines": [2, 3, 4], "summary": {"covered_lines": 3, "num_statements": 3, "percent_covered": 100.0, "percent_covered_display": "100", "missing_lines": 0, "excluded_lines": 0, "percent_statements_covered": 100.0, "percent_statements_covered_display": "100", "num_branches": 0, "num_partial_branches": 0, "covered_branches": 0, "missing_branches": 0, "percent_branches_covered": 100.0, "percent_branches_covered_display": "100"}, "missing_lines": [], "excluded_lines": [], "start_line": 1, "executed_branches": [], "missing_branches": []}}}, "src/api.py": {"executed_lines": [], "summary": {"covered_lines": 0, "num_statements": 140, "percent_covered": 0.0, "percent_covered_display": "0", "missing_lines": 140, "excluded_lines": 0, "percent_statements_covered": 0.0, "percent_statements_covered_display": "0", "num_branches": 22, "num_partial_branches": 0, "covered_branches": 0, "missing_branches": 22, "percent_branches_covered": 0.0, "percent_branches_covered_display": "0"}, "missing_lines": [15, 16, 18, 19, 20, 21, 22, 23, 25, 26, 27, 37, 39, 42, 43, 44, 45, 46, 47, 50, 51, 52, 53, 54, 55, 57, 60, 61, 62, 65, 66, 67, 68, 69, 72, 73, 74, 75, 77, 80, 81, 82, 85, 86, 89, 90, 91, 94, 95, 98, 99, 100, 101, 103, 106, 107, 108, 110, 111, 112, 113, 115, 116, 117, 119, 122, 123, 124, 125, 128, 129, 130, 131, 133, 140, 141, 142, 143, 146, 147, 148, 149, 150, 151, 152, 153, 156, 157, 158, 161, 162, 163, 164, 165, 166, 167, 168, 169, 172, 173, 174, 175, 178, 179, 180, 182, 183, 184, 185, 186, 189, 190, 191, 192, 193, 194, 195, 200, 201, 202, 203, 206, 207, 208, 210, 211, 212, 213, 214, 215, 216, 217, 218, 219, 220, 221, 222, 223, 224, 227], "excluded_lines": [], "executed_branches": [], "missing_branches": [[107, 108], [107, 110], [112, 113], [112, 115], [116, 117], [116, 119], [130, 131], [130, 133], [149, 150], [149, 151], [182, 183], [182, 184], [192, 193], [192, 194], [211, 212], [211, 213], [214, 215], [214, 216], [216, 217], [216, 218], [219, 220], [219, 221]], "functions": {"get_db": {"executed_lines": [], "summary": {"covered_lines": 0, "num_statements": 4, "percent_covered": 0.0, "percent_covered_display": "0", "missing_lines": 4, "excluded_lines": 0, "percent_statements_covered": 0.0, "percent_statements_covered_display": "0", "num_branches": 0, "num_partial_branches": 0, "covered_branches": 0, "missing_branches": 0, "percent_branches_covered": 100.0, "percent_branches_covered_display": "100"}, "missing_lines": [99, 100, 101, 103], "excluded_lines": [], "start_line": 98, "executed_branches": [], "missing_branches": []}, "get_current_user": {"executed_lines": [], "summary": {"covered_lines": 0, "num_statements": 10, "percent_covered": 0.0, "percent_covered_display": "0", "missing_lines": 10, "excluded_lines": 0, "percent_statements_covered": 0.0, "percent_statements_covered_display": "0", "num_branches": 6, "num_partial_branches": 0, "covered_branches": 0, "missing_branches": 6, "percent_branches_covered": 0.0, "percent_branches_covered_display": "0"}, "missing_lines": [107, 108, 110, 111, 112, 113, 115, 116, 117, 119], "excluded_lines": [], "start_line": 106, "executed_branches": [], "missing_branches": [[107, 108], [107, 110], [112, 113], [112, 115], [116, 117], [116, 119]]}, "send_reset_email": {"executed_lines": [], "summary": {"covered_lines": 0, "num_statements": 3, "percent_covered": 0.0, "percent_covered_display": "0", "missing_lines": 3, "excluded_lines": 0, "percent_statements_covered": 0.0, "percent_statements_covered_display": "0", "num_branches": 0, "num_partial_branches": 0, "covered_branches": 0, "missing_branches": 0, "percent_branches_covered": 100.0, "percent_branches_covered_display": "100"}, "missing_lines": [123, 124, 125], "excluded_lines": [], "start_line": 122, "executed_branches": [], "missing_branches": []}, "register": {"executed_lines": [], "summary": {"covered_lines": 0, "num_statements": 7, "percent_covered": 0.0, "percent_covered_display": "0", "missing_lines": 7, "excluded_lines": 0, "percent_statements_covered": 0.0, "percent_statements_covered_display": "0", "num_branches": 2, "num_partial_branches": 0, "covered_branches": 0, "missing_branches": 2, "percent_branches_covered": 0.0, "percent_branches_covered_display": "0"}, "missing_lines": [130, 131, 133, 140, 141, 142, 143], "excluded_lines": [], "start_line": 129, "executed_branches": [], "missing_branches": [[130, 131], [130, 133]]}, "login": {"executed_lines": [], "summary": {"covered_lines": 0, "num_statements": 6, "percent_covered": 0.0, "percent_covered_display": "0", "missing_lines": 6, "excluded_lines": 0, "percent_statements_covered": 0.0, "percent_statements_covered_display": "0", "num_branches": 2, "num_partial_branches": 0, "covered_branches": 0, "missing_branches": 2, "percent_branches_covered": 0.0, "percent_branches_covered_display": "0"}, "missing_lines": [148, 149, 150, 151, 152, 153], "excluded_lines": [], "start_line": 147, "executed_branches": [], "missing_branches": [[149, 150], [149, 151]]}, "me": {"executed_lines": [], "summary": {"covered_lines": 0, "num_statements": 1, "percent_covered": 0.0, "percent_covered_display": "0", "missing_lines": 1, "excluded_lines": 0, "percent_statements_covered": 0.0, "percent_statements_covered_display": "0", "num_branches": 0, "num_partial_branches": 0, "covered_branches": 0, "missing_branches": 0, "percent_branches_covered": 100.0, "percent_branches_covered_display": "100"}, "missing_lines": [158], "excluded_lines": [], "start_line": 157, "executed_branches": [], "missing_branches": []}, "create_apikey": {"executed_lines": [], "summary": {"covered_lines": 0, "num_statements": 7, "percent_covered": 0.0, "percent_covered_display": "0", "missing_lines": 7, "excluded_lines": 0, "percent_statements_covered": 0.0, "percent_statements_covered_display": "0", "num_branches": 0, "num_partial_branches": 0, "covered_branches": 0, "missing_branches": 0, "percent_branches_covered": 100.0, "percent_branches_covered_display": "100"}, "missing_lines": [163, 164, 165, 166, 167, 168, 169], "excluded_lines": [], "start_line": 162, "executed_branches": [], "missing_branches": []}, "list_apikeys": {"executed_lines": [], "summary": {"covered_lines": 0, "num_statements": 2, "percent_covered": 0.0, "percent_covered_display": "0", "missing_lines": 2, "excluded_lines": 0, "percent_statements_covered": 0.0, "percent_statements_covered_display": "0", "num_branches": 0, "num_partial_branches": 0, "covered_branches": 0, "missing_branches": 0, "percent_branches_covered": 100.0, "percent_branches_covered_display": "100"}, "missing_lines": [174, 175], "excluded_lines": [], "start_line": 173, "executed_branches": [], "missing_branches": []}, "revoke_apikey": {"executed_lines": [], "summary": {"covered_lines": 0, "num_statements": 6, "percent_covered": 0.0, "percent_covered_display": "0", "missing_lines": 6, "excluded_lines": 0, "percent_statements_covered": 0.0, "percent_statements_covered_display": "0", "num_branches": 2, "num_partial_branches": 0, "covered_branches": 0, "missing_branches": 2, "percent_branches_covered": 0.0, "percent_branches_covered_display": "0"}, "missing_lines": [180, 182, 183, 184, 185, 186], "excluded_lines": [], "start_line": 179, "executed_branches": [], "missing_branches": [[182, 183], [182, 184]]}, "request_reset": {"executed_lines": [], "summary": {"covered_lines": 0, "num_statements": 9, "percent_covered": 0.0, "percent_covered_display": "0", "missing_lines": 9, "excluded_lines": 0, "percent_statements_covered": 0.0, "percent_statements_covered_display": "0", "num_branches": 2, "num_partial_branches": 0, "covered_branches": 0, "missing_branches": 2, "percent_branches_covered": 0.0, "percent_branches_covered_display": "0"}, "missing_lines": [191, 192, 193, 194, 195, 200, 201, 202, 203], "excluded_lines": [], "start_line": 190, "executed_branches": [], "missing_branches": [[192, 193], [192, 194]]}, "confirm_reset": {"executed_lines": [], "summary": {"covered_lines": 0, "num_statements": 16, "percent_covered": 0.0, "percent_covered_display": "0", "missing_lines": 16, "excluded_lines": 0, "percent_statements_covered": 0.0, "percent_statements_covered_display": "0", "num_branches": 8, "num_partial_branches": 0, "covered_branches": 0, "missing_branches": 8, "percent_branches_covered": 0.0, "percent_branches_covered_display": "0"}, "missing_lines": [208, 210, 211, 212, 213, 214, 215, 216, 217, 218, 219, 220, 221, 222, 223, 224], "excluded_lines": [], "start_line": 207, "executed_branches": [], "missing_branches": [[211, 212], [211, 213], [214, 215], [214, 216], [216, 217], [216, 218], [219, 220], [219, 221]]}, "": {"executed_lines": [], "summary": {"covered_lines": 0, "num_statements": 69, "percent_covered": 0.0, "percent_covered_display": "0", "missing_lines": 69, "excluded_lines": 0, "percent_statements_covered": 0.0, "percent_statements_covered_display": "0", "num_branches": 0, "num_partial_branches": 0, "covered_branches": 0, "missing_branches": 0, "percent_branches_covered": 100.0, "percent_branches_covered_display": "100"}, "missing_lines": [15, 16, 18, 19, 20, 21, 22, 23, 25, 26, 27, 37, 39, 42, 43, 44, 45, 46, 47, 50, 51, 52, 53, 54, 55, 57, 60, 61, 62, 65, 66, 67, 68, 69, 72, 73, 74, 75, 77, 80, 81, 82, 85, 86, 89, 90, 91, 94, 95, 98, 106, 122, 128, 129, 146, 147, 156, 157, 161, 162, 172, 173, 178, 179, 189, 190, 206, 207, 227], "excluded_lines": [], "start_line": 1, "executed_branches": [], "missing_branches": []}}, "classes": {"UserCreate": {"executed_lines": [], "summary": {"covered_lines": 0, "num_statements": 0, "percent_covered": 100.0, "percent_covered_display": "100", "missing_lines": 0, "excluded_lines": 0, "percent_statements_covered": 100.0, "percent_statements_covered_display": "100", "num_branches": 0, "num_partial_branches": 0, "covered_branches": 0, "missing_branches": 0, "percent_branches_covered": 100.0, "percent_branches_covered_display": "100"}, "missing_lines": [], "excluded_lines": [], "start_line": 42, "executed_branches": [], "missing_branches": []}, "UserOut": {"executed_lines": [], "summary": {"covered_lines": 0, "num_statements": 0, "percent_covered": 100.0, "percent_covered_display": "100", "missing_lines": 0, "excluded_lines": 0, "percent_statements_covered": 100.0, "percent_statements_covered_display": "100", "num_branches": 0, "num_partial_branches": 0, "covered_branches": 0, "missing_branches": 0, "percent_branches_covered": 100.0, "percent_branches_covered_display": "100"}, "missing_lines": [], "excluded_lines": [], "start_line": 50, "executed_branches": [], "missing_branches": []}, "LoginRequest": {"executed_lines": [], "summary": {"covered_lines": 0, "num_statements": 0, "percent_covered": 100.0, "percent_covered_display": "100", "missing_lines": 0, "excluded_lines": 0, "percent_statements_covered": 100.0, "percent_statements_covered_display": "100", "num_branches": 0, "num_partial_branches": 0, "covered_branches": 0, "missing_branches": 0, "percent_branches_covered": 100.0, "percent_branches_covered_display": "100"}, "missing_lines": [], "excluded_lines": [], "start_line": 60, "executed_branches": [], "missing_branches": []}, "LoginResponse": {"executed_lines": [], "summary": {"covered_lines": 0, "num_statements": 0, "percent_covered": 100.0, "percent_covered_display": "100", "missing_lines": 0, "excluded_lines": 0, "percent_statements_covered": 100.0, "percent_statements_covered_display": "100", "num_branches": 0, "num_partial_branches": 0, "covered_branches": 0, "missing_branches": 0, "percent_branches_covered": 100.0, "percent_branches_covered_display": "100"}, "missing_lines": [], "excluded_lines": [], "start_line": 65, "executed_branches": [], "missing_branches": []}, "APIKeyOut": {"executed_lines": [], "summary": {"covered_lines": 0, "num_statements": 0, "percent_covered": 100.0, "percent_covered_display": "100", "missing_lines": 0, "excluded_lines": 0, "percent_statements_covered": 100.0, "percent_statements_covered_display": "100", "num_branches": 0, "num_partial_branches": 0, "covered_branches": 0, "missing_branches": 0, "percent_branches_covered": 100.0, "percent_branches_covered_display": "100"}, "missing_lines": [], "excluded_lines": [], "start_line": 72, "executed_branches": [], "missing_branches": []}, "APIKeyCreateResponse": {"executed_lines": [], "summary": {"covered_lines": 0, "num_statements": 0, "percent_covered": 100.0, "percent_covered_display": "100", "missing_lines": 0, "excluded_lines": 0, "percent_statements_covered": 100.0, "percent_statements_covered_display": "100", "num_branches": 0, "num_partial_branches": 0, "covered_branches": 0, "missing_branches": 0, "percent_branches_covered": 100.0, "percent_branches_covered_display": "100"}, "missing_lines": [], "excluded_lines": [], "start_line": 80, "executed_branches": [], "missing_branches": []}, "PasswordResetRequest": {"executed_lines": [], "summary": {"covered_lines": 0, "num_statements": 0, "percent_covered": 100.0, "percent_covered_display": "100", "missing_lines": 0, "excluded_lines": 0, "percent_statements_covered": 100.0, "percent_statements_covered_display": "100", "num_branches": 0, "num_partial_branches": 0, "covered_branches": 0, "missing_branches": 0, "percent_branches_covered": 100.0, "percent_branches_covered_display": "100"}, "missing_lines": [], "excluded_lines": [], "start_line": 85, "executed_branches": [], "missing_branches": []}, "PasswordResetConfirm": {"executed_lines": [], "summary": {"covered_lines": 0, "num_statements": 0, "percent_covered": 100.0, "percent_covered_display": "100", "missing_lines": 0, "excluded_lines": 0, "percent_statements_covered": 100.0, "percent_statements_covered_display": "100", "num_branches": 0, "num_partial_branches": 0, "covered_branches": 0, "missing_branches": 0, "percent_branches_covered": 100.0, "percent_branches_covered_display": "100"}, "missing_lines": [], "excluded_lines": [], "start_line": 89, "executed_branches": [], "missing_branches": []}, "Message": {"executed_lines": [], "summary": {"covered_lines": 0, "num_statements": 0, "percent_covered": 100.0, "percent_covered_display": "100", "missing_lines": 0, "excluded_lines": 0, "percent_statements_covered": 100.0, "percent_statements_covered_display": "100", "num_branches": 0, "num_partial_branches": 0, "covered_branches": 0, "missing_branches": 0, "percent_branches_covered": 100.0, "percent_branches_covered_display": "100"}, "missing_lines": [], "excluded_lines": [], "start_line": 94, "executed_branches": [], "missing_branches": []}, "": {"executed_lines": [], "summary": {"covered_lines": 0, "num_statements": 140, "percent_covered": 0.0, "percent_covered_display": "0", "missing_lines": 140, "excluded_lines": 0, "percent_statements_covered": 0.0, "percent_statements_covered_display": "0", "num_branches": 22, "num_partial_branches": 0, "covered_branches": 0, "missing_branches": 22, "percent_branches_covered": 0.0, "percent_branches_covered_display": "0"}, "missing_lines": [15, 16, 18, 19, 20, 21, 22, 23, 25, 26, 27, 37, 39, 42, 43, 44, 45, 46, 47, 50, 51, 52, 53, 54, 55, 57, 60, 61, 62, 65, 66, 67, 68, 69, 72, 73, 74, 75, 77, 80, 81, 82, 85, 86, 89, 90, 91, 94, 95, 98, 99, 100, 101, 103, 106, 107, 108, 110, 111, 112, 113, 115, 116, 117, 119, 122, 123, 124, 125, 128, 129, 130, 131, 133, 140, 141, 142, 143, 146, 147, 148, 149, 150, 151, 152, 153, 156, 157, 158, 161, 162, 163, 164, 165, 166, 167, 168, 169, 172, 173, 174, 175, 178, 179, 180, 182, 183, 184, 185, 186, 189, 190, 191, 192, 193, 194, 195, 200, 201, 202, 203, 206, 207, 208, 210, 211, 212, 213, 214, 215, 216, 217, 218, 219, 220, 221, 222, 223, 224, 227], "excluded_lines": [], "start_line": 1, "executed_branches": [], "missing_branches": [[107, 108], [107, 110], [112, 113], [112, 115], [116, 117], [116, 119], [130, 131], [130, 133], [149, 150], [149, 151], [182, 183], [182, 184], [192, 193], [192, 194], [211, 212], [211, 213], [214, 215], [214, 216], [216, 217], [216, 218], [219, 220], [219, 221]]}}}, "src/api_supabase.py": {"executed_lines": [13, 15, 16, 17, 18, 19, 20, 23, 24, 25, 27, 29, 31, 32, 36, 38, 39, 41, 43, 44, 47, 48, 50, 51, 52, 55, 56, 57, 58, 59, 60, 64, 66, 67, 68, 69, 71, 72, 73, 74, 77, 79, 80, 82, 83, 84, 85, 88, 90, 91, 92, 95, 97, 98, 99, 102, 104, 105, 108, 110, 113, 115, 117, 118, 119, 120, 123, 125, 128, 130, 133, 145, 146, 151, 152, 153, 158, 161, 162, 175, 176, 177, 178, 179, 180, 182, 183, 184, 187, 188, 201, 202, 203, 204, 205, 206, 208, 209, 210, 211, 212, 213, 214, 215, 216, 217, 218, 219, 220, 221, 222, 225, 230, 231, 234, 235, 248, 249, 250, 251, 254, 255, 260, 261, 262, 263, 266, 267, 280, 281, 282, 283, 286, 287, 300, 301, 302, 303, 306, 307, 320, 321, 322, 323, 326, 327, 342, 343, 344, 345, 348, 349, 364, 365, 366, 367, 368, 369, 370], "summary": {"covered_lines": 159, "num_statements": 160, "percent_covered": 98.87640449438203, "percent_covered_display": "99", "missing_lines": 1, "excluded_lines": 0, "percent_statements_covered": 99.375, "percent_statements_covered_display": "99", "num_branches": 18, "num_partial_branches": 1, "covered_branches": 17, "missing_branches": 1, "percent_branches_covered": 94.44444444444444, "percent_branches_covered_display": "94"}, "missing_lines": [22], "excluded_lines": [], "executed_branches": [[19, 20], [38, 39], [38, 41], [43, 44], [43, 47], [50, 51], [50, 55], [145, 146], [145, 151], [152, 153], [152, 158], [177, 178], [177, 179], [179, 180], [179, 182], [366, 367], [366, 369]], "missing_branches": [[19, 22]], "functions": {"validate_email_permissive": {"executed_lines": [38, 39, 41, 43, 44, 47, 48, 50, 51, 52, 55, 56, 57, 58, 59, 60], "summary": {"covered_lines": 16, "num_statements": 16, "percent_covered": 100.0, "percent_covered_display": "100", "missing_lines": 0, "excluded_lines": 0, "percent_statements_covered": 100.0, "percent_statements_covered_display": "100", "num_branches": 6, "num_partial_branches": 0, "covered_branches": 6, "missing_branches": 0, "percent_branches_covered": 100.0, "percent_branches_covered_display": "100"}, "missing_lines": [], "excluded_lines": [], "start_line": 36, "executed_branches": [[38, 39], [38, 41], [43, 44], [43, 47], [50, 51], [50, 55]], "missing_branches": []}, "RegisterRequest.validate_email_field": {"executed_lines": [74], "summary": {"covered_lines": 1, "num_statements": 1, "percent_covered": 100.0, "percent_covered_display": "100", "missing_lines": 0, "excluded_lines": 0, "percent_statements_covered": 100.0, "percent_statements_covered_display": "100", "num_branches": 0, "num_partial_branches": 0, "covered_branches": 0, "missing_branches": 0, "percent_branches_covered": 100.0, "percent_branches_covered_display": "100"}, "missing_lines": [], "excluded_lines": [], "start_line": 73, "executed_branches": [], "missing_branches": []}, "LoginRequest.validate_email_field": {"executed_lines": [85], "summary": {"covered_lines": 1, "num_statements": 1, "percent_covered": 100.0, "percent_covered_display": "100", "missing_lines": 0, "excluded_lines": 0, "percent_statements_covered": 100.0, "percent_statements_covered_display": "100", "num_branches": 0, "num_partial_branches": 0, "covered_branches": 0, "missing_branches": 0, "percent_branches_covered": 100.0, "percent_branches_covered_display": "100"}, "missing_lines": [], "excluded_lines": [], "start_line": 84, "executed_branches": [], "missing_branches": []}, "PasswordResetRequest.validate_email_field": {"executed_lines": [120], "summary": {"covered_lines": 1, "num_statements": 1, "percent_covered": 100.0, "percent_covered_display": "100", "missing_lines": 0, "excluded_lines": 0, "percent_statements_covered": 100.0, "percent_statements_covered_display": "100", "num_branches": 0, "num_partial_branches": 0, "covered_branches": 0, "missing_branches": 0, "percent_branches_covered": 100.0, "percent_branches_covered_display": "100"}, "missing_lines": [], "excluded_lines": [], "start_line": 119, "executed_branches": [], "missing_branches": []}, "get_token_from_header": {"executed_lines": [145, 146, 151, 152, 153, 158], "summary": {"covered_lines": 6, "num_statements": 6, "percent_covered": 100.0, "percent_covered_display": "100", "missing_lines": 0, "excluded_lines": 0, "percent_statements_covered": 100.0, "percent_statements_covered_display": "100", "num_branches": 4, "num_partial_branches": 0, "covered_branches": 4, "missing_branches": 0, "percent_branches_covered": 100.0, "percent_branches_covered_display": "100"}, "missing_lines": [], "excluded_lines": [], "start_line": 133, "executed_branches": [[145, 146], [145, 151], [152, 153], [152, 158]], "missing_branches": []}, "register": {"executed_lines": [175, 176, 177, 178, 179, 180, 182, 183, 184], "summary": {"covered_lines": 9, "num_statements": 9, "percent_covered": 100.0, "percent_covered_display": "100", "missing_lines": 0, "excluded_lines": 0, "percent_statements_covered": 100.0, "percent_statements_covered_display": "100", "num_branches": 4, "num_partial_branches": 0, "covered_branches": 4, "missing_branches": 0, "percent_branches_covered": 100.0, "percent_branches_covered_display": "100"}, "missing_lines": [], "excluded_lines": [], "start_line": 162, "executed_branches": [[177, 178], [177, 179], [179, 180], [179, 182]], "missing_branches": []}, "login": {"executed_lines": [201, 202, 203, 204, 205, 206, 208, 209, 210, 211, 212, 213, 214, 215, 216, 217, 218, 219, 220, 221, 222], "summary": {"covered_lines": 21, "num_statements": 21, "percent_covered": 100.0, "percent_covered_display": "100", "missing_lines": 0, "excluded_lines": 0, "percent_statements_covered": 100.0, "percent_statements_covered_display": "100", "num_branches": 0, "num_partial_branches": 0, "covered_branches": 0, "missing_branches": 0, "percent_branches_covered": 100.0, "percent_branches_covered_display": "100"}, "missing_lines": [], "excluded_lines": [], "start_line": 188, "executed_branches": [], "missing_branches": []}, "_logout_with_token": {"executed_lines": [230, 231], "summary": {"covered_lines": 2, "num_statements": 2, "percent_covered": 100.0, "percent_covered_display": "100", "missing_lines": 0, "excluded_lines": 0, "percent_statements_covered": 100.0, "percent_statements_covered_display": "100", "num_branches": 0, "num_partial_branches": 0, "covered_branches": 0, "missing_branches": 0, "percent_branches_covered": 100.0, "percent_branches_covered_display": "100"}, "missing_lines": [], "excluded_lines": [], "start_line": 225, "executed_branches": [], "missing_branches": []}, "logout": {"executed_lines": [248, 249, 250, 251], "summary": {"covered_lines": 4, "num_statements": 4, "percent_covered": 100.0, "percent_covered_display": "100", "missing_lines": 0, "excluded_lines": 0, "percent_statements_covered": 100.0, "percent_statements_covered_display": "100", "num_branches": 0, "num_partial_branches": 0, "covered_branches": 0, "missing_branches": 0, "percent_branches_covered": 100.0, "percent_branches_covered_display": "100"}, "missing_lines": [], "excluded_lines": [], "start_line": 235, "executed_branches": [], "missing_branches": []}, "legacy_logout": {"executed_lines": [260, 261, 262, 263], "summary": {"covered_lines": 4, "num_statements": 4, "percent_covered": 100.0, "percent_covered_display": "100", "missing_lines": 0, "excluded_lines": 0, "percent_statements_covered": 100.0, "percent_statements_covered_display": "100", "num_branches": 0, "num_partial_branches": 0, "covered_branches": 0, "missing_branches": 0, "percent_branches_covered": 100.0, "percent_branches_covered_display": "100"}, "missing_lines": [], "excluded_lines": [], "start_line": 255, "executed_branches": [], "missing_branches": []}, "get_current_user": {"executed_lines": [280, 281, 282, 283], "summary": {"covered_lines": 4, "num_statements": 4, "percent_covered": 100.0, "percent_covered_display": "100", "missing_lines": 0, "excluded_lines": 0, "percent_statements_covered": 100.0, "percent_statements_covered_display": "100", "num_branches": 0, "num_partial_branches": 0, "covered_branches": 0, "missing_branches": 0, "percent_branches_covered": 100.0, "percent_branches_covered_display": "100"}, "missing_lines": [], "excluded_lines": [], "start_line": 267, "executed_branches": [], "missing_branches": []}, "refresh_token": {"executed_lines": [300, 301, 302, 303], "summary": {"covered_lines": 4, "num_statements": 4, "percent_covered": 100.0, "percent_covered_display": "100", "missing_lines": 0, "excluded_lines": 0, "percent_statements_covered": 100.0, "percent_statements_covered_display": "100", "num_branches": 0, "num_partial_branches": 0, "covered_branches": 0, "missing_branches": 0, "percent_branches_covered": 100.0, "percent_branches_covered_display": "100"}, "missing_lines": [], "excluded_lines": [], "start_line": 287, "executed_branches": [], "missing_branches": []}, "request_password_reset": {"executed_lines": [320, 321, 322, 323], "summary": {"covered_lines": 4, "num_statements": 4, "percent_covered": 100.0, "percent_covered_display": "100", "missing_lines": 0, "excluded_lines": 0, "percent_statements_covered": 100.0, "percent_statements_covered_display": "100", "num_branches": 0, "num_partial_branches": 0, "covered_branches": 0, "missing_branches": 0, "percent_branches_covered": 100.0, "percent_branches_covered_display": "100"}, "missing_lines": [], "excluded_lines": [], "start_line": 307, "executed_branches": [], "missing_branches": []}, "confirm_password_reset": {"executed_lines": [342, 343, 344, 345], "summary": {"covered_lines": 4, "num_statements": 4, "percent_covered": 100.0, "percent_covered_display": "100", "missing_lines": 0, "excluded_lines": 0, "percent_statements_covered": 100.0, "percent_statements_covered_display": "100", "num_branches": 0, "num_partial_branches": 0, "covered_branches": 0, "missing_branches": 0, "percent_branches_covered": 100.0, "percent_branches_covered_display": "100"}, "missing_lines": [], "excluded_lines": [], "start_line": 327, "executed_branches": [], "missing_branches": []}, "verify_token": {"executed_lines": [364, 365, 366, 367, 368, 369, 370], "summary": {"covered_lines": 7, "num_statements": 7, "percent_covered": 100.0, "percent_covered_display": "100", "missing_lines": 0, "excluded_lines": 0, "percent_statements_covered": 100.0, "percent_statements_covered_display": "100", "num_branches": 2, "num_partial_branches": 0, "covered_branches": 2, "missing_branches": 0, "percent_branches_covered": 100.0, "percent_branches_covered_display": "100"}, "missing_lines": [], "excluded_lines": [], "start_line": 349, "executed_branches": [[366, 367], [366, 369]], "missing_branches": []}, "": {"executed_lines": [13, 15, 16, 17, 18, 19, 20, 23, 24, 25, 27, 29, 31, 32, 36, 64, 66, 67, 68, 69, 71, 72, 73, 77, 79, 80, 82, 83, 84, 88, 90, 91, 92, 95, 97, 98, 99, 102, 104, 105, 108, 110, 113, 115, 117, 118, 119, 123, 125, 128, 130, 133, 161, 162, 187, 188, 225, 234, 235, 254, 255, 266, 267, 286, 287, 306, 307, 326, 327, 348, 349], "summary": {"covered_lines": 71, "num_statements": 72, "percent_covered": 97.29729729729729, "percent_covered_display": "97", "missing_lines": 1, "excluded_lines": 0, "percent_statements_covered": 98.61111111111111, "percent_statements_covered_display": "99", "num_branches": 2, "num_partial_branches": 1, "covered_branches": 1, "missing_branches": 1, "percent_branches_covered": 50.0, "percent_branches_covered_display": "50"}, "missing_lines": [22], "excluded_lines": [], "start_line": 1, "executed_branches": [[19, 20]], "missing_branches": [[19, 22]]}}, "classes": {"RegisterRequest": {"executed_lines": [74], "summary": {"covered_lines": 1, "num_statements": 1, "percent_covered": 100.0, "percent_covered_display": "100", "missing_lines": 0, "excluded_lines": 0, "percent_statements_covered": 100.0, "percent_statements_covered_display": "100", "num_branches": 0, "num_partial_branches": 0, "covered_branches": 0, "missing_branches": 0, "percent_branches_covered": 100.0, "percent_branches_covered_display": "100"}, "missing_lines": [], "excluded_lines": [], "start_line": 64, "executed_branches": [], "missing_branches": []}, "LoginRequest": {"executed_lines": [85], "summary": {"covered_lines": 1, "num_statements": 1, "percent_covered": 100.0, "percent_covered_display": "100", "missing_lines": 0, "excluded_lines": 0, "percent_statements_covered": 100.0, "percent_statements_covered_display": "100", "num_branches": 0, "num_partial_branches": 0, "covered_branches": 0, "missing_branches": 0, "percent_branches_covered": 100.0, "percent_branches_covered_display": "100"}, "missing_lines": [], "excluded_lines": [], "start_line": 77, "executed_branches": [], "missing_branches": []}, "UserResponse": {"executed_lines": [], "summary": {"covered_lines": 0, "num_statements": 0, "percent_covered": 100.0, "percent_covered_display": "100", "missing_lines": 0, "excluded_lines": 0, "percent_statements_covered": 100.0, "percent_statements_covered_display": "100", "num_branches": 0, "num_partial_branches": 0, "covered_branches": 0, "missing_branches": 0, "percent_branches_covered": 100.0, "percent_branches_covered_display": "100"}, "missing_lines": [], "excluded_lines": [], "start_line": 88, "executed_branches": [], "missing_branches": []}, "SessionResponse": {"executed_lines": [], "summary": {"covered_lines": 0, "num_statements": 0, "percent_covered": 100.0, "percent_covered_display": "100", "missing_lines": 0, "excluded_lines": 0, "percent_statements_covered": 100.0, "percent_statements_covered_display": "100", "num_branches": 0, "num_partial_branches": 0, "covered_branches": 0, "missing_branches": 0, "percent_branches_covered": 100.0, "percent_branches_covered_display": "100"}, "missing_lines": [], "excluded_lines": [], "start_line": 95, "executed_branches": [], "missing_branches": []}, "AuthResponse": {"executed_lines": [], "summary": {"covered_lines": 0, "num_statements": 0, "percent_covered": 100.0, "percent_covered_display": "100", "missing_lines": 0, "excluded_lines": 0, "percent_statements_covered": 100.0, "percent_statements_covered_display": "100", "num_branches": 0, "num_partial_branches": 0, "covered_branches": 0, "missing_branches": 0, "percent_branches_covered": 100.0, "percent_branches_covered_display": "100"}, "missing_lines": [], "excluded_lines": [], "start_line": 102, "executed_branches": [], "missing_branches": []}, "RefreshRequest": {"executed_lines": [], "summary": {"covered_lines": 0, "num_statements": 0, "percent_covered": 100.0, "percent_covered_display": "100", "missing_lines": 0, "excluded_lines": 0, "percent_statements_covered": 100.0, "percent_statements_covered_display": "100", "num_branches": 0, "num_partial_branches": 0, "covered_branches": 0, "missing_branches": 0, "percent_branches_covered": 100.0, "percent_branches_covered_display": "100"}, "missing_lines": [], "excluded_lines": [], "start_line": 108, "executed_branches": [], "missing_branches": []}, "PasswordResetRequest": {"executed_lines": [120], "summary": {"covered_lines": 1, "num_statements": 1, "percent_covered": 100.0, "percent_covered_display": "100", "missing_lines": 0, "excluded_lines": 0, "percent_statements_covered": 100.0, "percent_statements_covered_display": "100", "num_branches": 0, "num_partial_branches": 0, "covered_branches": 0, "missing_branches": 0, "percent_branches_covered": 100.0, "percent_branches_covered_display": "100"}, "missing_lines": [], "excluded_lines": [], "start_line": 113, "executed_branches": [], "missing_branches": []}, "PasswordResetConfirm": {"executed_lines": [], "summary": {"covered_lines": 0, "num_statements": 0, "percent_covered": 100.0, "percent_covered_display": "100", "missing_lines": 0, "excluded_lines": 0, "percent_statements_covered": 100.0, "percent_statements_covered_display": "100", "num_branches": 0, "num_partial_branches": 0, "covered_branches": 0, "missing_branches": 0, "percent_branches_covered": 100.0, "percent_branches_covered_display": "100"}, "missing_lines": [], "excluded_lines": [], "start_line": 123, "executed_branches": [], "missing_branches": []}, "Message": {"executed_lines": [], "summary": {"covered_lines": 0, "num_statements": 0, "percent_covered": 100.0, "percent_covered_display": "100", "missing_lines": 0, "excluded_lines": 0, "percent_statements_covered": 100.0, "percent_statements_covered_display": "100", "num_branches": 0, "num_partial_branches": 0, "covered_branches": 0, "missing_branches": 0, "percent_branches_covered": 100.0, "percent_branches_covered_display": "100"}, "missing_lines": [], "excluded_lines": [], "start_line": 128, "executed_branches": [], "missing_branches": []}, "": {"executed_lines": [13, 15, 16, 17, 18, 19, 20, 23, 24, 25, 27, 29, 31, 32, 36, 38, 39, 41, 43, 44, 47, 48, 50, 51, 52, 55, 56, 57, 58, 59, 60, 64, 66, 67, 68, 69, 71, 72, 73, 77, 79, 80, 82, 83, 84, 88, 90, 91, 92, 95, 97, 98, 99, 102, 104, 105, 108, 110, 113, 115, 117, 118, 119, 123, 125, 128, 130, 133, 145, 146, 151, 152, 153, 158, 161, 162, 175, 176, 177, 178, 179, 180, 182, 183, 184, 187, 188, 201, 202, 203, 204, 205, 206, 208, 209, 210, 211, 212, 213, 214, 215, 216, 217, 218, 219, 220, 221, 222, 225, 230, 231, 234, 235, 248, 249, 250, 251, 254, 255, 260, 261, 262, 263, 266, 267, 280, 281, 282, 283, 286, 287, 300, 301, 302, 303, 306, 307, 320, 321, 322, 323, 326, 327, 342, 343, 344, 345, 348, 349, 364, 365, 366, 367, 368, 369, 370], "summary": {"covered_lines": 156, "num_statements": 157, "percent_covered": 98.85714285714286, "percent_covered_display": "99", "missing_lines": 1, "excluded_lines": 0, "percent_statements_covered": 99.36305732484077, "percent_statements_covered_display": "99", "num_branches": 18, "num_partial_branches": 1, "covered_branches": 17, "missing_branches": 1, "percent_branches_covered": 94.44444444444444, "percent_branches_covered_display": "94"}, "missing_lines": [22], "excluded_lines": [], "start_line": 1, "executed_branches": [[19, 20], [38, 39], [38, 41], [43, 44], [43, 47], [50, 51], [50, 55], [145, 146], [145, 151], [152, 153], [152, 158], [177, 178], [177, 179], [179, 180], [179, 182], [366, 367], [366, 369]], "missing_branches": [[19, 22]]}}}, "src/database.py": {"executed_lines": [2, 4, 5, 6, 10, 11, 12, 16, 22, 23, 27, 33, 37, 39, 48, 62, 65, 67, 68, 71, 73, 74, 75, 76, 80, 83], "summary": {"covered_lines": 26, "num_statements": 29, "percent_covered": 87.87878787878788, "percent_covered_display": "88", "missing_lines": 3, "excluded_lines": 0, "percent_statements_covered": 89.65517241379311, "percent_statements_covered_display": "90", "num_branches": 4, "num_partial_branches": 1, "covered_branches": 3, "missing_branches": 1, "percent_branches_covered": 75.0, "percent_branches_covered_display": "75"}, "missing_lines": [13, 14, 57], "excluded_lines": [], "executed_branches": [[27, 33], [37, 39], [37, 48]], "missing_branches": [[27, 57]], "functions": {"init_db": {"executed_lines": [67, 68], "summary": {"covered_lines": 2, "num_statements": 2, "percent_covered": 100.0, "percent_covered_display": "100", "missing_lines": 0, "excluded_lines": 0, "percent_statements_covered": 100.0, "percent_statements_covered_display": "100", "num_branches": 0, "num_partial_branches": 0, "covered_branches": 0, "missing_branches": 0, "percent_branches_covered": 100.0, "percent_branches_covered_display": "100"}, "missing_lines": [], "excluded_lines": [], "start_line": 65, "executed_branches": [], "missing_branches": []}, "_ensure_models_imported": {"executed_lines": [73, 74, 75, 76], "summary": {"covered_lines": 4, "num_statements": 4, "percent_covered": 100.0, "percent_covered_display": "100", "missing_lines": 0, "excluded_lines": 0, "percent_statements_covered": 100.0, "percent_statements_covered_display": "100", "num_branches": 0, "num_partial_branches": 0, "covered_branches": 0, "missing_branches": 0, "percent_branches_covered": 100.0, "percent_branches_covered_display": "100"}, "missing_lines": [], "excluded_lines": [], "start_line": 71, "executed_branches": [], "missing_branches": []}, "": {"executed_lines": [2, 4, 5, 6, 10, 11, 12, 16, 22, 23, 27, 33, 37, 39, 48, 62, 65, 71, 80, 83], "summary": {"covered_lines": 20, "num_statements": 23, "percent_covered": 85.18518518518519, "percent_covered_display": "85", "missing_lines": 3, "excluded_lines": 0, "percent_statements_covered": 86.95652173913044, "percent_statements_covered_display": "87", "num_branches": 4, "num_partial_branches": 1, "covered_branches": 3, "missing_branches": 1, "percent_branches_covered": 75.0, "percent_branches_covered_display": "75"}, "missing_lines": [13, 14, 57], "excluded_lines": [], "start_line": 1, "executed_branches": [[27, 33], [37, 39], [37, 48]], "missing_branches": [[27, 57]]}}, "classes": {"Base": {"executed_lines": [], "summary": {"covered_lines": 0, "num_statements": 0, "percent_covered": 100.0, "percent_covered_display": "100", "missing_lines": 0, "excluded_lines": 0, "percent_statements_covered": 100.0, "percent_statements_covered_display": "100", "num_branches": 0, "num_partial_branches": 0, "covered_branches": 0, "missing_branches": 0, "percent_branches_covered": 100.0, "percent_branches_covered_display": "100"}, "missing_lines": [], "excluded_lines": [], "start_line": 22, "executed_branches": [], "missing_branches": []}, "": {"executed_lines": [2, 4, 5, 6, 10, 11, 12, 16, 22, 23, 27, 33, 37, 39, 48, 62, 65, 67, 68, 71, 73, 74, 75, 76, 80, 83], "summary": {"covered_lines": 26, "num_statements": 29, "percent_covered": 87.87878787878788, "percent_covered_display": "88", "missing_lines": 3, "excluded_lines": 0, "percent_statements_covered": 89.65517241379311, "percent_statements_covered_display": "90", "num_branches": 4, "num_partial_branches": 1, "covered_branches": 3, "missing_branches": 1, "percent_branches_covered": 75.0, "percent_branches_covered_display": "75"}, "missing_lines": [13, 14, 57], "excluded_lines": [], "start_line": 1, "executed_branches": [[27, 33], [37, 39], [37, 48]], "missing_branches": [[27, 57]]}}}, "src/models.py": {"executed_lines": [2, 4, 5, 6, 7, 10, 13, 14, 15, 16, 17, 18, 19, 20, 21, 22, 25, 27, 31, 32, 33, 34, 35, 37, 39, 41, 43, 44, 45, 48, 49, 50, 51, 52, 54, 55, 56, 59, 61, 62, 63, 66], "summary": {"covered_lines": 42, "num_statements": 42, "percent_covered": 100.0, "percent_covered_display": "100", "missing_lines": 0, "excluded_lines": 0, "percent_statements_covered": 100.0, "percent_statements_covered_display": "100", "num_branches": 0, "num_partial_branches": 0, "covered_branches": 0, "missing_branches": 0, "percent_branches_covered": 100.0, "percent_branches_covered_display": "100"}, "missing_lines": [], "excluded_lines": [], "executed_branches": [], "missing_branches": [], "functions": {"APIKey.generate_raw_key": {"executed_lines": [45], "summary": {"covered_lines": 1, "num_statements": 1, "percent_covered": 100.0, "percent_covered_display": "100", "missing_lines": 0, "excluded_lines": 0, "percent_statements_covered": 100.0, "percent_statements_covered_display": "100", "num_branches": 0, "num_partial_branches": 0, "covered_branches": 0, "missing_branches": 0, "percent_branches_covered": 100.0, "percent_branches_covered_display": "100"}, "missing_lines": [], "excluded_lines": [], "start_line": 44, "executed_branches": [], "missing_branches": []}, "PasswordResetToken.generate_token": {"executed_lines": [63], "summary": {"covered_lines": 1, "num_statements": 1, "percent_covered": 100.0, "percent_covered_display": "100", "missing_lines": 0, "excluded_lines": 0, "percent_statements_covered": 100.0, "percent_statements_covered_display": "100", "num_branches": 0, "num_partial_branches": 0, "covered_branches": 0, "missing_branches": 0, "percent_branches_covered": 100.0, "percent_branches_covered_display": "100"}, "missing_lines": [], "excluded_lines": [], "start_line": 62, "executed_branches": [], "missing_branches": []}, "": {"executed_lines": [2, 4, 5, 6, 7, 10, 13, 14, 15, 16, 17, 18, 19, 20, 21, 22, 25, 27, 31, 32, 33, 34, 35, 37, 39, 41, 43, 44, 48, 49, 50, 51, 52, 54, 55, 56, 59, 61, 62, 66], "summary": {"covered_lines": 40, "num_statements": 40, "percent_covered": 100.0, "percent_covered_display": "100", "missing_lines": 0, "excluded_lines": 0, "percent_statements_covered": 100.0, "percent_statements_covered_display": "100", "num_branches": 0, "num_partial_branches": 0, "covered_branches": 0, "missing_branches": 0, "percent_branches_covered": 100.0, "percent_branches_covered_display": "100"}, "missing_lines": [], "excluded_lines": [], "start_line": 1, "executed_branches": [], "missing_branches": []}}, "classes": {"User": {"executed_lines": [], "summary": {"covered_lines": 0, "num_statements": 0, "percent_covered": 100.0, "percent_covered_display": "100", "missing_lines": 0, "excluded_lines": 0, "percent_statements_covered": 100.0, "percent_statements_covered_display": "100", "num_branches": 0, "num_partial_branches": 0, "covered_branches": 0, "missing_branches": 0, "percent_branches_covered": 100.0, "percent_branches_covered_display": "100"}, "missing_lines": [], "excluded_lines": [], "start_line": 13, "executed_branches": [], "missing_branches": []}, "APIKey": {"executed_lines": [45], "summary": {"covered_lines": 1, "num_statements": 1, "percent_covered": 100.0, "percent_covered_display": "100", "missing_lines": 0, "excluded_lines": 0, "percent_statements_covered": 100.0, "percent_statements_covered_display": "100", "num_branches": 0, "num_partial_branches": 0, "covered_branches": 0, "missing_branches": 0, "percent_branches_covered": 100.0, "percent_branches_covered_display": "100"}, "missing_lines": [], "excluded_lines": [], "start_line": 31, "executed_branches": [], "missing_branches": []}, "PasswordResetToken": {"executed_lines": [63], "summary": {"covered_lines": 1, "num_statements": 1, "percent_covered": 100.0, "percent_covered_display": "100", "missing_lines": 0, "excluded_lines": 0, "percent_statements_covered": 100.0, "percent_statements_covered_display": "100", "num_branches": 0, "num_partial_branches": 0, "covered_branches": 0, "missing_branches": 0, "percent_branches_covered": 100.0, "percent_branches_covered_display": "100"}, "missing_lines": [], "excluded_lines": [], "start_line": 48, "executed_branches": [], "missing_branches": []}, "": {"executed_lines": [2, 4, 5, 6, 7, 10, 13, 14, 15, 16, 17, 18, 19, 20, 21, 22, 25, 27, 31, 32, 33, 34, 35, 37, 39, 41, 43, 44, 48, 49, 50, 51, 52, 54, 55, 56, 59, 61, 62, 66], "summary": {"covered_lines": 40, "num_statements": 40, "percent_covered": 100.0, "percent_covered_display": "100", "missing_lines": 0, "excluded_lines": 0, "percent_statements_covered": 100.0, "percent_statements_covered_display": "100", "num_branches": 0, "num_partial_branches": 0, "covered_branches": 0, "missing_branches": 0, "percent_branches_covered": 100.0, "percent_branches_covered_display": "100"}, "missing_lines": [], "excluded_lines": [], "start_line": 1, "executed_branches": [], "missing_branches": []}}}, "src/observability.py": {"executed_lines": [3, 5, 6, 7, 8, 9, 10, 11, 12, 13, 15, 16, 17, 20, 26, 32, 39, 42, 43, 51, 52, 53, 56, 59, 94, 108, 118, 173, 184, 213, 215, 216, 217, 219, 220, 225, 226, 228, 236, 239, 240, 241, 242, 243, 245, 246, 247, 249, 256, 262, 263, 264, 266, 268, 269], "summary": {"covered_lines": 55, "num_statements": 162, "percent_covered": 31.5, "percent_covered_display": "32", "missing_lines": 107, "excluded_lines": 0, "percent_statements_covered": 33.95061728395062, "percent_statements_covered_display": "34", "num_branches": 38, "num_partial_branches": 2, "covered_branches": 8, "missing_branches": 30, "percent_branches_covered": 21.05263157894737, "percent_branches_covered_display": "21"}, "missing_lines": [60, 61, 62, 63, 64, 65, 66, 67, 68, 69, 71, 72, 74, 75, 76, 77, 78, 80, 81, 82, 83, 85, 86, 87, 92, 95, 96, 97, 98, 100, 101, 102, 103, 104, 105, 106, 109, 110, 111, 112, 113, 114, 116, 119, 120, 122, 123, 125, 126, 127, 128, 129, 130, 131, 132, 134, 135, 143, 144, 145, 146, 147, 149, 150, 152, 153, 154, 155, 156, 157, 159, 160, 161, 162, 163, 165, 167, 168, 169, 170, 171, 174, 175, 176, 182, 185, 186, 188, 189, 190, 191, 192, 194, 201, 203, 204, 210, 221, 222, 223, 229, 230, 231, 232, 233, 270, 271], "excluded_lines": [], "executed_branches": [[51, 52], [51, 53], [220, 225], [225, 226], [225, 228], [228, -213], [262, 263], [262, 266]], "missing_branches": [[76, 77], [76, 85], [95, 96], [95, 97], [97, 98], [97, 100], [111, 112], [111, 113], [113, 114], [113, 116], [119, 120], [119, 122], [125, 126], [125, 152], [143, 125], [143, 144], [152, 153], [152, 167], [159, 152], [159, 160], [167, -118], [167, 168], [185, 186], [185, 188], [189, 190], [189, 194], [220, 221], [228, 229], [230, -213], [230, 231]], "functions": {"JsonLogFormatter.format": {"executed_lines": [43, 51, 52, 53], "summary": {"covered_lines": 4, "num_statements": 4, "percent_covered": 100.0, "percent_covered_display": "100", "missing_lines": 0, "excluded_lines": 0, "percent_statements_covered": 100.0, "percent_statements_covered_display": "100", "num_branches": 2, "num_partial_branches": 0, "covered_branches": 2, "missing_branches": 0, "percent_branches_covered": 100.0, "percent_branches_covered_display": "100"}, "missing_lines": [], "excluded_lines": [], "start_line": 42, "executed_branches": [[51, 52], [51, 53]], "missing_branches": []}, "LokiHandler.__init__": {"executed_lines": [], "summary": {"covered_lines": 0, "num_statements": 25, "percent_covered": 0.0, "percent_covered_display": "0", "missing_lines": 25, "excluded_lines": 0, "percent_statements_covered": 0.0, "percent_statements_covered_display": "0", "num_branches": 2, "num_partial_branches": 0, "covered_branches": 0, "missing_branches": 2, "percent_branches_covered": 0.0, "percent_branches_covered_display": "0"}, "missing_lines": [60, 61, 62, 63, 64, 65, 66, 67, 68, 69, 71, 72, 74, 75, 76, 77, 78, 80, 81, 82, 83, 85, 86, 87, 92], "excluded_lines": [], "start_line": 59, "executed_branches": [], "missing_branches": [[76, 77], [76, 85]]}, "LokiHandler.emit": {"executed_lines": [], "summary": {"covered_lines": 0, "num_statements": 11, "percent_covered": 0.0, "percent_covered_display": "0", "missing_lines": 11, "excluded_lines": 0, "percent_statements_covered": 0.0, "percent_statements_covered_display": "0", "num_branches": 4, "num_partial_branches": 0, "covered_branches": 0, "missing_branches": 4, "percent_branches_covered": 0.0, "percent_branches_covered_display": "0"}, "missing_lines": [95, 96, 97, 98, 100, 101, 102, 103, 104, 105, 106], "excluded_lines": [], "start_line": 94, "executed_branches": [], "missing_branches": [[95, 96], [95, 97], [97, 98], [97, 100]]}, "LokiHandler.close": {"executed_lines": [], "summary": {"covered_lines": 0, "num_statements": 7, "percent_covered": 0.0, "percent_covered_display": "0", "missing_lines": 7, "excluded_lines": 0, "percent_statements_covered": 0.0, "percent_statements_covered_display": "0", "num_branches": 4, "num_partial_branches": 0, "covered_branches": 0, "missing_branches": 4, "percent_branches_covered": 0.0, "percent_branches_covered_display": "0"}, "missing_lines": [109, 110, 111, 112, 113, 114, 116], "excluded_lines": [], "start_line": 108, "executed_branches": [], "missing_branches": [[111, 112], [111, 113], [113, 114], [113, 116]]}, "LokiHandler._worker_loop": {"executed_lines": [], "summary": {"covered_lines": 0, "num_statements": 38, "percent_covered": 0.0, "percent_covered_display": "0", "missing_lines": 38, "excluded_lines": 0, "percent_statements_covered": 0.0, "percent_statements_covered_display": "0", "num_branches": 12, "num_partial_branches": 0, "covered_branches": 0, "missing_branches": 12, "percent_branches_covered": 0.0, "percent_branches_covered_display": "0"}, "missing_lines": [119, 120, 122, 123, 125, 126, 127, 128, 129, 130, 131, 132, 134, 135, 143, 144, 145, 146, 147, 149, 150, 152, 153, 154, 155, 156, 157, 159, 160, 161, 162, 163, 165, 167, 168, 169, 170, 171], "excluded_lines": [], "start_line": 118, "executed_branches": [], "missing_branches": [[119, 120], [119, 122], [125, 126], [125, 152], [143, 125], [143, 144], [152, 153], [152, 167], [159, 152], [159, 160], [167, -118], [167, 168]]}, "LokiHandler._build_loki_entry": {"executed_lines": [], "summary": {"covered_lines": 0, "num_statements": 4, "percent_covered": 0.0, "percent_covered_display": "0", "missing_lines": 4, "excluded_lines": 0, "percent_statements_covered": 0.0, "percent_statements_covered_display": "0", "num_branches": 0, "num_partial_branches": 0, "covered_branches": 0, "missing_branches": 0, "percent_branches_covered": 100.0, "percent_branches_covered_display": "100"}, "missing_lines": [174, 175, 176, 182], "excluded_lines": [], "start_line": 173, "executed_branches": [], "missing_branches": []}, "LokiHandler._send_batch": {"executed_lines": [], "summary": {"covered_lines": 0, "num_statements": 12, "percent_covered": 0.0, "percent_covered_display": "0", "missing_lines": 12, "excluded_lines": 0, "percent_statements_covered": 0.0, "percent_statements_covered_display": "0", "num_branches": 4, "num_partial_branches": 0, "covered_branches": 0, "missing_branches": 4, "percent_branches_covered": 0.0, "percent_branches_covered_display": "0"}, "missing_lines": [185, 186, 188, 189, 190, 191, 192, 194, 201, 203, 204, 210], "excluded_lines": [], "start_line": 184, "executed_branches": [], "missing_branches": [[185, 186], [185, 188], [189, 190], [189, 194]]}, "setup_logging": {"executed_lines": [215, 216, 217, 219, 220, 225, 226, 228], "summary": {"covered_lines": 8, "num_statements": 16, "percent_covered": 50.0, "percent_covered_display": "50", "missing_lines": 8, "excluded_lines": 0, "percent_statements_covered": 50.0, "percent_statements_covered_display": "50", "num_branches": 8, "num_partial_branches": 2, "covered_branches": 4, "missing_branches": 4, "percent_branches_covered": 50.0, "percent_branches_covered_display": "50"}, "missing_lines": [221, 222, 223, 229, 230, 231, 232, 233], "excluded_lines": [], "start_line": 213, "executed_branches": [[220, 225], [225, 226], [225, 228], [228, -213]], "missing_branches": [[220, 221], [228, 229], [230, -213], [230, 231]]}, "install_fastapi_observability": {"executed_lines": [239, 240, 268, 269], "summary": {"covered_lines": 4, "num_statements": 4, "percent_covered": 100.0, "percent_covered_display": "100", "missing_lines": 0, "excluded_lines": 0, "percent_statements_covered": 100.0, "percent_statements_covered_display": "100", "num_branches": 0, "num_partial_branches": 0, "covered_branches": 0, "missing_branches": 0, "percent_branches_covered": 100.0, "percent_branches_covered_display": "100"}, "missing_lines": [], "excluded_lines": [], "start_line": 236, "executed_branches": [], "missing_branches": []}, "install_fastapi_observability.prometheus_http_metrics": {"executed_lines": [241, 242, 243, 245, 246, 247, 249, 256, 262, 263, 264, 266], "summary": {"covered_lines": 12, "num_statements": 12, "percent_covered": 100.0, "percent_covered_display": "100", "missing_lines": 0, "excluded_lines": 0, "percent_statements_covered": 100.0, "percent_statements_covered_display": "100", "num_branches": 2, "num_partial_branches": 0, "covered_branches": 2, "missing_branches": 0, "percent_branches_covered": 100.0, "percent_branches_covered_display": "100"}, "missing_lines": [], "excluded_lines": [], "start_line": 240, "executed_branches": [[262, 263], [262, 266]], "missing_branches": []}, "install_fastapi_observability.metrics_endpoint": {"executed_lines": [], "summary": {"covered_lines": 0, "num_statements": 2, "percent_covered": 0.0, "percent_covered_display": "0", "missing_lines": 2, "excluded_lines": 0, "percent_statements_covered": 0.0, "percent_statements_covered_display": "0", "num_branches": 0, "num_partial_branches": 0, "covered_branches": 0, "missing_branches": 0, "percent_branches_covered": 100.0, "percent_branches_covered_display": "100"}, "missing_lines": [270, 271], "excluded_lines": [], "start_line": 269, "executed_branches": [], "missing_branches": []}, "": {"executed_lines": [3, 5, 6, 7, 8, 9, 10, 11, 12, 13, 15, 16, 17, 20, 26, 32, 39, 42, 56, 59, 94, 108, 118, 173, 184, 213, 236], "summary": {"covered_lines": 27, "num_statements": 27, "percent_covered": 100.0, "percent_covered_display": "100", "missing_lines": 0, "excluded_lines": 0, "percent_statements_covered": 100.0, "percent_statements_covered_display": "100", "num_branches": 0, "num_partial_branches": 0, "covered_branches": 0, "missing_branches": 0, "percent_branches_covered": 100.0, "percent_branches_covered_display": "100"}, "missing_lines": [], "excluded_lines": [], "start_line": 1, "executed_branches": [], "missing_branches": []}}, "classes": {"JsonLogFormatter": {"executed_lines": [43, 51, 52, 53], "summary": {"covered_lines": 4, "num_statements": 4, "percent_covered": 100.0, "percent_covered_display": "100", "missing_lines": 0, "excluded_lines": 0, "percent_statements_covered": 100.0, "percent_statements_covered_display": "100", "num_branches": 2, "num_partial_branches": 0, "covered_branches": 2, "missing_branches": 0, "percent_branches_covered": 100.0, "percent_branches_covered_display": "100"}, "missing_lines": [], "excluded_lines": [], "start_line": 39, "executed_branches": [[51, 52], [51, 53]], "missing_branches": []}, "LokiHandler": {"executed_lines": [], "summary": {"covered_lines": 0, "num_statements": 97, "percent_covered": 0.0, "percent_covered_display": "0", "missing_lines": 97, "excluded_lines": 0, "percent_statements_covered": 0.0, "percent_statements_covered_display": "0", "num_branches": 26, "num_partial_branches": 0, "covered_branches": 0, "missing_branches": 26, "percent_branches_covered": 0.0, "percent_branches_covered_display": "0"}, "missing_lines": [60, 61, 62, 63, 64, 65, 66, 67, 68, 69, 71, 72, 74, 75, 76, 77, 78, 80, 81, 82, 83, 85, 86, 87, 92, 95, 96, 97, 98, 100, 101, 102, 103, 104, 105, 106, 109, 110, 111, 112, 113, 114, 116, 119, 120, 122, 123, 125, 126, 127, 128, 129, 130, 131, 132, 134, 135, 143, 144, 145, 146, 147, 149, 150, 152, 153, 154, 155, 156, 157, 159, 160, 161, 162, 163, 165, 167, 168, 169, 170, 171, 174, 175, 176, 182, 185, 186, 188, 189, 190, 191, 192, 194, 201, 203, 204, 210], "excluded_lines": [], "start_line": 56, "executed_branches": [], "missing_branches": [[76, 77], [76, 85], [95, 96], [95, 97], [97, 98], [97, 100], [111, 112], [111, 113], [113, 114], [113, 116], [119, 120], [119, 122], [125, 126], [125, 152], [143, 125], [143, 144], [152, 153], [152, 167], [159, 152], [159, 160], [167, -118], [167, 168], [185, 186], [185, 188], [189, 190], [189, 194]]}, "": {"executed_lines": [3, 5, 6, 7, 8, 9, 10, 11, 12, 13, 15, 16, 17, 20, 26, 32, 39, 42, 56, 59, 94, 108, 118, 173, 184, 213, 215, 216, 217, 219, 220, 225, 226, 228, 236, 239, 240, 241, 242, 243, 245, 246, 247, 249, 256, 262, 263, 264, 266, 268, 269], "summary": {"covered_lines": 51, "num_statements": 61, "percent_covered": 80.28169014084507, "percent_covered_display": "80", "missing_lines": 10, "excluded_lines": 0, "percent_statements_covered": 83.60655737704919, "percent_statements_covered_display": "84", "num_branches": 10, "num_partial_branches": 2, "covered_branches": 6, "missing_branches": 4, "percent_branches_covered": 60.0, "percent_branches_covered_display": "60"}, "missing_lines": [221, 222, 223, 229, 230, 231, 232, 233, 270, 271], "excluded_lines": [], "start_line": 1, "executed_branches": [[220, 225], [225, 226], [225, 228], [228, -213], [262, 263], [262, 266]], "missing_branches": [[220, 221], [228, 229], [230, -213], [230, 231]]}}}, "src/security.py": {"executed_lines": [2, 4, 5, 6, 7, 8, 9, 11, 13, 14, 15, 17, 19, 22, 23, 26, 27, 30, 31, 32, 33, 36, 37, 38, 39, 40, 41, 44, 45, 48, 49, 52], "summary": {"covered_lines": 32, "num_statements": 32, "percent_covered": 100.0, "percent_covered_display": "100", "missing_lines": 0, "excluded_lines": 0, "percent_statements_covered": 100.0, "percent_statements_covered_display": "100", "num_branches": 0, "num_partial_branches": 0, "covered_branches": 0, "missing_branches": 0, "percent_branches_covered": 100.0, "percent_branches_covered_display": "100"}, "missing_lines": [], "excluded_lines": [], "executed_branches": [], "missing_branches": [], "functions": {"hash_password": {"executed_lines": [23], "summary": {"covered_lines": 1, "num_statements": 1, "percent_covered": 100.0, "percent_covered_display": "100", "missing_lines": 0, "excluded_lines": 0, "percent_statements_covered": 100.0, "percent_statements_covered_display": "100", "num_branches": 0, "num_partial_branches": 0, "covered_branches": 0, "missing_branches": 0, "percent_branches_covered": 100.0, "percent_branches_covered_display": "100"}, "missing_lines": [], "excluded_lines": [], "start_line": 22, "executed_branches": [], "missing_branches": []}, "verify_password": {"executed_lines": [27], "summary": {"covered_lines": 1, "num_statements": 1, "percent_covered": 100.0, "percent_covered_display": "100", "missing_lines": 0, "excluded_lines": 0, "percent_statements_covered": 100.0, "percent_statements_covered_display": "100", "num_branches": 0, "num_partial_branches": 0, "covered_branches": 0, "missing_branches": 0, "percent_branches_covered": 100.0, "percent_branches_covered_display": "100"}, "missing_lines": [], "excluded_lines": [], "start_line": 26, "executed_branches": [], "missing_branches": []}, "create_access_token": {"executed_lines": [31, 32, 33], "summary": {"covered_lines": 3, "num_statements": 3, "percent_covered": 100.0, "percent_covered_display": "100", "missing_lines": 0, "excluded_lines": 0, "percent_statements_covered": 100.0, "percent_statements_covered_display": "100", "num_branches": 0, "num_partial_branches": 0, "covered_branches": 0, "missing_branches": 0, "percent_branches_covered": 100.0, "percent_branches_covered_display": "100"}, "missing_lines": [], "excluded_lines": [], "start_line": 30, "executed_branches": [], "missing_branches": []}, "decode_access_token": {"executed_lines": [37, 38, 39, 40, 41], "summary": {"covered_lines": 5, "num_statements": 5, "percent_covered": 100.0, "percent_covered_display": "100", "missing_lines": 0, "excluded_lines": 0, "percent_statements_covered": 100.0, "percent_statements_covered_display": "100", "num_branches": 0, "num_partial_branches": 0, "covered_branches": 0, "missing_branches": 0, "percent_branches_covered": 100.0, "percent_branches_covered_display": "100"}, "missing_lines": [], "excluded_lines": [], "start_line": 36, "executed_branches": [], "missing_branches": []}, "hash_api_key": {"executed_lines": [45], "summary": {"covered_lines": 1, "num_statements": 1, "percent_covered": 100.0, "percent_covered_display": "100", "missing_lines": 0, "excluded_lines": 0, "percent_statements_covered": 100.0, "percent_statements_covered_display": "100", "num_branches": 0, "num_partial_branches": 0, "covered_branches": 0, "missing_branches": 0, "percent_branches_covered": 100.0, "percent_branches_covered_display": "100"}, "missing_lines": [], "excluded_lines": [], "start_line": 44, "executed_branches": [], "missing_branches": []}, "create_reset_expiry": {"executed_lines": [49], "summary": {"covered_lines": 1, "num_statements": 1, "percent_covered": 100.0, "percent_covered_display": "100", "missing_lines": 0, "excluded_lines": 0, "percent_statements_covered": 100.0, "percent_statements_covered_display": "100", "num_branches": 0, "num_partial_branches": 0, "covered_branches": 0, "missing_branches": 0, "percent_branches_covered": 100.0, "percent_branches_covered_display": "100"}, "missing_lines": [], "excluded_lines": [], "start_line": 48, "executed_branches": [], "missing_branches": []}, "": {"executed_lines": [2, 4, 5, 6, 7, 8, 9, 11, 13, 14, 15, 17, 19, 22, 26, 30, 36, 44, 48, 52], "summary": {"covered_lines": 20, "num_statements": 20, "percent_covered": 100.0, "percent_covered_display": "100", "missing_lines": 0, "excluded_lines": 0, "percent_statements_covered": 100.0, "percent_statements_covered_display": "100", "num_branches": 0, "num_partial_branches": 0, "covered_branches": 0, "missing_branches": 0, "percent_branches_covered": 100.0, "percent_branches_covered_display": "100"}, "missing_lines": [], "excluded_lines": [], "start_line": 1, "executed_branches": [], "missing_branches": []}}, "classes": {"": {"executed_lines": [2, 4, 5, 6, 7, 8, 9, 11, 13, 14, 15, 17, 19, 22, 23, 26, 27, 30, 31, 32, 33, 36, 37, 38, 39, 40, 41, 44, 45, 48, 49, 52], "summary": {"covered_lines": 32, "num_statements": 32, "percent_covered": 100.0, "percent_covered_display": "100", "missing_lines": 0, "excluded_lines": 0, "percent_statements_covered": 100.0, "percent_statements_covered_display": "100", "num_branches": 0, "num_partial_branches": 0, "covered_branches": 0, "missing_branches": 0, "percent_branches_covered": 100.0, "percent_branches_covered_display": "100"}, "missing_lines": [], "excluded_lines": [], "start_line": 1, "executed_branches": [], "missing_branches": []}}}, "src/supabase_proxy.py": {"executed_lines": [6, 8, 9, 10, 11, 12, 15, 16, 18, 21, 23, 24, 30, 33, 35, 36, 38, 41, 42, 44, 101, 111, 112, 113, 117, 119, 121, 123, 124, 125, 130, 143, 144, 145, 146, 147, 148, 149, 154, 163, 164, 166, 167, 168, 169, 170, 171, 172, 173, 180, 189, 190, 191, 206, 208, 209, 210, 215, 250, 259, 260, 261, 266, 267, 269, 271, 295, 304, 305, 306, 310, 311, 312, 316, 319, 322, 323, 324], "summary": {"covered_lines": 78, "num_statements": 131, "percent_covered": 57.93103448275862, "percent_covered_display": "58", "missing_lines": 53, "excluded_lines": 0, "percent_statements_covered": 59.541984732824424, "percent_statements_covered_display": "60", "num_branches": 14, "num_partial_branches": 2, "covered_branches": 6, "missing_branches": 8, "percent_branches_covered": 42.857142857142854, "percent_branches_covered_display": "43"}, "missing_lines": [39, 55, 56, 57, 64, 66, 68, 70, 71, 72, 77, 90, 91, 92, 93, 94, 95, 96, 174, 175, 193, 194, 195, 200, 201, 207, 224, 225, 226, 228, 229, 230, 235, 236, 241, 242, 243, 244, 245, 264, 265, 281, 282, 284, 285, 286, 287, 288, 289, 290, 307, 308, 309], "excluded_lines": [], "executed_branches": [[38, 41], [123, 124], [123, 130], [171, 172], [322, 323], [322, 324]], "missing_branches": [[38, 39], [70, 71], [70, 77], [171, 174], [193, 194], [193, 200], [228, 229], [228, 235]], "functions": {"_is_session_not_found_error": {"executed_lines": [23, 24], "summary": {"covered_lines": 2, "num_statements": 2, "percent_covered": 100.0, "percent_covered_display": "100", "missing_lines": 0, "excluded_lines": 0, "percent_statements_covered": 100.0, "percent_statements_covered_display": "100", "num_branches": 0, "num_partial_branches": 0, "covered_branches": 0, "missing_branches": 0, "percent_branches_covered": 100.0, "percent_branches_covered_display": "100"}, "missing_lines": [], "excluded_lines": [], "start_line": 21, "executed_branches": [], "missing_branches": []}, "SupabaseAuthProxy.__init__": {"executed_lines": [35, 36, 38, 41, 42], "summary": {"covered_lines": 5, "num_statements": 6, "percent_covered": 75.0, "percent_covered_display": "75", "missing_lines": 1, "excluded_lines": 0, "percent_statements_covered": 83.33333333333333, "percent_statements_covered_display": "83", "num_branches": 2, "num_partial_branches": 1, "covered_branches": 1, "missing_branches": 1, "percent_branches_covered": 50.0, "percent_branches_covered_display": "50"}, "missing_lines": [39], "excluded_lines": [], "start_line": 33, "executed_branches": [[38, 41]], "missing_branches": [[38, 39]]}, "SupabaseAuthProxy.sign_up": {"executed_lines": [], "summary": {"covered_lines": 0, "num_statements": 17, "percent_covered": 0.0, "percent_covered_display": "0", "missing_lines": 17, "excluded_lines": 0, "percent_statements_covered": 0.0, "percent_statements_covered_display": "0", "num_branches": 2, "num_partial_branches": 0, "covered_branches": 0, "missing_branches": 2, "percent_branches_covered": 0.0, "percent_branches_covered_display": "0"}, "missing_lines": [55, 56, 57, 64, 66, 68, 70, 71, 72, 77, 90, 91, 92, 93, 94, 95, 96], "excluded_lines": [], "start_line": 44, "executed_branches": [], "missing_branches": [[70, 71], [70, 77]]}, "SupabaseAuthProxy.sign_in": {"executed_lines": [111, 112, 113, 117, 119, 121, 123, 124, 125, 130, 143, 144, 145, 146, 147, 148, 149], "summary": {"covered_lines": 17, "num_statements": 17, "percent_covered": 100.0, "percent_covered_display": "100", "missing_lines": 0, "excluded_lines": 0, "percent_statements_covered": 100.0, "percent_statements_covered_display": "100", "num_branches": 2, "num_partial_branches": 0, "covered_branches": 2, "missing_branches": 0, "percent_branches_covered": 100.0, "percent_branches_covered_display": "100"}, "missing_lines": [], "excluded_lines": [], "start_line": 101, "executed_branches": [[123, 124], [123, 130]], "missing_branches": []}, "SupabaseAuthProxy.sign_out": {"executed_lines": [163, 164, 166, 167, 168, 169, 170, 171, 172, 173], "summary": {"covered_lines": 10, "num_statements": 12, "percent_covered": 78.57142857142857, "percent_covered_display": "79", "missing_lines": 2, "excluded_lines": 0, "percent_statements_covered": 83.33333333333333, "percent_statements_covered_display": "83", "num_branches": 2, "num_partial_branches": 1, "covered_branches": 1, "missing_branches": 1, "percent_branches_covered": 50.0, "percent_branches_covered_display": "50"}, "missing_lines": [174, 175], "excluded_lines": [], "start_line": 154, "executed_branches": [[171, 172]], "missing_branches": [[171, 174]]}, "SupabaseAuthProxy.get_user": {"executed_lines": [189, 190, 191, 206, 208, 209, 210], "summary": {"covered_lines": 7, "num_statements": 13, "percent_covered": 46.666666666666664, "percent_covered_display": "47", "missing_lines": 6, "excluded_lines": 0, "percent_statements_covered": 53.84615384615385, "percent_statements_covered_display": "54", "num_branches": 2, "num_partial_branches": 0, "covered_branches": 0, "missing_branches": 2, "percent_branches_covered": 0.0, "percent_branches_covered_display": "0"}, "missing_lines": [193, 194, 195, 200, 201, 207], "excluded_lines": [], "start_line": 180, "executed_branches": [], "missing_branches": [[193, 194], [193, 200]]}, "SupabaseAuthProxy.refresh_session": {"executed_lines": [], "summary": {"covered_lines": 0, "num_statements": 13, "percent_covered": 0.0, "percent_covered_display": "0", "missing_lines": 13, "excluded_lines": 0, "percent_statements_covered": 0.0, "percent_statements_covered_display": "0", "num_branches": 2, "num_partial_branches": 0, "covered_branches": 0, "missing_branches": 2, "percent_branches_covered": 0.0, "percent_branches_covered_display": "0"}, "missing_lines": [224, 225, 226, 228, 229, 230, 235, 236, 241, 242, 243, 244, 245], "excluded_lines": [], "start_line": 215, "executed_branches": [], "missing_branches": [[228, 229], [228, 235]]}, "SupabaseAuthProxy.reset_password_email": {"executed_lines": [259, 260, 261, 266, 267, 269], "summary": {"covered_lines": 6, "num_statements": 8, "percent_covered": 75.0, "percent_covered_display": "75", "missing_lines": 2, "excluded_lines": 0, "percent_statements_covered": 75.0, "percent_statements_covered_display": "75", "num_branches": 0, "num_partial_branches": 0, "covered_branches": 0, "missing_branches": 0, "percent_branches_covered": 100.0, "percent_branches_covered_display": "100"}, "missing_lines": [264, 265], "excluded_lines": [], "start_line": 250, "executed_branches": [], "missing_branches": []}, "SupabaseAuthProxy.update_password": {"executed_lines": [], "summary": {"covered_lines": 0, "num_statements": 9, "percent_covered": 0.0, "percent_covered_display": "0", "missing_lines": 9, "excluded_lines": 0, "percent_statements_covered": 0.0, "percent_statements_covered_display": "0", "num_branches": 0, "num_partial_branches": 0, "covered_branches": 0, "missing_branches": 0, "percent_branches_covered": 100.0, "percent_branches_covered_display": "100"}, "missing_lines": [281, 282, 284, 285, 286, 287, 288, 289, 290], "excluded_lines": [], "start_line": 271, "executed_branches": [], "missing_branches": []}, "SupabaseAuthProxy.verify_token": {"executed_lines": [304, 305, 306, 310, 311, 312], "summary": {"covered_lines": 6, "num_statements": 9, "percent_covered": 66.66666666666667, "percent_covered_display": "67", "missing_lines": 3, "excluded_lines": 0, "percent_statements_covered": 66.66666666666667, "percent_statements_covered_display": "67", "num_branches": 0, "num_partial_branches": 0, "covered_branches": 0, "missing_branches": 0, "percent_branches_covered": 100.0, "percent_branches_covered_display": "100"}, "missing_lines": [307, 308, 309], "excluded_lines": [], "start_line": 295, "executed_branches": [], "missing_branches": []}, "get_supabase_proxy": {"executed_lines": [322, 323, 324], "summary": {"covered_lines": 3, "num_statements": 3, "percent_covered": 100.0, "percent_covered_display": "100", "missing_lines": 0, "excluded_lines": 0, "percent_statements_covered": 100.0, "percent_statements_covered_display": "100", "num_branches": 2, "num_partial_branches": 0, "covered_branches": 2, "missing_branches": 0, "percent_branches_covered": 100.0, "percent_branches_covered_display": "100"}, "missing_lines": [], "excluded_lines": [], "start_line": 319, "executed_branches": [[322, 323], [322, 324]], "missing_branches": []}, "": {"executed_lines": [6, 8, 9, 10, 11, 12, 15, 16, 18, 21, 30, 33, 44, 101, 154, 180, 215, 250, 271, 295, 316, 319], "summary": {"covered_lines": 22, "num_statements": 22, "percent_covered": 100.0, "percent_covered_display": "100", "missing_lines": 0, "excluded_lines": 0, "percent_statements_covered": 100.0, "percent_statements_covered_display": "100", "num_branches": 0, "num_partial_branches": 0, "covered_branches": 0, "missing_branches": 0, "percent_branches_covered": 100.0, "percent_branches_covered_display": "100"}, "missing_lines": [], "excluded_lines": [], "start_line": 1, "executed_branches": [], "missing_branches": []}}, "classes": {"SupabaseAuthProxy": {"executed_lines": [35, 36, 38, 41, 42, 111, 112, 113, 117, 119, 121, 123, 124, 125, 130, 143, 144, 145, 146, 147, 148, 149, 163, 164, 166, 167, 168, 169, 170, 171, 172, 173, 189, 190, 191, 206, 208, 209, 210, 259, 260, 261, 266, 267, 269, 304, 305, 306, 310, 311, 312], "summary": {"covered_lines": 51, "num_statements": 104, "percent_covered": 47.41379310344828, "percent_covered_display": "47", "missing_lines": 53, "excluded_lines": 0, "percent_statements_covered": 49.03846153846154, "percent_statements_covered_display": "49", "num_branches": 12, "num_partial_branches": 2, "covered_branches": 4, "missing_branches": 8, "percent_branches_covered": 33.333333333333336, "percent_branches_covered_display": "33"}, "missing_lines": [39, 55, 56, 57, 64, 66, 68, 70, 71, 72, 77, 90, 91, 92, 93, 94, 95, 96, 174, 175, 193, 194, 195, 200, 201, 207, 224, 225, 226, 228, 229, 230, 235, 236, 241, 242, 243, 244, 245, 264, 265, 281, 282, 284, 285, 286, 287, 288, 289, 290, 307, 308, 309], "excluded_lines": [], "start_line": 30, "executed_branches": [[38, 41], [123, 124], [123, 130], [171, 172]], "missing_branches": [[38, 39], [70, 71], [70, 77], [171, 174], [193, 194], [193, 200], [228, 229], [228, 235]]}, "": {"executed_lines": [6, 8, 9, 10, 11, 12, 15, 16, 18, 21, 23, 24, 30, 33, 44, 101, 154, 180, 215, 250, 271, 295, 316, 319, 322, 323, 324], "summary": {"covered_lines": 27, "num_statements": 27, "percent_covered": 100.0, "percent_covered_display": "100", "missing_lines": 0, "excluded_lines": 0, "percent_statements_covered": 100.0, "percent_statements_covered_display": "100", "num_branches": 2, "num_partial_branches": 0, "covered_branches": 2, "missing_branches": 0, "percent_branches_covered": 100.0, "percent_branches_covered_display": "100"}, "missing_lines": [], "excluded_lines": [], "start_line": 1, "executed_branches": [[322, 323], [322, 324]], "missing_branches": []}}}}, "totals": {"covered_lines": 395, "num_statements": 699, "percent_covered": 53.9622641509434, "percent_covered_display": "54", "missing_lines": 304, "excluded_lines": 0, "percent_statements_covered": 56.509298998569385, "percent_statements_covered_display": "57", "num_branches": 96, "num_partial_branches": 6, "covered_branches": 34, "missing_branches": 62, "percent_branches_covered": 35.416666666666664, "percent_branches_covered_display": "35"}}